<?xml version="1.0" encoding="utf-8"?><testsuites name="pytest tests"><testsuite name="pytest" errors="0" failures="0" skipped="0" tests="99" time="124.507" timestamp="2026-09-07T05:16:45.696157+00:00" hostname="localhost"><testcase classname="experience-lab.tests.test_browser" name="test_each_registered_widget_renders[light-tables]" time="3.758" /><testcase classname="experience-lab.tests.test_browser" name="test_each_registered_widget_renders[light-boards]" time="1.019" /><testcase classname="experience-lab.tests.test_browser" name="test_each_registered_widget_renders[light-gantt]" time="1.028" /><testcase classname="experience-lab.tests.test_browser" name="test_each_registered_widget_renders[light-calendar]" time="1.001" /><testcase classname="experience-lab.tests.test_browser" name="test_each_registered_widget_renders[light-timeline]" time="0.953" /><testcase classname="experience-lab.tests.test_browser" name="test_each_registered_widget_renders[light-rack]" time="1.023" /><testcase classname="experience-lab.tests.test_browser" name="test_each_registered_widget_renders[light-wafer]" time="1.115" /><testcase classname="experience-lab.tests.test_browser" name="test_each_registered_widget_renders[light-process]" time="0.931" /><testcase classname="experience-lab.tests.test_browser" name="test_each_registered_widget_renders[light-charts]" time="1.012" /><testcase classname="experience-lab.tests.test_browser" name="test_each_registered_widget_renders[light-topology]" time="0.967" /><testcase classname="experience-lab.tests.test_browser" name="test_each_registered_widget_renders[light-traces]" time="0.990" /><testcase classname="experience-lab.tests.test_browser" name="test_each_registered_widget_renders[light-logs]" time="1.225" /><testcase classname="experience-lab.tests.test_browser" name="test_each_registered_widget_renders[light-diff]" time="1.031" /><testcase classname="experience-lab.tests.test_browser" name="test_each_registered_widget_renders[light-forms]" time="1.045" /><testcase classname="experience-lab.tests.test_browser" name="test_each_registered_widget_renders[light-windows]" time="0.943" /><testcase classname="experience-lab.tests.test_browser" name="test_each_registered_widget_renders[light-json]" time="0.850" /><testcase classname="experience-lab.tests.test_browser" name="test_each_registered_widget_renders[light-carrier]" time="0.995" /><testcase classname="experience-lab.tests.test_browser" name="test_each_registered_widget_renders[light-traveler]" time="0.986" /><testcase classname="experience-lab.tests.test_browser" name="test_each_registered_widget_renders[light-floorplan]" time="0.968" /><testcase classname="experience-lab.tests.test_browser" name="test_each_registered_widget_renders[light-permissions]" time="0.975" /><testcase classname="experience-lab.tests.test_browser" name="test_each_registered_widget_renders[light-split]" time="0.949" /><testcase classname="experience-lab.tests.test_browser" name="test_each_registered_widget_renders[light-pipeline]" time="1.032" /><testcase classname="experience-lab.tests.test_browser" name="test_each_registered_widget_renders[light-notifications]" time="1.036" /><testcase classname="experience-lab.tests.test_browser" name="test_each_registered_widget_renders[dark-tables]" time="1.153" /><testcase classname="experience-lab.tests.test_browser" name="test_each_registered_widget_renders[dark-boards]" time="1.178" /><testcase classname="experience-lab.tests.test_browser" name="test_each_registered_widget_renders[dark-gantt]" time="1.173" /><testcase classname="experience-lab.tests.test_browser" name="test_each_registered_widget_renders[dark-calendar]" time="1.335" /><testcase classname="experience-lab.tests.test_browser" name="test_each_registered_widget_renders[dark-timeline]" time="1.245" /><testcase classname="experience-lab.tests.test_browser" name="test_each_registered_widget_renders[dark-rack]" time="1.413" /><testcase classname="experience-lab.tests.test_browser" name="test_each_registered_widget_renders[dark-wafer]" time="1.333" /><testcase classname="experience-lab.tests.test_browser" name="test_each_registered_widget_renders[dark-process]" time="1.198" /><testcase classname="experience-lab.tests.test_browser" name="test_each_registered_widget_renders[dark-charts]" time="1.184" /><testcase classname="experience-lab.tests.test_browser" name="test_each_registered_widget_renders[dark-topology]" time="1.265" /><testcase classname="experience-lab.tests.test_browser" name="test_each_registered_widget_renders[dark-traces]" time="1.171" /><testcase classname="experience-lab.tests.test_browser" name="test_each_registered_widget_renders[dark-logs]" time="1.179" /><testcase classname="experience-lab.tests.test_browser" name="test_each_registered_widget_renders[dark-diff]" time="1.129" /><testcase classname="experience-lab.tests.test_browser" name="test_each_registered_widget_renders[dark-forms]" time="1.109" /><testcase classname="experience-lab.tests.test_browser" name="test_each_registered_widget_renders[dark-windows]" time="1.160" /><testcase classname="experience-lab.tests.test_browser" name="test_each_registered_widget_renders[dark-json]" time="1.039" /><testcase classname="experience-lab.tests.test_browser" name="test_each_registered_widget_renders[dark-carrier]" time="0.963" /><testcase classname="experience-lab.tests.test_browser" name="test_each_registered_widget_renders[dark-traveler]" time="1.070" /><testcase classname="experience-lab.tests.test_browser" name="test_each_registered_widget_renders[dark-floorplan]" time="0.971" /><testcase classname="experience-lab.tests.test_browser" name="test_each_registered_widget_renders[dark-permissions]" time="1.049" /><testcase classname="experience-lab.tests.test_browser" name="test_each_registered_widget_renders[dark-split]" time="0.962" /><testcase classname="experience-lab.tests.test_browser" name="test_each_registered_widget_renders[dark-pipeline]" time="0.918" /><testcase classname="experience-lab.tests.test_browser" name="test_each_registered_widget_renders[dark-notifications]" time="1.164" /><testcase classname="experience-lab.tests.test_browser" name="test_shared_loading_empty_error_contract[tables]" time="1.243" /><testcase classname="experience-lab.tests.test_browser" name="test_shared_loading_empty_error_contract[gantt]" time="1.173" /><testcase classname="experience-lab.tests.test_browser" name="test_shared_loading_empty_error_contract[rack]" time="1.191" /><testcase classname="experience-lab.tests.test_browser" name="test_shared_loading_empty_error_contract[wafer]" time="1.257" /><testcase classname="experience-lab.tests.test_browser" name="test_shared_loading_empty_error_contract[windows]" time="1.154" /><testcase classname="experience-lab.tests.test_browser" name="test_shared_loading_empty_error_contract[carrier]" time="1.263" /><testcase classname="experience-lab.tests.test_browser" name="test_shared_loading_empty_error_contract[process]" time="1.375" /><testcase classname="experience-lab.tests.test_browser" name="test_table_search_filter_sort_selection_archive" time="1.568" /><testcase classname="experience-lab.tests.test_browser" name="test_table_page_scopes_bulk_selection" time="0.985" /><testcase classname="experience-lab.tests.test_browser" name="test_table_external_text_is_escaped" time="0.933" /><testcase classname="experience-lab.tests.test_browser" name="test_board_keyboard_equivalent_and_readonly" time="0.907" /><testcase classname="experience-lab.tests.test_browser" name="test_gantt_rejects_overlap_and_applies_safe_dates" time="1.131" /><testcase classname="experience-lab.tests.test_browser" name="test_rack_rejects_collision_and_moves" time="1.076" /><testcase classname="experience-lab.tests.test_browser" name="test_wafer_filter_keyboard_and_details" time="1.486" /><testcase classname="experience-lab.tests.test_browser" name="test_calendar_add_and_month_boundary" time="1.036" /><testcase classname="experience-lab.tests.test_browser" name="test_windows_dirty_escape_focus_and_wizard_draft" time="5.281" /><testcase classname="experience-lab.tests.test_browser" name="test_all_window_types_close_and_trap_focus" time="5.566" /><testcase classname="experience-lab.tests.test_browser" name="test_theme_switch_preserves_unsaved_input" time="1.062" /><testcase classname="experience-lab.tests.test_browser" name="test_carrier_reassignment_retains_uniqueness" time="1.066" /><testcase classname="experience-lab.tests.test_browser" name="test_traveler_rejects_skipping_and_completes_step" time="1.076" /><testcase classname="experience-lab.tests.test_browser" name="test_notifications_and_permission_readonly" time="1.283" /><testcase classname="experience-lab.tests.test_browser" name="test_split_keyboard_resize" time="0.942" /><testcase classname="experience-lab.tests.test_browser" name="test_json_validates_without_execution" time="1.116" /><testcase classname="experience-lab.tests.test_browser" name="test_command_palette_and_tab_keyboard" time="1.724" /><testcase classname="experience-lab.tests.test_browser" name="test_mobile_page_has_no_document_overflow[overview]" time="1.043" /><testcase classname="experience-lab.tests.test_browser" name="test_mobile_page_has_no_document_overflow[tables]" time="1.037" /><testcase classname="experience-lab.tests.test_browser" name="test_mobile_page_has_no_document_overflow[windows]" time="0.939" /><testcase classname="experience-lab.tests.test_browser" name="test_mobile_page_has_no_document_overflow[wafer]" time="1.010" /><testcase classname="experience-lab.tests.test_browser" name="test_mobile_page_has_no_document_overflow[rack]" time="0.994" /><testcase classname="experience-lab.tests.test_browser" name="test_mobile_page_has_no_document_overflow[gantt]" time="1.068" /><testcase classname="experience-lab.tests.test_browser" name="test_mobile_page_has_no_document_overflow[carrier]" time="0.974" /><testcase classname="experience-lab.tests.test_browser" name="test_mobile_page_has_no_document_overflow[floorplan]" time="1.037" /><testcase classname="experience-lab.tests.test_browser" name="test_mobile_page_has_no_document_overflow[themes]" time="0.950" /><testcase classname="experience-lab.tests.test_browser" name="test_visual_evidence[light-overview]" time="1.482" /><testcase classname="experience-lab.tests.test_browser" name="test_visual_evidence[light-gantt]" time="1.150" /><testcase classname="experience-lab.tests.test_browser" name="test_visual_evidence[light-rack]" time="1.287" /><testcase classname="experience-lab.tests.test_browser" name="test_visual_evidence[light-wafer]" time="1.296" /><testcase classname="experience-lab.tests.test_browser" name="test_visual_evidence[light-windows]" time="1.133" /><testcase classname="experience-lab.tests.test_browser" name="test_visual_evidence[light-carrier]" time="1.315" /><testcase classname="experience-lab.tests.test_browser" name="test_visual_evidence[light-floorplan]" time="1.255" /><testcase classname="experience-lab.tests.test_browser" name="test_visual_evidence[light-themes]" time="1.227" /><testcase classname="experience-lab.tests.test_browser" name="test_visual_evidence[dark-overview]" time="1.469" /><testcase classname="experience-lab.tests.test_browser" name="test_visual_evidence[dark-gantt]" time="1.394" /><testcase classname="experience-lab.tests.test_browser" name="test_visual_evidence[dark-rack]" time="1.462" /><testcase classname="experience-lab.tests.test_browser" name="test_visual_evidence[dark-wafer]" time="1.328" /><testcase classname="experience-lab.tests.test_browser" name="test_visual_evidence[dark-windows]" time="1.362" /><testcase classname="experience-lab.tests.test_browser" name="test_visual_evidence[dark-carrier]" time="1.439" /><testcase classname="experience-lab.tests.test_browser" name="test_visual_evidence[dark-floorplan]" time="1.508" /><testcase classname="experience-lab.tests.test_browser" name="test_visual_evidence[dark-themes]" time="1.431" /><testcase classname="experience-lab.tests.test_browser" name="test_custom_presentation_without_kernel_changes" time="1.469" /><testcase classname="experience-lab.tests.test_browser" name="test_two_topologies_do_not_duplicate_svg_ids" time="1.008" /><testcase classname="experience-lab.tests.test_browser" name="test_wafer_labels_match_screen_coordinate_orientation" time="0.999" /><testcase classname="experience-lab.tests.test_browser" name="test_trace_status_uses_external_model_instead_of_success_constant" time="1.080" /></testsuite></testsuites>