<?xml version="1.0" encoding="utf-8"?><testsuites name="pytest tests"><testsuite name="pytest" errors="0" failures="0" skipped="0" tests="99" time="22.350" timestamp="2026-09-09T22:59:06.345814-05:00" hostname="HaeBook-Pro-M3.local"><testcase classname="experience-lab.tests.test_browser" name="test_each_registered_widget_renders[light-tables]" time="1.140" /><testcase classname="experience-lab.tests.test_browser" name="test_each_registered_widget_renders[light-boards]" time="0.176" /><testcase classname="experience-lab.tests.test_browser" name="test_each_registered_widget_renders[light-gantt]" time="0.151" /><testcase classname="experience-lab.tests.test_browser" name="test_each_registered_widget_renders[light-calendar]" time="0.129" /><testcase classname="experience-lab.tests.test_browser" name="test_each_registered_widget_renders[light-timeline]" time="0.132" /><testcase classname="experience-lab.tests.test_browser" name="test_each_registered_widget_renders[light-rack]" time="0.122" /><testcase classname="experience-lab.tests.test_browser" name="test_each_registered_widget_renders[light-wafer]" time="0.128" /><testcase classname="experience-lab.tests.test_browser" name="test_each_registered_widget_renders[light-process]" time="0.124" /><testcase classname="experience-lab.tests.test_browser" name="test_each_registered_widget_renders[light-charts]" time="0.126" /><testcase classname="experience-lab.tests.test_browser" name="test_each_registered_widget_renders[light-topology]" time="0.138" /><testcase classname="experience-lab.tests.test_browser" name="test_each_registered_widget_renders[light-traces]" time="0.143" /><testcase classname="experience-lab.tests.test_browser" name="test_each_registered_widget_renders[light-logs]" time="0.135" /><testcase classname="experience-lab.tests.test_browser" name="test_each_registered_widget_renders[light-diff]" time="0.145" /><testcase classname="experience-lab.tests.test_browser" name="test_each_registered_widget_renders[light-forms]" time="0.132" /><testcase classname="experience-lab.tests.test_browser" name="test_each_registered_widget_renders[light-windows]" time="0.130" /><testcase classname="experience-lab.tests.test_browser" name="test_each_registered_widget_renders[light-json]" time="0.116" /><testcase classname="experience-lab.tests.test_browser" name="test_each_registered_widget_renders[light-carrier]" time="0.120" /><testcase classname="experience-lab.tests.test_browser" name="test_each_registered_widget_renders[light-traveler]" time="0.162" /><testcase classname="experience-lab.tests.test_browser" name="test_each_registered_widget_renders[light-floorplan]" time="0.134" /><testcase classname="experience-lab.tests.test_browser" name="test_each_registered_widget_renders[light-permissions]" time="0.127" /><testcase classname="experience-lab.tests.test_browser" name="test_each_registered_widget_renders[light-split]" time="0.123" /><testcase classname="experience-lab.tests.test_browser" name="test_each_registered_widget_renders[light-pipeline]" time="0.118" /><testcase classname="experience-lab.tests.test_browser" name="test_each_registered_widget_renders[light-notifications]" time="0.120" /><testcase classname="experience-lab.tests.test_browser" name="test_each_registered_widget_renders[dark-tables]" time="0.208" /><testcase classname="experience-lab.tests.test_browser" name="test_each_registered_widget_renders[dark-boards]" time="0.165" /><testcase classname="experience-lab.tests.test_browser" name="test_each_registered_widget_renders[dark-gantt]" time="0.165" /><testcase classname="experience-lab.tests.test_browser" name="test_each_registered_widget_renders[dark-calendar]" time="0.182" /><testcase classname="experience-lab.tests.test_browser" name="test_each_registered_widget_renders[dark-timeline]" time="0.176" /><testcase classname="experience-lab.tests.test_browser" name="test_each_registered_widget_renders[dark-rack]" time="0.182" /><testcase classname="experience-lab.tests.test_browser" name="test_each_registered_widget_renders[dark-wafer]" time="0.168" /><testcase classname="experience-lab.tests.test_browser" name="test_each_registered_widget_renders[dark-process]" time="0.179" /><testcase classname="experience-lab.tests.test_browser" name="test_each_registered_widget_renders[dark-charts]" time="0.173" /><testcase classname="experience-lab.tests.test_browser" name="test_each_registered_widget_renders[dark-topology]" time="0.170" /><testcase classname="experience-lab.tests.test_browser" name="test_each_registered_widget_renders[dark-traces]" time="0.167" /><testcase classname="experience-lab.tests.test_browser" name="test_each_registered_widget_renders[dark-logs]" time="0.191" /><testcase classname="experience-lab.tests.test_browser" name="test_each_registered_widget_renders[dark-diff]" time="0.162" /><testcase classname="experience-lab.tests.test_browser" name="test_each_registered_widget_renders[dark-forms]" time="0.167" /><testcase classname="experience-lab.tests.test_browser" name="test_each_registered_widget_renders[dark-windows]" time="0.167" /><testcase classname="experience-lab.tests.test_browser" name="test_each_registered_widget_renders[dark-json]" time="0.169" /><testcase classname="experience-lab.tests.test_browser" name="test_each_registered_widget_renders[dark-carrier]" time="0.162" /><testcase classname="experience-lab.tests.test_browser" name="test_each_registered_widget_renders[dark-traveler]" time="0.165" /><testcase classname="experience-lab.tests.test_browser" name="test_each_registered_widget_renders[dark-floorplan]" time="0.202" /><testcase classname="experience-lab.tests.test_browser" name="test_each_registered_widget_renders[dark-permissions]" time="0.187" /><testcase classname="experience-lab.tests.test_browser" name="test_each_registered_widget_renders[dark-split]" time="0.188" /><testcase classname="experience-lab.tests.test_browser" name="test_each_registered_widget_renders[dark-pipeline]" time="0.169" /><testcase classname="experience-lab.tests.test_browser" name="test_each_registered_widget_renders[dark-notifications]" time="0.168" /><testcase classname="experience-lab.tests.test_browser" name="test_shared_loading_empty_error_contract[tables]" time="0.159" /><testcase classname="experience-lab.tests.test_browser" name="test_shared_loading_empty_error_contract[gantt]" time="0.165" /><testcase classname="experience-lab.tests.test_browser" name="test_shared_loading_empty_error_contract[rack]" time="0.197" /><testcase classname="experience-lab.tests.test_browser" name="test_shared_loading_empty_error_contract[wafer]" time="0.388" /><testcase classname="experience-lab.tests.test_browser" name="test_shared_loading_empty_error_contract[windows]" time="0.383" /><testcase classname="experience-lab.tests.test_browser" name="test_shared_loading_empty_error_contract[carrier]" time="0.247" /><testcase classname="experience-lab.tests.test_browser" name="test_shared_loading_empty_error_contract[process]" time="0.386" /><testcase classname="experience-lab.tests.test_browser" name="test_table_search_filter_sort_selection_archive" time="0.352" /><testcase classname="experience-lab.tests.test_browser" name="test_table_page_scopes_bulk_selection" time="0.256" /><testcase classname="experience-lab.tests.test_browser" name="test_table_external_text_is_escaped" time="0.305" /><testcase classname="experience-lab.tests.test_browser" name="test_board_keyboard_equivalent_and_readonly" time="0.183" /><testcase classname="experience-lab.tests.test_browser" name="test_gantt_rejects_overlap_and_applies_safe_dates" time="0.378" /><testcase classname="experience-lab.tests.test_browser" name="test_rack_rejects_collision_and_moves" time="0.442" /><testcase classname="experience-lab.tests.test_browser" name="test_wafer_filter_keyboard_and_details" time="0.260" /><testcase classname="experience-lab.tests.test_browser" name="test_calendar_add_and_month_boundary" time="0.217" /><testcase classname="experience-lab.tests.test_browser" name="test_windows_dirty_escape_focus_and_wizard_draft" time="0.741" /><testcase classname="experience-lab.tests.test_browser" name="test_all_window_types_close_and_trap_focus" time="1.146" /><testcase classname="experience-lab.tests.test_browser" name="test_theme_switch_preserves_unsaved_input" time="0.293" /><testcase classname="experience-lab.tests.test_browser" name="test_carrier_reassignment_retains_uniqueness" time="0.227" /><testcase classname="experience-lab.tests.test_browser" name="test_traveler_rejects_skipping_and_completes_step" time="0.235" /><testcase classname="experience-lab.tests.test_browser" name="test_notifications_and_permission_readonly" time="0.251" /><testcase classname="experience-lab.tests.test_browser" name="test_split_keyboard_resize" time="0.145" /><testcase classname="experience-lab.tests.test_browser" name="test_json_validates_without_execution" time="0.218" /><testcase classname="experience-lab.tests.test_browser" name="test_command_palette_and_tab_keyboard" time="0.326" /><testcase classname="experience-lab.tests.test_browser" name="test_mobile_page_has_no_document_overflow[overview]" time="0.133" /><testcase classname="experience-lab.tests.test_browser" name="test_mobile_page_has_no_document_overflow[tables]" time="0.139" /><testcase classname="experience-lab.tests.test_browser" name="test_mobile_page_has_no_document_overflow[windows]" time="0.154" /><testcase classname="experience-lab.tests.test_browser" name="test_mobile_page_has_no_document_overflow[wafer]" time="0.161" /><testcase classname="experience-lab.tests.test_browser" name="test_mobile_page_has_no_document_overflow[rack]" time="0.131" /><testcase classname="experience-lab.tests.test_browser" name="test_mobile_page_has_no_document_overflow[gantt]" time="0.209" /><testcase classname="experience-lab.tests.test_browser" name="test_mobile_page_has_no_document_overflow[carrier]" time="0.157" /><testcase classname="experience-lab.tests.test_browser" name="test_mobile_page_has_no_document_overflow[floorplan]" time="0.122" /><testcase classname="experience-lab.tests.test_browser" name="test_mobile_page_has_no_document_overflow[themes]" time="0.138" /><testcase classname="experience-lab.tests.test_browser" name="test_visual_evidence[light-overview]" time="0.345" /><testcase classname="experience-lab.tests.test_browser" name="test_visual_evidence[light-gantt]" time="0.183" /><testcase classname="experience-lab.tests.test_browser" name="test_visual_evidence[light-rack]" time="0.292" /><testcase classname="experience-lab.tests.test_browser" name="test_visual_evidence[light-wafer]" time="0.180" /><testcase classname="experience-lab.tests.test_browser" name="test_visual_evidence[light-windows]" time="0.213" /><testcase classname="experience-lab.tests.test_browser" name="test_visual_evidence[light-carrier]" time="0.175" /><testcase classname="experience-lab.tests.test_browser" name="test_visual_evidence[light-floorplan]" time="0.190" /><testcase classname="experience-lab.tests.test_browser" name="test_visual_evidence[light-themes]" time="0.174" /><testcase classname="experience-lab.tests.test_browser" name="test_visual_evidence[dark-overview]" time="0.286" /><testcase classname="experience-lab.tests.test_browser" name="test_visual_evidence[dark-gantt]" time="0.329" /><testcase classname="experience-lab.tests.test_browser" name="test_visual_evidence[dark-rack]" time="0.231" /><testcase classname="experience-lab.tests.test_browser" name="test_visual_evidence[dark-wafer]" time="0.238" /><testcase classname="experience-lab.tests.test_browser" name="test_visual_evidence[dark-windows]" time="0.232" /><testcase classname="experience-lab.tests.test_browser" name="test_visual_evidence[dark-carrier]" time="0.248" /><testcase classname="experience-lab.tests.test_browser" name="test_visual_evidence[dark-floorplan]" time="0.248" /><testcase classname="experience-lab.tests.test_browser" name="test_visual_evidence[dark-themes]" time="0.250" /><testcase classname="experience-lab.tests.test_browser" name="test_custom_presentation_without_kernel_changes" time="0.227" /><testcase classname="experience-lab.tests.test_browser" name="test_two_topologies_do_not_duplicate_svg_ids" time="0.142" /><testcase classname="experience-lab.tests.test_browser" name="test_wafer_labels_match_screen_coordinate_orientation" time="0.147" /><testcase classname="experience-lab.tests.test_browser" name="test_trace_status_uses_external_model_instead_of_success_constant" time="0.565" /></testsuite></testsuites>