<?xml version="1.0" encoding="utf-8"?><testsuites name="pytest tests"><testsuite name="pytest" errors="0" failures="0" skipped="0" tests="4" time="1.285" timestamp="2026-09-12T14:30:11.289921-05:00" hostname="HaeBook-Pro-M3.local"><testcase classname="experience-lab.tests.test_browser" name="test_uiqa_shared_lab_semantic_contrast[False-light]" time="0.388" /><testcase classname="experience-lab.tests.test_browser" name="test_uiqa_shared_lab_semantic_contrast[False-dark]" time="0.163" /><testcase classname="experience-lab.tests.test_browser" name="test_uiqa_shared_lab_semantic_contrast[True-light]" time="0.149" /><testcase classname="experience-lab.tests.test_browser" name="test_uiqa_shared_lab_semantic_contrast[True-dark]" time="0.549" /></testsuite></testsuites>