<?xml version='1.0' encoding='utf-8'?>
<testsuite name="backend-sharded" tests="289" failures="0" errors="0" skipped="0" time="103.874"><testcase classname="tests.test_analytics_semiconductor" name="test_process_measurement_spec_contract_and_equipment_link" time="0.452" /><testcase classname="tests.test_analytics_semiconductor" name="test_wafer_server_owns_yield_and_rejects_bad_coordinates" time="0.432" /><testcase classname="tests.test_analytics_semiconductor" name="test_lot_route_state_duration_recipe_and_cross_links" time="0.547" /><testcase classname="tests.test_analytics_semiconductor" name="test_server_owned_computed_duration_persists_through_update_and_revert" time="0.505" /><testcase classname="tests.test_analytics_semiconductor" name="test_semiconductor_workspace_definitions_expose_pack_projections" time="0.231" /><testcase classname="tests.test_diagram_designer" name="test_diagram_counts_and_graph_integrity_are_server_owned" time="0.538" /><testcase classname="tests.test_diagram_designer" name="test_diagram_update_and_revert_revalidate_graph_and_counts" time="0.482" /><testcase classname="tests.test_diagram_designer" name="test_diagram_rejects_unsafe_ids_coordinates_and_viewport" time="1.134" /><testcase classname="tests.test_diagram_designer" name="test_diagram_workspace_defaults_to_designer" time="0.779" /><testcase classname="tests.test_exchange" name="test_csv_roundtrip_and_formula_safety[=SUM(1,2)]" time="0.001" /><testcase classname="tests.test_exchange" name="test_csv_roundtrip_and_formula_safety[+cmd]" time="0.001" /><testcase classname="tests.test_exchange" name="test_csv_roundtrip_and_formula_safety[-42]" time="0.001" /><testcase classname="tests.test_exchange" name="test_csv_roundtrip_and_formula_safety[@danger]" time="0.001" /><testcase classname="tests.test_exchange" name="test_csv_roundtrip_and_formula_safety['leading]" time="0.001" /><testcase classname="tests.test_exchange" name="test_csv_roundtrip_and_formula_safety[plain]" time="0.001" /><testcase classname="tests.test_exchange" name="test_csv_roundtrip_and_formula_safety[\ud68c\uc0ac]" time="0.001" /><testcase classname="tests.test_exchange" name="test_csv_roundtrip_and_formula_safety[  =SUM(A1)]" time="0.001" /><testcase classname="tests.test_exchange" name="test_csv_roundtrip_and_formula_safety[line\nbreak]" time="0.001" /><testcase classname="tests.test_exchange" name="test_xlsx_roundtrip_and_api_commit" time="0.777" /><testcase classname="tests.test_exchange" name="test_json_snapshot_roundtrip_and_api_export" time="0.618" /><testcase classname="tests.test_exchange" name="test_preview_invalid_row" time="0.727" /><testcase classname="tests.test_exchange" name="test_import_review_and_idempotency" time="0.713" /><testcase classname="tests.test_exchange" name="test_invalid_columns_and_version[title,title,status,priority\nx,x,open,high\n]" time="0.001" /><testcase classname="tests.test_exchange" name="test_invalid_columns_and_version[title\na]" time="0.001" /><testcase classname="tests.test_exchange" name="test_invalid_columns_and_version[]" time="0.000" /><testcase classname="tests.test_exchange" name="test_invalid_columns_and_version[# golden-work-items/999\n]" time="0.000" /><testcase classname="tests.test_exchange" name="test_many_rows_rejected" time="0.000" /><testcase classname="tests.test_planning_engine" name="test_plan_dates_duration_baseline_and_milestones_are_server_validated" time="0.855" /><testcase classname="tests.test_planning_engine" name="test_plan_hierarchy_and_dependency_relationships_reject_cycles" time="0.800" /><testcase classname="tests.test_planning_engine" name="test_plan_task_can_belong_to_only_one_project" time="1.073" /><testcase classname="tests.test_planning_engine" name="test_plan_capacity_reports_overallocation_and_baseline_slip" time="1.032" /><testcase classname="tests.test_qualification_bootstrap" name="test_prerequisite_schema_is_separate_and_strict" time="0.001" /><testcase classname="tests.test_qualification_bootstrap" name="test_prerequisites_reject_unsafe_values[provider_sqlite_support_reference-tested]" time="0.001" /><testcase classname="tests.test_qualification_bootstrap" name="test_prerequisites_reject_unsafe_values[persistent_root-relative-root]" time="0.001" /><testcase classname="tests.test_qualification_bootstrap" name="test_prerequisites_reject_unsafe_values[identity_topology-shared_process]" time="0.001" /><testcase classname="tests.test_qualification_bootstrap" name="test_prerequisites_reject_unsafe_values[storage_kind-s3_fuse]" time="0.001" /><testcase classname="tests.test_qualification_bootstrap" name="test_prerequisites_reject_unsafe_values[all_database_clients_same_host-False]" time="0.001" /><testcase classname="tests.test_qualification_bootstrap" name="test_prerequisites_reject_unsafe_values[authorized_at-2026-09-10T00:00:00]" time="0.001" /><testcase classname="tests.test_qualification_bootstrap" name="test_qualification_validation_covers_common_safety_and_binding_errors" time="0.002" /><testcase classname="tests.test_qualification_bootstrap" name="test_qualification_scanner_required_status_is_checked_separately" time="0.001" /><testcase classname="tests.test_qualification_bootstrap" name="test_settings_validates_dns_webhook_entries_and_origin_slashes" time="0.002" /><testcase classname="tests.test_qualification_bootstrap" name="test_qualification_requires_prerequisites_and_company_identity" time="0.148" /><testcase classname="tests.test_qualification_bootstrap" name="test_qualification_startup_and_readiness_are_not_production_ready" time="0.036" /><testcase classname="tests.test_qualification_bootstrap" name="test_production_rejects_prerequisites_without_final_qualification" time="0.003" /><testcase classname="tests.test_qualification_bootstrap" name="test_production_operator_preflight_rejects_prerequisite_only" time="1.081" /><testcase classname="tests.test_qualification_bootstrap" name="test_valid_final_qualification_passes_production_preflight" time="0.004" /><testcase classname="tests.test_qualification_bootstrap" name="test_production_rejects_self_consistent_fake_source_binding" time="0.009" /><testcase classname="tests.test_qualification_bootstrap" name="test_production_rejects_release_fact_mismatch_against_repository_anchor[technical_release-verified_source_commit]" time="0.007" /><testcase classname="tests.test_qualification_bootstrap" name="test_production_rejects_release_fact_mismatch_against_repository_anchor[release_evidence-source_digest]" time="0.003" /><testcase classname="tests.test_qualification_bootstrap" name="test_production_missing_or_unreadable_repository_identity_fails_closed" time="0.002" /><testcase classname="tests.test_qualification_bootstrap" name="test_qualification_operator_flow_does_not_require_final_evidence" time="6.876" /><testcase classname="tests.test_qualification_bootstrap" name="test_qualification_state_machine_fixture_can_transition_to_final_preflight" time="0.675" /><testcase classname="tests.test_release_safety" name="test_production_scanner_required_rejects_noop_at_startup" time="0.012" /><testcase classname="tests.test_release_safety" name="test_production_uploads_disabled_is_safe_with_noop" time="0.012" /><testcase classname="tests.test_release_safety" name="test_disabled_upload_policy_is_enforced_by_shared_service" time="0.393" /><testcase classname="tests.test_release_safety" name="test_disabled_upload_policy_blocks_generic_and_legacy_routes" time="0.498" /><testcase classname="tests.test_release_safety" name="test_trusted_types_uses_only_bounded_file_policy" time="0.334" /><testcase classname="tests.test_release_safety" name="test_scanner_required_rejects_missing_or_noop_service_scanner[None]" time="0.435" /><testcase classname="tests.test_release_safety" name="test_scanner_required_rejects_missing_or_noop_service_scanner[scanner1]" time="0.422" /><testcase classname="tests.test_release_safety" name="test_deterministic_scanner_rejects_eicar_and_svg_without_residue" time="0.388" /><testcase classname="tests.test_release_safety" name="test_scanner_failure_is_safe_and_does_not_persist_object" time="0.388" /><testcase classname="tests.test_release_safety" name="test_storage_failure_after_write_is_cleaned_up_and_does_not_persist_row" time="0.406" /><testcase classname="tests.test_release_safety" name="test_attachment_storage_is_bound_to_authenticated_tenant" time="0.462" /><testcase classname="tests.test_release_safety" name="test_scanner_must_return_a_boolean_approval" time="0.440" /><testcase classname="tests.test_release_safety" name="test_shared_attachment_service_rejects_archived_record" time="0.426" /><testcase classname="tests.test_software_engineering_pack" name="test_delivery_incident_slo_and_observability_normalizers" time="0.000" /><testcase classname="tests.test_software_engineering_pack" name="test_derived_observability_and_delivery_context" time="0.000" /><testcase classname="tests.test_work_items" name="test_create_persist_and_history" time="0.327" /><testcase classname="tests.test_work_items" name="test_invalid_create_is_rejected[payload0]" time="0.356" /><testcase classname="tests.test_work_items" name="test_invalid_create_is_rejected[payload1]" time="0.252" /><testcase classname="tests.test_work_items" name="test_invalid_create_is_rejected[payload2]" time="0.303" /><testcase classname="tests.test_work_items" name="test_invalid_create_is_rejected[payload3]" time="0.298" /><testcase classname="tests.test_work_items" name="test_invalid_create_is_rejected[payload4]" time="0.254" /><testcase classname="tests.test_work_items" name="test_invalid_create_is_rejected[payload5]" time="0.301" /><testcase classname="tests.test_work_items" name="test_invalid_create_is_rejected[payload6]" time="0.259" /><testcase classname="tests.test_work_items" name="test_invalid_create_is_rejected[payload7]" time="0.317" /><testcase classname="tests.test_work_items" name="test_invalid_create_is_rejected[payload8]" time="0.353" /><testcase classname="tests.test_work_items" name="test_trim_and_unicode" time="0.272" /><testcase classname="tests.test_work_items" name="test_optimistic_conflict_preserves_new_state" time="0.338" /><testcase classname="tests.test_work_items" name="test_simultaneous_updates_allow_one_winner" time="0.470" /><testcase classname="tests.test_work_items" name="test_archive_readonly_restore" time="0.410" /><testcase classname="tests.test_work_items" name="test_revert_creates_new_revision" time="0.278" /><testcase classname="tests.test_work_items" name="test_bulk_is_atomic" time="0.336" /><testcase classname="tests.test_work_items" name="test_bulk_duplicate_target_rejected" time="0.349" /><testcase classname="tests.test_work_items" name="test_bulk_success_and_idempotent_replay" time="0.280" /><testcase classname="tests.test_work_items" name="test_create_idempotency" time="0.368" /><testcase classname="tests.test_work_items" name="test_invalid_query[params0]" time="0.254" /><testcase classname="tests.test_work_items" name="test_invalid_query[params1]" time="0.308" /><testcase classname="tests.test_work_items" name="test_invalid_query[params2]" time="0.244" /><testcase classname="tests.test_work_items" name="test_invalid_query[params3]" time="0.311" /><testcase classname="tests.test_work_items" name="test_invalid_query[params4]" time="0.302" /><testcase classname="tests.test_work_items" name="test_invalid_query[params5]" time="0.247" /><testcase classname="tests.test_work_items" name="test_invalid_query[params6]" time="0.371" /><testcase classname="tests.test_work_items" name="test_search_is_literal" time="0.303" /><testcase classname="tests.test_work_items" name="test_filter_and_pagination" time="0.392" /><testcase classname="tests.test_work_items" name="test_rich_query_state_is_server_owned" time="0.511" /><testcase classname="tests.test_work_items" name="test_rich_query_state_rejects_unsafe_or_invalid_shapes[params0]" time="0.324" /><testcase classname="tests.test_work_items" name="test_rich_query_state_rejects_unsafe_or_invalid_shapes[params1]" time="0.364" /><testcase classname="tests.test_work_items" name="test_rich_query_state_rejects_unsafe_or_invalid_shapes[params2]" time="0.363" /><testcase classname="tests.test_work_items" name="test_rich_query_state_rejects_unsafe_or_invalid_shapes[params3]" time="0.326" /><testcase classname="tests.test_work_items" name="test_all_matching_bulk_requires_fresh_server_fingerprint" time="0.388" /><testcase classname="tests.test_work_items" name="test_audit_table_is_append_only" time="0.260" /><testcase classname="tests.test_work_items" name="test_database_constraints_work_for_direct_clients" time="0.235" /><testcase classname="tests.test_api_compatibility" name="test_bootstrap_exposes_only_safe_api_contract_metadata" time="0.287" /><testcase classname="tests.test_api_compatibility" name="test_openapi_publishes_contract_metadata_separately_from_application_version" time="0.929" /><testcase classname="tests.test_engineering_intelligence" name="test_knowledge_investigation_research_are_canonical_and_revision_safe" time="0.407" /><testcase classname="tests.test_engineering_intelligence" name="test_cross_domain_relationships_use_live_labels" time="0.415" /><testcase classname="tests.test_engineering_intelligence" name="test_risk_scores_are_server_owned_on_create_update_and_revert" time="0.490" /><testcase classname="tests.test_engineering_intelligence" name="test_risk_links_to_investigation_and_equipment" time="0.479" /><testcase classname="tests.test_engineering_intelligence" name="test_knowledge_workflow_and_bulk_risk_scoring_are_server_owned" time="0.775" /><testcase classname="tests.test_engineering_intelligence" name="test_workspace_definitions_expose_dense_custom_projections_and_readonly_scores" time="0.870" /><testcase classname="tests.test_engineering_intelligence" name="test_viewer_cannot_mutate_new_intelligence_entities" time="1.147" /><testcase classname="tests.test_global_search" name="test_global_search_returns_records_and_scoped_saved_views" time="0.745" /><testcase classname="tests.test_global_search" name="test_global_search_rejects_blank_queries" time="0.537" /><testcase classname="tests.test_platform_services" name="test_feature_flags_are_revision_safe_and_admin_only" time="0.904" /><testcase classname="tests.test_platform_services" name="test_notification_preferences_and_private_inbox" time="0.948" /><testcase classname="tests.test_platform_services" name="test_events_are_ordered_filterable_and_tenant_scoped" time="0.542" /><testcase classname="tests.test_platform_services" name="test_durable_job_leasing_retry_and_cancel" time="1.090" /><testcase classname="tests.test_platform_services" name="test_job_heartbeat_and_fencing_reject_stale_worker" time="0.541" /><testcase classname="tests.test_platform_services" name="test_expired_job_lease_can_be_reclaimed_by_new_worker" time="0.357" /><testcase classname="tests.test_platform_services" name="test_handler_exception_retries_then_final_fails" time="0.300" /><testcase classname="tests.test_platform_services" name="test_webhook_definition_is_allowlisted_revision_safe_and_secret_ref_only" time="0.619" /><testcase classname="tests.test_platform_services" name="test_webhook_settings_reject_unsafe_hosts" time="0.003" /><testcase classname="tests.test_platform_services" name="test_revision_events_enqueue_and_deliver_allowlisted_webhook" time="0.753" /><testcase classname="tests.test_platform_services" name="test_webhook_delivery_history_records_retryable_failure" time="0.845" /><testcase classname="tests.test_platform_services" name="test_process_one_releases_database_lock_before_handler" time="0.346" /><testcase classname="tests.test_platform_services" name="test_process_one_renews_long_handler_lease" time="1.541" /><testcase classname="tests.test_platform_services" name="test_process_one_lost_fence_cannot_finalize_handler_result" time="0.462" /><testcase classname="tests.test_platform_services" name="test_member_admin_api_and_last_admin_protection" time="0.639" /><testcase classname="tests.test_rack_connectivity" name="test_parallel_equipment_connections_use_ports_as_uniqueness_boundary" time="0.619" /><testcase classname="tests.test_rack_connectivity" name="test_port_occupancy_is_case_insensitive_and_cross_directional" time="0.889" /><testcase classname="tests.test_rack_connectivity" name="test_archive_releases_port_and_restore_revalidates_occupancy" time="0.703" /><testcase classname="tests.test_rack_connectivity" name="test_connection_metadata_is_validated_and_revision_safe" time="0.453" /><testcase classname="tests.test_rack_connectivity" name="test_connection_definition_exposes_parallel_port_semantics" time="0.233" /><testcase classname="tests.test_security" name="test_viewer_cannot_write" time="0.386" /><testcase classname="tests.test_security" name="test_editor_cannot_restore" time="0.451" /><testcase classname="tests.test_security" name="test_tenant_access_is_server_enforced" time="0.429" /><testcase classname="tests.test_security" name="test_unprovisioned_user_cannot_self_register" time="0.268" /><testcase classname="tests.test_security" name="test_bad_tenant_identifiers[../registry]" time="0.332" /><testcase classname="tests.test_security" name="test_bad_tenant_identifiers[/tmp/x]" time="0.321" /><testcase classname="tests.test_security" name="test_bad_tenant_identifiers[65CD11E6-444B-4742-9079-F77B51F97E92]" time="0.289" /><testcase classname="tests.test_security" name="test_bad_tenant_identifiers[1]" time="0.357" /><testcase classname="tests.test_security" name="test_bad_tenant_identifiers[]" time="0.310" /><testcase classname="tests.test_security" name="test_csrf_required" time="0.251" /><testcase classname="tests.test_security" name="test_cross_user_csrf_rejected" time="0.402" /><testcase classname="tests.test_security" name="test_cross_origin_write_rejected" time="0.387" /><testcase classname="tests.test_security" name="test_development_header_cannot_impersonate" time="0.233" /><testcase classname="tests.test_security" name="test_company_identity_only_reads_accesskey" time="0.000" /><testcase classname="tests.test_security" name="test_company_missing_identity_refuses_start" time="0.271" /><testcase classname="tests.test_security" name="test_production_defaults_fail_closed" time="0.001" /><testcase classname="tests.test_security" name="test_opaque_s3_mount_cannot_be_qualified" time="0.000" /><testcase classname="tests.test_security" name="test_qualification_template_and_placeholder_evidence_cannot_validate" time="0.001" /><testcase classname="tests.test_security" name="test_production_scanner_status_is_required_for_readiness" time="0.001" /><testcase classname="tests.test_security" name="test_shared_process_identity_cannot_be_qualified" time="0.000" /><testcase classname="tests.test_security" name="test_origin_configuration_rejects_paths" time="0.001" /><testcase classname="tests.test_security" name="test_json_only_and_body_limit" time="0.238" /><testcase classname="tests.test_security" name="test_no_sensitive_runtime_configuration" time="0.301" /><testcase classname="tests.test_security" name="test_inactive_tenant_blocked" time="0.315" /><testcase classname="tests.test_statistics_engine" name="test_descriptive_and_imr_are_deterministic" time="0.000" /><testcase classname="tests.test_statistics_engine" name="test_xbar_r_equal_groups_and_guards" time="0.000" /><testcase classname="tests.test_statistics_engine" name="test_capability_uses_within_and_overall_sigma" time="0.000" /><testcase classname="tests.test_statistics_engine" name="test_ewma_pareto_and_run_rules" time="0.000" /><testcase classname="tests.test_statistics_engine" name="test_xbar_s_attribute_charts_and_cusum_are_deterministic" time="0.000" /><testcase classname="tests.test_statistics_engine" name="test_correlation_and_regression_have_known_values_and_zero_variance_guards" time="0.000" /><testcase classname="tests.test_company_qualification_contract" name="test_exact_gate_enumeration_and_statuses" time="0.002" /><testcase classname="tests.test_company_qualification_contract" name="test_missing_duplicate_unknown_and_illegal_gate_statuses_fail_closed" time="0.002" /><testcase classname="tests.test_company_qualification_contract" name="test_pass_requires_evidence_and_typed_facts" time="0.001" /><testcase classname="tests.test_company_qualification_contract" name="test_legacy_schema_cannot_certify_and_reports_migration" time="0.001" /><testcase classname="tests.test_company_qualification_contract" name="test_binding_mismatches_never_derive_readiness[project-other-project-project binding]" time="0.001" /><testcase classname="tests.test_company_qualification_contract" name="test_binding_mismatches_never_derive_readiness[profile-development-profile binding]" time="0.001" /><testcase classname="tests.test_company_qualification_contract" name="test_binding_mismatches_never_derive_readiness[candidate_version-1.0.0-rc.10-version]" time="0.001" /><testcase classname="tests.test_company_qualification_contract" name="test_binding_mismatches_never_derive_readiness[deployment_id-other-deployment-different deployment]" time="0.001" /><testcase classname="tests.test_company_qualification_contract" name="test_binding_mismatches_never_derive_readiness[persistent_root-/other/root-different persistent root]" time="0.001" /><testcase classname="tests.test_company_qualification_contract" name="test_binding_mismatches_never_derive_readiness[source_digest-3333333333333333333333333333333333333333333333333333333333333333-source-digest]" time="0.001" /><testcase classname="tests.test_company_qualification_contract" name="test_self_consistent_fake_source_identity_is_rejected_by_repository_anchor" time="0.001" /><testcase classname="tests.test_company_qualification_contract" name="test_positive_fixture_uses_repository_owned_expected_identity" time="0.001" /><testcase classname="tests.test_company_qualification_contract" name="test_approval_and_production_ready_are_derived" time="0.001" /><testcase classname="tests.test_company_qualification_contract" name="test_secret_bearing_evidence_reference_is_rejected_without_echoing_secret" time="0.000" /><testcase classname="tests.test_company_qualification_contract" name="test_template_is_complete_but_not_certifying" time="0.000" /><testcase classname="tests.test_entities_relationships" name="test_entity_registry_exposes_canonical_work_items" time="0.327" /><testcase classname="tests.test_entities_relationships" name="test_entity_search_is_tenant_scoped" time="0.385" /><testcase classname="tests.test_entities_relationships" name="test_relationship_registry_exposes_project_work_contract" time="0.221" /><testcase classname="tests.test_entities_relationships" name="test_relationship_list_validates_entity_and_record" time="0.319" /><testcase classname="tests.test_entities_relationships" name="test_relationship_graph_lists_entity_edges" time="0.325" /><testcase classname="tests.test_entities_relationships" name="test_relationship_explorers_are_bounded_and_directional" time="0.362" /><testcase classname="tests.test_entities_relationships" name="test_relationship_explorer_stays_bounded_on_a_large_relationship_set" time="2.287" /><testcase classname="tests.test_integrations" name="test_typed_provider_result_is_redacted_and_idempotent" time="0.001" /><testcase classname="tests.test_integrations" name="test_retry_is_bounded_and_uses_backoff" time="0.001" /><testcase classname="tests.test_integrations" name="test_idempotency_rejects_reused_key_for_different_payload" time="0.001" /><testcase classname="tests.test_integrations" name="test_production_rejects_http_and_unknown_origin" time="0.001" /><testcase classname="tests.test_integrations" name="test_rate_limit_is_tenant_and_provider_scoped" time="0.001" /><testcase classname="tests.test_profiles" name="test_trusted_profile_selection_builds_typed_development_runtime" time="0.004" /><testcase classname="tests.test_profiles" name="test_company_profile_owns_company_adapters_without_exposing_profile_contract" time="0.015" /><testcase classname="tests.test_profiles" name="test_identity_port_is_request_aware_but_never_browser_identity_aware" time="0.000" /><testcase classname="tests.test_profiles" name="test_profile_runtime_is_not_serialized_by_bootstrap" time="0.435" /><testcase classname="tests.test_profiles" name="test_openapi_error_descriptions_are_stable_across_framework_versions" time="1.727" /><testcase classname="tests.test_rack_placement" name="test_rack_placement_bounds_collision_and_revision_safe_move" time="0.777" /><testcase classname="tests.test_rack_placement" name="test_rack_optional_engineering_constraints_are_persisted_and_validated" time="0.763" /><testcase classname="tests.test_rack_placement" name="test_equipment_can_have_only_one_active_rack_placement" time="0.836" /><testcase classname="tests.test_rack_placement" name="test_archived_placement_restore_revalidates_collision" time="0.688" /><testcase classname="tests.test_rack_placement" name="test_relationship_metadata_is_bounded" time="0.976" /><testcase classname="tests.test_semiconductor_pack" name="test_wafer_summary_and_validation" time="0.002" /><testcase classname="tests.test_semiconductor_pack" name="test_lot_route_equipment_state_and_recipe_diff" time="0.003" /><testcase classname="tests.test_semiconductor_pack" name="test_derived_metrics_cover_yield_genealogy_route_reliability_and_capacity" time="0.001" /><testcase classname="tests.test_storage" name="test_storage_rejects_path_traversal[../escape.txt]" time="0.001" /><testcase classname="tests.test_storage" name="test_storage_rejects_path_traversal[/absolute.txt]" time="0.001" /><testcase classname="tests.test_storage" name="test_storage_rejects_path_traversal[tenant/../../escape.txt]" time="0.001" /><testcase classname="tests.test_storage" name="test_storage_rejects_path_traversal[bad\\name.txt]" time="0.000" /><testcase classname="tests.test_storage" name="test_local_storage_is_atomic_mode_limited_and_tenant_scoped" time="0.002" /><testcase classname="tests.test_storage" name="test_memory_storage_matches_adapter_contract" time="0.000" /><testcase classname="tests.test_storage" name="test_deterministic_attachment_scanner_rejects_active_content" time="0.000" /><testcase classname="tests.test_configuration_contract" name="test_authoritative_contract_is_metadata_only_and_covers_owned_surfaces" time="0.000" /><testcase classname="tests.test_configuration_contract" name="test_unknown_backend_namespace_fails_closed_without_echoing_value" time="0.000" /><testcase classname="tests.test_configuration_contract" name="test_frontend_namespace_is_separate_when_backend_environment_is_shared" time="0.001" /><testcase classname="tests.test_configuration_contract" name="test_conflicting_case_variant_reserved_keys_fail_closed_without_values" time="0.000" /><testcase classname="tests.test_configuration_contract" name="test_environment_requiredness_is_pure_and_profile_specific" time="0.001" /><testcase classname="tests.test_configuration_contract" name="test_explicit_constructor_overrides_environment_and_defaults" time="0.001" /><testcase classname="tests.test_configuration_contract" name="test_pure_validation_precedes_profile_runtime_construction" time="0.001" /><testcase classname="tests.test_configuration_contract" name="test_secret_fields_are_redacted_from_settings_surfaces_and_errors" time="0.001" /><testcase classname="tests.test_configuration_contract" name="test_contract_loader_does_not_store_test_secret_values" time="0.000" /><testcase classname="tests.test_entity_bulk_update" name="test_generic_bulk_update_is_atomic_revision_safe_and_audited" time="0.360" /><testcase classname="tests.test_entity_bulk_update" name="test_bulk_update_validates_all_targets_before_writing" time="0.329" /><testcase classname="tests.test_entity_bulk_update" name="test_bulk_update_rejects_readonly_unknown_and_invalid_fields" time="0.392" /><testcase classname="tests.test_entity_bulk_update" name="test_bulk_update_permissions_and_archived_records" time="0.405" /><testcase classname="tests.test_operations" name="test_backup_restore_retains_data_and_source" time="0.292" /><testcase classname="tests.test_operations" name="test_snapshot_enumerates_attachment_references_from_staged_database" time="0.245" /><testcase classname="tests.test_operations" name="test_object_attachment_survives_backup_restore_and_download" time="0.536" /><testcase classname="tests.test_operations" name="test_missing_referenced_object_rejects_snapshot" time="0.382" /><testcase classname="tests.test_operations" name="test_corrupt_or_unsafe_object_snapshot_rejects_restore_without_target" time="0.349" /><testcase classname="tests.test_operations" name="test_restore_symlink_object_rejects_without_target" time="1.006" /><testcase classname="tests.test_operations" name="test_symlink_object_is_rejected_and_snapshot_is_not_modified" time="0.929" /><testcase classname="tests.test_operations" name="test_restore_corruption_rejected_without_target" time="0.416" /><testcase classname="tests.test_operations" name="test_restore_path_traversal_rejected" time="0.253" /><testcase classname="tests.test_operations" name="test_live_overwrite_refused" time="0.471" /><testcase classname="tests.test_operations" name="test_snapshot_requires_quiescence" time="0.350" /><testcase classname="tests.test_operations" name="test_storage_probe_is_not_certification" time="0.266" /><testcase classname="tests.test_operations" name="test_direct_api_uses_membership_and_audit" time="0.337" /><testcase classname="tests.test_operations" name="test_database_missing_fails_without_creation" time="0.001" /><testcase classname="tests.test_operations" name="test_database_symlink_refused" time="0.276" /><testcase classname="tests.test_projects_relationships" name="test_projects_are_revision_safe_and_audited" time="0.740" /><testcase classname="tests.test_projects_relationships" name="test_project_relationship_uses_live_canonical_labels" time="0.634" /><testcase classname="tests.test_projects_relationships" name="test_project_membership_cardinality_prevents_two_projects_for_one_work_item" time="0.653" /><testcase classname="tests.test_projects_relationships" name="test_relationship_lifecycle_is_revision_safe" time="1.053" /><testcase classname="tests.test_projects_relationships" name="test_relationship_rejects_missing_target_and_viewer_write" time="1.094" /><testcase classname="tests.test_reinforcement" name="test_missing_environment_is_production_fail_closed" time="0.002" /><testcase classname="tests.test_reinforcement" name="test_unicode_csrf_is_rejected_without_exception" time="0.000" /><testcase classname="tests.test_reinforcement" name="test_api_serializes_utc" time="0.487" /><testcase classname="tests.test_reinforcement" name="test_safe_identity_observation_does_not_dump_environment" time="0.804" /><testcase classname="tests.test_reinforcement" name="test_generic_saved_filter_contract" time="0.670" /><testcase classname="tests.test_reinforcement" name="test_server_policy_file_controls_authorization" time="0.726" /><testcase classname="tests.test_reinforcement" name="test_unknown_route_uses_error_contract" time="0.591" /><testcase classname="tests.test_reinforcement" name="test_advertised_sorts_match_api" time="0.863" /><testcase classname="tests.test_reinforcement" name="test_saved_view_link_enforces_owner" time="0.880" /><testcase classname="tests.test_reinforcement" name="test_two_connections_cannot_both_accept_stale_revision" time="0.799" /><testcase classname="tests.test_reinforcement" name="test_direct_tooling_cannot_skip_production_qualification" time="0.348" /><testcase classname="tests.test_software_engineering_api" name="test_delivery_pipeline_duration_stages_and_service_link" time="1.156" /><testcase classname="tests.test_software_engineering_api" name="test_observability_trace_and_service_link" time="0.637" /><testcase classname="tests.test_software_engineering_api" name="test_incident_command_and_cross_domain_links" time="0.669" /><testcase classname="tests.test_software_engineering_api" name="test_slo_server_owns_budget_burn_status_and_revert" time="0.563" /><testcase classname="tests.test_software_engineering_api" name="test_software_workspace_definitions_expose_pack_projections" time="0.237" /><testcase classname="tests.test_views_and_files" name="test_personal_views_are_private" time="0.426" /><testcase classname="tests.test_views_and_files" name="test_shared_views_readable_but_not_editable_by_others" time="0.373" /><testcase classname="tests.test_views_and_files" name="test_explicit_team_views_require_membership" time="0.427" /><testcase classname="tests.test_views_and_files" name="test_viewer_can_save_personal_not_team" time="0.317" /><testcase classname="tests.test_views_and_files" name="test_view_conflicts" time="0.244" /><testcase classname="tests.test_views_and_files" name="test_view_columns_are_sanitized" time="0.299" /><testcase classname="tests.test_views_and_files" name="test_bad_view_state_rejected[definition0]" time="0.234" /><testcase classname="tests.test_views_and_files" name="test_bad_view_state_rejected[definition1]" time="0.304" /><testcase classname="tests.test_views_and_files" name="test_bad_view_state_rejected[definition2]" time="0.293" /><testcase classname="tests.test_views_and_files" name="test_bad_advanced_view_state_rejected[advanced0]" time="0.329" /><testcase classname="tests.test_views_and_files" name="test_bad_advanced_view_state_rejected[advanced1]" time="0.306" /><testcase classname="tests.test_views_and_files" name="test_bad_advanced_view_state_rejected[advanced2]" time="0.235" /><testcase classname="tests.test_views_and_files" name="test_bad_advanced_view_state_rejected[advanced3]" time="0.310" /><testcase classname="tests.test_views_and_files" name="test_upload_download_and_tenant_boundary" time="0.465" /><testcase classname="tests.test_views_and_files" name="test_download_rejects_object_bytes_that_do_not_match_canonical_metadata" time="0.269" /><testcase classname="tests.test_views_and_files" name="test_unsafe_upload_rejected[../secret.txt-text/plain-test]" time="0.320" /><testcase classname="tests.test_views_and_files" name="test_unsafe_upload_rejected[a\\b.txt-text/plain-test]" time="0.250" /><testcase classname="tests.test_views_and_files" name="test_unsafe_upload_rejected[a.svg-image/svg+xml-&lt;svg/&gt;]" time="0.343" /><testcase classname="tests.test_views_and_files" name="test_unsafe_upload_rejected[a.png-image/png-not png]" time="0.310" /><testcase classname="tests.test_views_and_files" name="test_unsafe_upload_rejected[a.pdf-application/pdf-not pdf]" time="0.259" /><testcase classname="tests.test_views_and_files" name="test_unsafe_upload_rejected[a.txt-text/plain-\xff]" time="0.335" /><testcase classname="tests.test_views_and_files" name="test_saved_view_persists_supported_visualization" time="0.247" /><testcase classname="tests.test_views_and_files" name="test_saved_view_persists_bounded_dashboard_layout" time="0.367" /><testcase classname="tests.test_views_and_files" name="test_saved_view_rejects_unsupported_visualization" time="0.231" /><testcase classname="tests.test_views_and_files" name="test_saved_view_favorites_and_defaults_are_scoped" time="0.342" /><testcase classname="tests.test_views_and_files" name="test_record_comments_are_tenant_scoped_and_authorized" time="0.558" /><testcase classname="tests.test_views_and_files" name="test_archived_record_comments_are_read_only_for_delete" time="0.529" /><testcase classname="tests.test_views_and_files" name="test_active_comment_delete_keeps_author_admin_rule" time="0.469" /><testcase classname="tests.test_views_and_files" name="test_generic_record_files_cover_non_work_item_entities" time="0.367" /></testsuite>