<?xml version='1.0' encoding='utf-8'?>
<testsuite name="backend-sharded" tests="228" failures="0" errors="0" skipped="0" time="110.672"><testcase classname="tests.test_analytics_semiconductor" name="test_process_measurement_spec_contract_and_equipment_link" time="0.742" /><testcase classname="tests.test_analytics_semiconductor" name="test_wafer_server_owns_yield_and_rejects_bad_coordinates" time="0.888" /><testcase classname="tests.test_analytics_semiconductor" name="test_lot_route_state_duration_recipe_and_cross_links" time="0.899" /><testcase classname="tests.test_analytics_semiconductor" name="test_server_owned_computed_duration_persists_through_update_and_revert" time="0.689" /><testcase classname="tests.test_analytics_semiconductor" name="test_semiconductor_workspace_definitions_expose_pack_projections" time="0.512" /><testcase classname="tests.test_entity_bulk_update" name="test_generic_bulk_update_is_atomic_revision_safe_and_audited" time="0.799" /><testcase classname="tests.test_entity_bulk_update" name="test_bulk_update_validates_all_targets_before_writing" time="0.556" /><testcase classname="tests.test_entity_bulk_update" name="test_bulk_update_rejects_readonly_unknown_and_invalid_fields" time="0.700" /><testcase classname="tests.test_entity_bulk_update" name="test_bulk_update_permissions_and_archived_records" time="0.515" /><testcase classname="tests.test_operations" name="test_backup_restore_retains_data_and_source" time="0.422" /><testcase classname="tests.test_operations" name="test_snapshot_enumerates_attachment_references_from_staged_database" time="0.262" /><testcase classname="tests.test_operations" name="test_object_attachment_survives_backup_restore_and_download" time="0.904" /><testcase classname="tests.test_operations" name="test_missing_referenced_object_rejects_snapshot" time="0.525" /><testcase classname="tests.test_operations" name="test_corrupt_or_unsafe_object_snapshot_rejects_restore_without_target" time="0.471" /><testcase classname="tests.test_operations" name="test_restore_symlink_object_rejects_without_target" time="0.656" /><testcase classname="tests.test_operations" name="test_symlink_object_is_rejected_and_snapshot_is_not_modified" time="0.392" /><testcase classname="tests.test_operations" name="test_restore_corruption_rejected_without_target" time="0.284" /><testcase classname="tests.test_operations" name="test_restore_path_traversal_rejected" time="0.295" /><testcase classname="tests.test_operations" name="test_live_overwrite_refused" time="0.475" /><testcase classname="tests.test_operations" name="test_snapshot_requires_quiescence" time="0.344" /><testcase classname="tests.test_operations" name="test_storage_probe_is_not_certification" time="0.265" /><testcase classname="tests.test_operations" name="test_direct_api_uses_membership_and_audit" time="0.288" /><testcase classname="tests.test_operations" name="test_database_missing_fails_without_creation" time="0.001" /><testcase classname="tests.test_operations" name="test_database_symlink_refused" time="0.236" /><testcase classname="tests.test_rack_connectivity" name="test_parallel_equipment_connections_use_ports_as_uniqueness_boundary" time="0.970" /><testcase classname="tests.test_rack_connectivity" name="test_port_occupancy_is_case_insensitive_and_cross_directional" time="1.343" /><testcase classname="tests.test_rack_connectivity" name="test_archive_releases_port_and_restore_revalidates_occupancy" time="1.070" /><testcase classname="tests.test_rack_connectivity" name="test_connection_metadata_is_validated_and_revision_safe" time="0.664" /><testcase classname="tests.test_rack_connectivity" name="test_connection_definition_exposes_parallel_port_semantics" time="0.535" /><testcase classname="tests.test_security" name="test_viewer_cannot_write" time="1.010" /><testcase classname="tests.test_security" name="test_editor_cannot_restore" time="0.918" /><testcase classname="tests.test_security" name="test_tenant_access_is_server_enforced" time="0.855" /><testcase classname="tests.test_security" name="test_unprovisioned_user_cannot_self_register" time="0.473" /><testcase classname="tests.test_security" name="test_bad_tenant_identifiers[../registry]" time="1.380" /><testcase classname="tests.test_security" name="test_bad_tenant_identifiers[/tmp/x]" time="0.653" /><testcase classname="tests.test_security" name="test_bad_tenant_identifiers[C59D86D6-F04A-43AF-AEA3-D78D0C4EE8AB]" time="0.622" /><testcase classname="tests.test_security" name="test_bad_tenant_identifiers[1]" time="0.371" /><testcase classname="tests.test_security" name="test_bad_tenant_identifiers[]" time="0.532" /><testcase classname="tests.test_security" name="test_csrf_required" time="0.381" /><testcase classname="tests.test_security" name="test_cross_user_csrf_rejected" time="0.472" /><testcase classname="tests.test_security" name="test_cross_origin_write_rejected" time="0.840" /><testcase classname="tests.test_security" name="test_development_header_cannot_impersonate" time="0.446" /><testcase classname="tests.test_security" name="test_company_identity_only_reads_accesskey" time="0.000" /><testcase classname="tests.test_security" name="test_company_missing_identity_refuses_start" time="0.334" /><testcase classname="tests.test_security" name="test_production_defaults_fail_closed" time="0.002" /><testcase classname="tests.test_security" name="test_opaque_s3_mount_cannot_be_qualified" time="0.000" /><testcase classname="tests.test_security" name="test_shared_process_identity_cannot_be_qualified" time="0.000" /><testcase classname="tests.test_security" name="test_origin_configuration_rejects_paths" time="0.002" /><testcase classname="tests.test_security" name="test_json_only_and_body_limit" time="0.462" /><testcase classname="tests.test_security" name="test_no_sensitive_runtime_configuration" time="0.512" /><testcase classname="tests.test_security" name="test_inactive_tenant_blocked" time="0.518" /><testcase classname="tests.test_statistics_engine" name="test_descriptive_and_imr_are_deterministic" time="0.000" /><testcase classname="tests.test_statistics_engine" name="test_xbar_r_equal_groups_and_guards" time="0.000" /><testcase classname="tests.test_statistics_engine" name="test_capability_uses_within_and_overall_sigma" time="0.001" /><testcase classname="tests.test_statistics_engine" name="test_ewma_pareto_and_run_rules" time="0.000" /><testcase classname="tests.test_statistics_engine" name="test_xbar_s_attribute_charts_and_cusum_are_deterministic" time="0.001" /><testcase classname="tests.test_statistics_engine" name="test_correlation_and_regression_have_known_values_and_zero_variance_guards" time="0.001" /><testcase classname="tests.test_diagram_designer" name="test_diagram_counts_and_graph_integrity_are_server_owned" time="0.714" /><testcase classname="tests.test_diagram_designer" name="test_diagram_update_and_revert_revalidate_graph_and_counts" time="0.756" /><testcase classname="tests.test_diagram_designer" name="test_diagram_rejects_unsafe_ids_coordinates_and_viewport" time="0.833" /><testcase classname="tests.test_diagram_designer" name="test_diagram_workspace_defaults_to_designer" time="0.361" /><testcase classname="tests.test_exchange" name="test_csv_roundtrip_and_formula_safety[=SUM(1,2)]" time="0.001" /><testcase classname="tests.test_exchange" name="test_csv_roundtrip_and_formula_safety[+cmd]" time="0.000" /><testcase classname="tests.test_exchange" name="test_csv_roundtrip_and_formula_safety[-42]" time="0.000" /><testcase classname="tests.test_exchange" name="test_csv_roundtrip_and_formula_safety[@danger]" time="0.001" /><testcase classname="tests.test_exchange" name="test_csv_roundtrip_and_formula_safety['leading]" time="0.000" /><testcase classname="tests.test_exchange" name="test_csv_roundtrip_and_formula_safety[plain]" time="0.000" /><testcase classname="tests.test_exchange" name="test_csv_roundtrip_and_formula_safety[\ud68c\uc0ac]" time="0.000" /><testcase classname="tests.test_exchange" name="test_csv_roundtrip_and_formula_safety[  =SUM(A1)]" time="0.000" /><testcase classname="tests.test_exchange" name="test_csv_roundtrip_and_formula_safety[line\nbreak]" time="0.000" /><testcase classname="tests.test_exchange" name="test_xlsx_roundtrip_and_api_commit" time="0.455" /><testcase classname="tests.test_exchange" name="test_json_snapshot_roundtrip_and_api_export" time="0.540" /><testcase classname="tests.test_exchange" name="test_preview_invalid_row" time="0.634" /><testcase classname="tests.test_exchange" name="test_import_review_and_idempotency" time="0.600" /><testcase classname="tests.test_exchange" name="test_invalid_columns_and_version[title,title,status,priority\nx,x,open,high\n]" time="0.000" /><testcase classname="tests.test_exchange" name="test_invalid_columns_and_version[title\na]" time="0.000" /><testcase classname="tests.test_exchange" name="test_invalid_columns_and_version[]" time="0.000" /><testcase classname="tests.test_exchange" name="test_invalid_columns_and_version[# golden-work-items/999\n]" time="0.000" /><testcase classname="tests.test_exchange" name="test_many_rows_rejected" time="0.001" /><testcase classname="tests.test_planning_engine" name="test_plan_dates_duration_baseline_and_milestones_are_server_validated" time="0.754" /><testcase classname="tests.test_planning_engine" name="test_plan_hierarchy_and_dependency_relationships_reject_cycles" time="0.595" /><testcase classname="tests.test_planning_engine" name="test_plan_task_can_belong_to_only_one_project" time="0.527" /><testcase classname="tests.test_planning_engine" name="test_plan_capacity_reports_overallocation_and_baseline_slip" time="0.834" /><testcase classname="tests.test_rack_placement" name="test_rack_placement_bounds_collision_and_revision_safe_move" time="0.543" /><testcase classname="tests.test_rack_placement" name="test_rack_optional_engineering_constraints_are_persisted_and_validated" time="0.509" /><testcase classname="tests.test_rack_placement" name="test_equipment_can_have_only_one_active_rack_placement" time="0.700" /><testcase classname="tests.test_rack_placement" name="test_archived_placement_restore_revalidates_collision" time="0.430" /><testcase classname="tests.test_rack_placement" name="test_relationship_metadata_is_bounded" time="0.458" /><testcase classname="tests.test_semiconductor_pack" name="test_wafer_summary_and_validation" time="0.000" /><testcase classname="tests.test_semiconductor_pack" name="test_lot_route_equipment_state_and_recipe_diff" time="0.000" /><testcase classname="tests.test_semiconductor_pack" name="test_derived_metrics_cover_yield_genealogy_route_reliability_and_capacity" time="0.000" /><testcase classname="tests.test_storage" name="test_storage_rejects_path_traversal[../escape.txt]" time="0.001" /><testcase classname="tests.test_storage" name="test_storage_rejects_path_traversal[/absolute.txt]" time="0.001" /><testcase classname="tests.test_storage" name="test_storage_rejects_path_traversal[tenant/../../escape.txt]" time="0.001" /><testcase classname="tests.test_storage" name="test_storage_rejects_path_traversal[bad\\name.txt]" time="0.001" /><testcase classname="tests.test_storage" name="test_local_storage_is_atomic_mode_limited_and_tenant_scoped" time="0.002" /><testcase classname="tests.test_storage" name="test_memory_storage_matches_adapter_contract" time="0.000" /><testcase classname="tests.test_storage" name="test_deterministic_attachment_scanner_rejects_active_content" time="0.000" /><testcase classname="tests.test_engineering_intelligence" name="test_knowledge_investigation_research_are_canonical_and_revision_safe" time="0.696" /><testcase classname="tests.test_engineering_intelligence" name="test_cross_domain_relationships_use_live_labels" time="0.747" /><testcase classname="tests.test_engineering_intelligence" name="test_risk_scores_are_server_owned_on_create_update_and_revert" time="0.835" /><testcase classname="tests.test_engineering_intelligence" name="test_risk_links_to_investigation_and_equipment" time="0.593" /><testcase classname="tests.test_engineering_intelligence" name="test_knowledge_workflow_and_bulk_risk_scoring_are_server_owned" time="0.741" /><testcase classname="tests.test_engineering_intelligence" name="test_workspace_definitions_expose_dense_custom_projections_and_readonly_scores" time="0.570" /><testcase classname="tests.test_engineering_intelligence" name="test_viewer_cannot_mutate_new_intelligence_entities" time="0.737" /><testcase classname="tests.test_global_search" name="test_global_search_returns_records_and_scoped_saved_views" time="0.651" /><testcase classname="tests.test_global_search" name="test_global_search_rejects_blank_queries" time="0.366" /><testcase classname="tests.test_platform_services" name="test_feature_flags_are_revision_safe_and_admin_only" time="0.439" /><testcase classname="tests.test_platform_services" name="test_notification_preferences_and_private_inbox" time="0.778" /><testcase classname="tests.test_platform_services" name="test_events_are_ordered_filterable_and_tenant_scoped" time="0.515" /><testcase classname="tests.test_platform_services" name="test_durable_job_leasing_retry_and_cancel" time="0.546" /><testcase classname="tests.test_platform_services" name="test_job_heartbeat_and_fencing_reject_stale_worker" time="0.298" /><testcase classname="tests.test_platform_services" name="test_expired_job_lease_can_be_reclaimed_by_new_worker" time="0.281" /><testcase classname="tests.test_platform_services" name="test_handler_exception_retries_then_final_fails" time="0.241" /><testcase classname="tests.test_platform_services" name="test_webhook_definition_is_allowlisted_revision_safe_and_secret_ref_only" time="0.590" /><testcase classname="tests.test_platform_services" name="test_webhook_settings_reject_unsafe_hosts" time="0.001" /><testcase classname="tests.test_platform_services" name="test_revision_events_enqueue_and_deliver_allowlisted_webhook" time="0.444" /><testcase classname="tests.test_platform_services" name="test_webhook_delivery_history_records_retryable_failure" time="0.419" /><testcase classname="tests.test_platform_services" name="test_process_one_releases_database_lock_before_handler" time="0.424" /><testcase classname="tests.test_platform_services" name="test_process_one_renews_long_handler_lease" time="1.596" /><testcase classname="tests.test_platform_services" name="test_process_one_lost_fence_cannot_finalize_handler_result" time="0.429" /><testcase classname="tests.test_platform_services" name="test_member_admin_api_and_last_admin_protection" time="1.543" /><testcase classname="tests.test_reinforcement" name="test_missing_environment_is_production_fail_closed" time="0.003" /><testcase classname="tests.test_reinforcement" name="test_unicode_csrf_is_rejected_without_exception" time="0.000" /><testcase classname="tests.test_reinforcement" name="test_api_serializes_utc" time="0.934" /><testcase classname="tests.test_reinforcement" name="test_safe_identity_observation_does_not_dump_environment" time="0.485" /><testcase classname="tests.test_reinforcement" name="test_generic_saved_filter_contract" time="0.597" /><testcase classname="tests.test_reinforcement" name="test_server_policy_file_controls_authorization" time="0.456" /><testcase classname="tests.test_reinforcement" name="test_unknown_route_uses_error_contract" time="1.654" /><testcase classname="tests.test_reinforcement" name="test_advertised_sorts_match_api" time="0.614" /><testcase classname="tests.test_reinforcement" name="test_saved_view_link_enforces_owner" time="0.710" /><testcase classname="tests.test_reinforcement" name="test_two_connections_cannot_both_accept_stale_revision" time="1.655" /><testcase classname="tests.test_reinforcement" name="test_direct_tooling_cannot_skip_production_qualification" time="0.375" /><testcase classname="tests.test_software_engineering_api" name="test_delivery_pipeline_duration_stages_and_service_link" time="0.930" /><testcase classname="tests.test_software_engineering_api" name="test_observability_trace_and_service_link" time="0.840" /><testcase classname="tests.test_software_engineering_api" name="test_incident_command_and_cross_domain_links" time="1.106" /><testcase classname="tests.test_software_engineering_api" name="test_slo_server_owns_budget_burn_status_and_revert" time="0.915" /><testcase classname="tests.test_software_engineering_api" name="test_software_workspace_definitions_expose_pack_projections" time="0.499" /><testcase classname="tests.test_views_and_files" name="test_personal_views_are_private" time="0.658" /><testcase classname="tests.test_views_and_files" name="test_shared_views_readable_but_not_editable_by_others" time="0.649" /><testcase classname="tests.test_views_and_files" name="test_explicit_team_views_require_membership" time="0.773" /><testcase classname="tests.test_views_and_files" name="test_viewer_can_save_personal_not_team" time="1.049" /><testcase classname="tests.test_views_and_files" name="test_view_conflicts" time="0.316" /><testcase classname="tests.test_views_and_files" name="test_view_columns_are_sanitized" time="0.305" /><testcase classname="tests.test_views_and_files" name="test_bad_view_state_rejected[definition0]" time="0.407" /><testcase classname="tests.test_views_and_files" name="test_bad_view_state_rejected[definition1]" time="0.453" /><testcase classname="tests.test_views_and_files" name="test_bad_view_state_rejected[definition2]" time="0.392" /><testcase classname="tests.test_views_and_files" name="test_bad_advanced_view_state_rejected[advanced0]" time="0.369" /><testcase classname="tests.test_views_and_files" name="test_bad_advanced_view_state_rejected[advanced1]" time="0.297" /><testcase classname="tests.test_views_and_files" name="test_bad_advanced_view_state_rejected[advanced2]" time="0.347" /><testcase classname="tests.test_views_and_files" name="test_bad_advanced_view_state_rejected[advanced3]" time="0.276" /><testcase classname="tests.test_views_and_files" name="test_upload_download_and_tenant_boundary" time="1.035" /><testcase classname="tests.test_views_and_files" name="test_unsafe_upload_rejected[../secret.txt-text/plain-test]" time="0.343" /><testcase classname="tests.test_views_and_files" name="test_unsafe_upload_rejected[a\\b.txt-text/plain-test]" time="0.445" /><testcase classname="tests.test_views_and_files" name="test_unsafe_upload_rejected[a.svg-image/svg+xml-&lt;svg/&gt;]" time="0.334" /><testcase classname="tests.test_views_and_files" name="test_unsafe_upload_rejected[a.png-image/png-not png]" time="0.443" /><testcase classname="tests.test_views_and_files" name="test_unsafe_upload_rejected[a.pdf-application/pdf-not pdf]" time="0.424" /><testcase classname="tests.test_views_and_files" name="test_unsafe_upload_rejected[a.txt-text/plain-\xff]" time="0.496" /><testcase classname="tests.test_views_and_files" name="test_saved_view_persists_supported_visualization" time="0.364" /><testcase classname="tests.test_views_and_files" name="test_saved_view_persists_bounded_dashboard_layout" time="0.352" /><testcase classname="tests.test_views_and_files" name="test_saved_view_rejects_unsupported_visualization" time="0.402" /><testcase classname="tests.test_views_and_files" name="test_saved_view_favorites_and_defaults_are_scoped" time="0.305" /><testcase classname="tests.test_views_and_files" name="test_record_comments_are_tenant_scoped_and_authorized" time="1.027" /><testcase classname="tests.test_views_and_files" name="test_archived_record_comments_are_read_only_for_delete" time="0.544" /><testcase classname="tests.test_views_and_files" name="test_active_comment_delete_keeps_author_admin_rule" time="0.399" /><testcase classname="tests.test_views_and_files" name="test_generic_record_files_cover_non_work_item_entities" time="0.350" /><testcase classname="tests.test_entities_relationships" name="test_entity_registry_exposes_canonical_work_items" time="0.533" /><testcase classname="tests.test_entities_relationships" name="test_entity_search_is_tenant_scoped" time="0.656" /><testcase classname="tests.test_entities_relationships" name="test_relationship_registry_exposes_project_work_contract" time="0.562" /><testcase classname="tests.test_entities_relationships" name="test_relationship_list_validates_entity_and_record" time="0.587" /><testcase classname="tests.test_entities_relationships" name="test_relationship_graph_lists_entity_edges" time="0.507" /><testcase classname="tests.test_entities_relationships" name="test_relationship_explorers_are_bounded_and_directional" time="0.640" /><testcase classname="tests.test_entities_relationships" name="test_relationship_explorer_stays_bounded_on_a_large_relationship_set" time="2.546" /><testcase classname="tests.test_integrations" name="test_typed_provider_result_is_redacted_and_idempotent" time="0.000" /><testcase classname="tests.test_integrations" name="test_retry_is_bounded_and_uses_backoff" time="0.000" /><testcase classname="tests.test_integrations" name="test_idempotency_rejects_reused_key_for_different_payload" time="0.000" /><testcase classname="tests.test_integrations" name="test_production_rejects_http_and_unknown_origin" time="0.000" /><testcase classname="tests.test_integrations" name="test_rate_limit_is_tenant_and_provider_scoped" time="0.000" /><testcase classname="tests.test_projects_relationships" name="test_projects_are_revision_safe_and_audited" time="0.383" /><testcase classname="tests.test_projects_relationships" name="test_project_relationship_uses_live_canonical_labels" time="0.441" /><testcase classname="tests.test_projects_relationships" name="test_project_membership_cardinality_prevents_two_projects_for_one_work_item" time="0.687" /><testcase classname="tests.test_projects_relationships" name="test_relationship_lifecycle_is_revision_safe" time="0.506" /><testcase classname="tests.test_projects_relationships" name="test_relationship_rejects_missing_target_and_viewer_write" time="0.628" /><testcase classname="tests.test_release_safety" name="test_production_scanner_required_rejects_noop_at_startup" time="0.019" /><testcase classname="tests.test_release_safety" name="test_production_uploads_disabled_is_safe_with_noop" time="0.202" /><testcase classname="tests.test_release_safety" name="test_disabled_upload_policy_is_enforced_by_shared_service" time="0.230" /><testcase classname="tests.test_release_safety" name="test_disabled_upload_policy_blocks_generic_and_legacy_routes" time="0.528" /><testcase classname="tests.test_release_safety" name="test_trusted_types_uses_only_bounded_file_policy" time="0.208" /><testcase classname="tests.test_release_safety" name="test_deterministic_scanner_rejects_eicar_and_svg_without_residue" time="0.286" /><testcase classname="tests.test_release_safety" name="test_scanner_failure_is_safe_and_does_not_persist_object" time="0.282" /><testcase classname="tests.test_software_engineering_pack" name="test_delivery_incident_slo_and_observability_normalizers" time="0.000" /><testcase classname="tests.test_software_engineering_pack" name="test_derived_observability_and_delivery_context" time="0.000" /><testcase classname="tests.test_work_items" name="test_create_persist_and_history" time="0.942" /><testcase classname="tests.test_work_items" name="test_invalid_create_is_rejected[payload0]" time="0.424" /><testcase classname="tests.test_work_items" name="test_invalid_create_is_rejected[payload1]" time="0.398" /><testcase classname="tests.test_work_items" name="test_invalid_create_is_rejected[payload2]" time="0.610" /><testcase classname="tests.test_work_items" name="test_invalid_create_is_rejected[payload3]" time="0.964" /><testcase classname="tests.test_work_items" name="test_invalid_create_is_rejected[payload4]" time="1.122" /><testcase classname="tests.test_work_items" name="test_invalid_create_is_rejected[payload5]" time="0.703" /><testcase classname="tests.test_work_items" name="test_invalid_create_is_rejected[payload6]" time="0.526" /><testcase classname="tests.test_work_items" name="test_invalid_create_is_rejected[payload7]" time="0.593" /><testcase classname="tests.test_work_items" name="test_invalid_create_is_rejected[payload8]" time="0.991" /><testcase classname="tests.test_work_items" name="test_trim_and_unicode" time="0.652" /><testcase classname="tests.test_work_items" name="test_optimistic_conflict_preserves_new_state" time="0.582" /><testcase classname="tests.test_work_items" name="test_simultaneous_updates_allow_one_winner" time="0.891" /><testcase classname="tests.test_work_items" name="test_archive_readonly_restore" time="0.695" /><testcase classname="tests.test_work_items" name="test_revert_creates_new_revision" time="1.370" /><testcase classname="tests.test_work_items" name="test_bulk_is_atomic" time="0.660" /><testcase classname="tests.test_work_items" name="test_bulk_duplicate_target_rejected" time="0.403" /><testcase classname="tests.test_work_items" name="test_bulk_success_and_idempotent_replay" time="0.579" /><testcase classname="tests.test_work_items" name="test_create_idempotency" time="0.403" /><testcase classname="tests.test_work_items" name="test_invalid_query[params0]" time="0.376" /><testcase classname="tests.test_work_items" name="test_invalid_query[params1]" time="0.780" /><testcase classname="tests.test_work_items" name="test_invalid_query[params2]" time="0.484" /><testcase classname="tests.test_work_items" name="test_invalid_query[params3]" time="0.535" /><testcase classname="tests.test_work_items" name="test_invalid_query[params4]" time="0.500" /><testcase classname="tests.test_work_items" name="test_invalid_query[params5]" time="0.535" /><testcase classname="tests.test_work_items" name="test_invalid_query[params6]" time="0.537" /><testcase classname="tests.test_work_items" name="test_search_is_literal" time="0.689" /><testcase classname="tests.test_work_items" name="test_filter_and_pagination" time="1.033" /><testcase classname="tests.test_work_items" name="test_rich_query_state_is_server_owned" time="0.342" /><testcase classname="tests.test_work_items" name="test_rich_query_state_rejects_unsafe_or_invalid_shapes[params0]" time="0.341" /><testcase classname="tests.test_work_items" name="test_rich_query_state_rejects_unsafe_or_invalid_shapes[params1]" time="0.505" /><testcase classname="tests.test_work_items" name="test_rich_query_state_rejects_unsafe_or_invalid_shapes[params2]" time="0.461" /><testcase classname="tests.test_work_items" name="test_rich_query_state_rejects_unsafe_or_invalid_shapes[params3]" time="0.422" /><testcase classname="tests.test_work_items" name="test_all_matching_bulk_requires_fresh_server_fingerprint" time="0.388" /><testcase classname="tests.test_work_items" name="test_audit_table_is_append_only" time="0.388" /><testcase classname="tests.test_work_items" name="test_database_constraints_work_for_direct_clients" time="0.608" /></testsuite>