<?xml version="1.0" encoding="utf-8"?><testsuites name="pytest tests"><testsuite name="pytest" errors="0" failures="0" skipped="0" tests="61" time="17.774" timestamp="2026-09-19T10:09:41.599784-05:00" hostname="HaeBook-Pro-M3.local"><testcase classname="tests.test_api_compatibility" name="test_bootstrap_exposes_only_safe_api_contract_metadata" time="0.306" /><testcase classname="tests.test_api_compatibility" name="test_openapi_publishes_contract_metadata_separately_from_application_version" time="0.982" /><testcase classname="tests.test_engineering_intelligence" name="test_knowledge_investigation_research_are_canonical_and_revision_safe" time="0.463" /><testcase classname="tests.test_engineering_intelligence" name="test_cross_domain_relationships_use_live_labels" time="0.431" /><testcase classname="tests.test_engineering_intelligence" name="test_risk_scores_are_server_owned_on_create_update_and_revert" time="0.435" /><testcase classname="tests.test_engineering_intelligence" name="test_risk_links_to_investigation_and_equipment" time="0.509" /><testcase classname="tests.test_engineering_intelligence" name="test_knowledge_workflow_and_bulk_risk_scoring_are_server_owned" time="0.393" /><testcase classname="tests.test_engineering_intelligence" name="test_workspace_definitions_expose_dense_custom_projections_and_readonly_scores" time="0.340" /><testcase classname="tests.test_engineering_intelligence" name="test_viewer_cannot_mutate_new_intelligence_entities" time="0.443" /><testcase classname="tests.test_global_search" name="test_global_search_returns_records_and_scoped_saved_views" time="0.356" /><testcase classname="tests.test_global_search" name="test_global_search_rejects_blank_queries" time="0.321" /><testcase classname="tests.test_platform_services" name="test_feature_flags_are_revision_safe_and_admin_only" time="0.437" /><testcase classname="tests.test_platform_services" name="test_notification_preferences_and_private_inbox" time="0.524" /><testcase classname="tests.test_platform_services" name="test_events_are_ordered_filterable_and_tenant_scoped" time="0.464" /><testcase classname="tests.test_platform_services" name="test_durable_job_leasing_retry_and_cancel" time="0.478" /><testcase classname="tests.test_platform_services" name="test_job_heartbeat_and_fencing_reject_stale_worker" time="0.243" /><testcase classname="tests.test_platform_services" name="test_expired_job_lease_can_be_reclaimed_by_new_worker" time="0.177" /><testcase classname="tests.test_platform_services" name="test_handler_exception_retries_then_final_fails" time="0.188" /><testcase classname="tests.test_platform_services" name="test_webhook_definition_is_allowlisted_revision_safe_and_secret_ref_only" time="0.440" /><testcase classname="tests.test_platform_services" name="test_webhook_settings_reject_unsafe_hosts" time="0.001" /><testcase classname="tests.test_platform_services" name="test_revision_events_enqueue_and_deliver_allowlisted_webhook" time="0.318" /><testcase classname="tests.test_platform_services" name="test_webhook_delivery_history_records_retryable_failure" time="0.344" /><testcase classname="tests.test_platform_services" name="test_process_one_releases_database_lock_before_handler" time="0.185" /><testcase classname="tests.test_platform_services" name="test_process_one_renews_long_handler_lease" time="1.456" /><testcase classname="tests.test_platform_services" name="test_process_one_lost_fence_cannot_finalize_handler_result" time="0.175" /><testcase classname="tests.test_platform_services" name="test_member_admin_api_and_last_admin_protection" time="0.407" /><testcase classname="tests.test_rack_connectivity" name="test_parallel_equipment_connections_use_ports_as_uniqueness_boundary" time="0.314" /><testcase classname="tests.test_rack_connectivity" name="test_port_occupancy_is_case_insensitive_and_cross_directional" time="0.395" /><testcase classname="tests.test_rack_connectivity" name="test_archive_releases_port_and_restore_revalidates_occupancy" time="0.399" /><testcase classname="tests.test_rack_connectivity" name="test_connection_metadata_is_validated_and_revision_safe" time="0.370" /><testcase classname="tests.test_rack_connectivity" name="test_connection_definition_exposes_parallel_port_semantics" time="0.224" /><testcase classname="tests.test_security" name="test_viewer_cannot_write" time="0.334" /><testcase classname="tests.test_security" name="test_editor_cannot_restore" time="0.412" /><testcase classname="tests.test_security" name="test_tenant_access_is_server_enforced" time="0.426" /><testcase classname="tests.test_security" name="test_unprovisioned_user_cannot_self_register" time="0.243" /><testcase classname="tests.test_security" name="test_bad_tenant_identifiers[../registry]" time="0.333" /><testcase classname="tests.test_security" name="test_bad_tenant_identifiers[/tmp/x]" time="0.306" /><testcase classname="tests.test_security" name="test_bad_tenant_identifiers[C2010C21-AC28-4CEB-B91F-BEDD334FF29F]" time="0.243" /><testcase classname="tests.test_security" name="test_bad_tenant_identifiers[1]" time="0.306" /><testcase classname="tests.test_security" name="test_bad_tenant_identifiers[]" time="0.249" /><testcase classname="tests.test_security" name="test_csrf_required" time="0.309" /><testcase classname="tests.test_security" name="test_cross_user_csrf_rejected" time="0.397" /><testcase classname="tests.test_security" name="test_cross_origin_write_rejected" time="0.329" /><testcase classname="tests.test_security" name="test_development_header_cannot_impersonate" time="0.241" /><testcase classname="tests.test_security" name="test_company_identity_only_reads_accesskey" time="0.000" /><testcase classname="tests.test_security" name="test_company_missing_identity_refuses_start" time="0.156" /><testcase classname="tests.test_security" name="test_production_defaults_fail_closed" time="0.001" /><testcase classname="tests.test_security" name="test_opaque_s3_mount_cannot_be_qualified" time="0.000" /><testcase classname="tests.test_security" name="test_qualification_template_and_placeholder_evidence_cannot_validate" time="0.000" /><testcase classname="tests.test_security" name="test_production_scanner_status_is_required_for_readiness" time="0.000" /><testcase classname="tests.test_security" name="test_shared_process_identity_cannot_be_qualified" time="0.000" /><testcase classname="tests.test_security" name="test_origin_configuration_rejects_paths" time="0.000" /><testcase classname="tests.test_security" name="test_json_only_and_body_limit" time="0.283" /><testcase classname="tests.test_security" name="test_no_sensitive_runtime_configuration" time="0.231" /><testcase classname="tests.test_security" name="test_inactive_tenant_blocked" time="0.409" /><testcase classname="tests.test_statistics_engine" name="test_descriptive_and_imr_are_deterministic" time="0.000" /><testcase classname="tests.test_statistics_engine" name="test_xbar_r_equal_groups_and_guards" time="0.000" /><testcase classname="tests.test_statistics_engine" name="test_capability_uses_within_and_overall_sigma" time="0.000" /><testcase classname="tests.test_statistics_engine" name="test_ewma_pareto_and_run_rules" time="0.000" /><testcase classname="tests.test_statistics_engine" name="test_xbar_s_attribute_charts_and_cusum_are_deterministic" time="0.000" /><testcase classname="tests.test_statistics_engine" name="test_correlation_and_regression_have_known_values_and_zero_variance_guards" time="0.000" /></testsuite></testsuites>