<?xml version="1.0" encoding="utf-8"?><testsuites name="pytest tests"><testsuite name="pytest" errors="0" failures="0" skipped="0" tests="78" time="21.710" timestamp="2026-09-18T17:20:06.079127-05:00" hostname="HaeBook-Pro-M3.local"><testcase classname="tests.test_configuration_contract" name="test_authoritative_contract_is_metadata_only_and_covers_owned_surfaces" time="0.000" /><testcase classname="tests.test_configuration_contract" name="test_unknown_backend_namespace_fails_closed_without_echoing_value" time="0.000" /><testcase classname="tests.test_configuration_contract" name="test_frontend_namespace_is_separate_when_backend_environment_is_shared" time="0.001" /><testcase classname="tests.test_configuration_contract" name="test_conflicting_case_variant_reserved_keys_fail_closed_without_values" time="0.000" /><testcase classname="tests.test_configuration_contract" name="test_environment_requiredness_is_pure_and_profile_specific" time="0.002" /><testcase classname="tests.test_configuration_contract" name="test_explicit_constructor_overrides_environment_and_defaults" time="0.001" /><testcase classname="tests.test_configuration_contract" name="test_pure_validation_precedes_profile_runtime_construction" time="0.001" /><testcase classname="tests.test_configuration_contract" name="test_secret_fields_are_redacted_from_settings_surfaces_and_errors" time="0.001" /><testcase classname="tests.test_configuration_contract" name="test_contract_loader_does_not_store_test_secret_values" time="0.000" /><testcase classname="tests.test_entity_bulk_update" name="test_generic_bulk_update_is_atomic_revision_safe_and_audited" time="0.387" /><testcase classname="tests.test_entity_bulk_update" name="test_bulk_update_validates_all_targets_before_writing" time="0.343" /><testcase classname="tests.test_entity_bulk_update" name="test_bulk_update_rejects_readonly_unknown_and_invalid_fields" time="0.407" /><testcase classname="tests.test_entity_bulk_update" name="test_bulk_update_permissions_and_archived_records" time="0.417" /><testcase classname="tests.test_operations" name="test_backup_restore_retains_data_and_source" time="0.303" /><testcase classname="tests.test_operations" name="test_snapshot_enumerates_attachment_references_from_staged_database" time="0.234" /><testcase classname="tests.test_operations" name="test_object_attachment_survives_backup_restore_and_download" time="0.480" /><testcase classname="tests.test_operations" name="test_missing_referenced_object_rejects_snapshot" time="0.339" /><testcase classname="tests.test_operations" name="test_corrupt_or_unsafe_object_snapshot_rejects_restore_without_target" time="0.284" /><testcase classname="tests.test_operations" name="test_restore_symlink_object_rejects_without_target" time="0.347" /><testcase classname="tests.test_operations" name="test_symlink_object_is_rejected_and_snapshot_is_not_modified" time="0.341" /><testcase classname="tests.test_operations" name="test_restore_corruption_rejected_without_target" time="0.232" /><testcase classname="tests.test_operations" name="test_restore_path_traversal_rejected" time="0.217" /><testcase classname="tests.test_operations" name="test_live_overwrite_refused" time="0.214" /><testcase classname="tests.test_operations" name="test_snapshot_requires_quiescence" time="0.182" /><testcase classname="tests.test_operations" name="test_storage_probe_is_not_certification" time="0.232" /><testcase classname="tests.test_operations" name="test_direct_api_uses_membership_and_audit" time="0.166" /><testcase classname="tests.test_operations" name="test_database_missing_fails_without_creation" time="0.001" /><testcase classname="tests.test_operations" name="test_database_symlink_refused" time="0.196" /><testcase classname="tests.test_projects_relationships" name="test_projects_are_revision_safe_and_audited" time="0.364" /><testcase classname="tests.test_projects_relationships" name="test_project_relationship_uses_live_canonical_labels" time="0.398" /><testcase classname="tests.test_projects_relationships" name="test_project_membership_cardinality_prevents_two_projects_for_one_work_item" time="0.416" /><testcase classname="tests.test_projects_relationships" name="test_relationship_lifecycle_is_revision_safe" time="0.487" /><testcase classname="tests.test_projects_relationships" name="test_relationship_rejects_missing_target_and_viewer_write" time="0.410" /><testcase classname="tests.test_reinforcement" name="test_missing_environment_is_production_fail_closed" time="0.001" /><testcase classname="tests.test_reinforcement" name="test_unicode_csrf_is_rejected_without_exception" time="0.000" /><testcase classname="tests.test_reinforcement" name="test_api_serializes_utc" time="0.282" /><testcase classname="tests.test_reinforcement" name="test_safe_identity_observation_does_not_dump_environment" time="0.339" /><testcase classname="tests.test_reinforcement" name="test_generic_saved_filter_contract" time="0.243" /><testcase classname="tests.test_reinforcement" name="test_server_policy_file_controls_authorization" time="0.310" /><testcase classname="tests.test_reinforcement" name="test_unknown_route_uses_error_contract" time="0.492" /><testcase classname="tests.test_reinforcement" name="test_advertised_sorts_match_api" time="0.451" /><testcase classname="tests.test_reinforcement" name="test_saved_view_link_enforces_owner" time="0.404" /><testcase classname="tests.test_reinforcement" name="test_two_connections_cannot_both_accept_stale_revision" time="0.412" /><testcase classname="tests.test_reinforcement" name="test_direct_tooling_cannot_skip_production_qualification" time="0.153" /><testcase classname="tests.test_software_engineering_api" name="test_delivery_pipeline_duration_stages_and_service_link" time="0.492" /><testcase classname="tests.test_software_engineering_api" name="test_observability_trace_and_service_link" time="0.490" /><testcase classname="tests.test_software_engineering_api" name="test_incident_command_and_cross_domain_links" time="0.588" /><testcase classname="tests.test_software_engineering_api" name="test_slo_server_owns_budget_burn_status_and_revert" time="0.536" /><testcase classname="tests.test_software_engineering_api" name="test_software_workspace_definitions_expose_pack_projections" time="0.225" /><testcase classname="tests.test_views_and_files" name="test_personal_views_are_private" time="0.356" /><testcase classname="tests.test_views_and_files" name="test_shared_views_readable_but_not_editable_by_others" time="0.348" /><testcase classname="tests.test_views_and_files" name="test_explicit_team_views_require_membership" time="0.378" /><testcase classname="tests.test_views_and_files" name="test_viewer_can_save_personal_not_team" time="0.297" /><testcase classname="tests.test_views_and_files" name="test_view_conflicts" time="0.227" /><testcase classname="tests.test_views_and_files" name="test_view_columns_are_sanitized" time="0.291" /><testcase classname="tests.test_views_and_files" name="test_bad_view_state_rejected[definition0]" time="0.214" /><testcase classname="tests.test_views_and_files" name="test_bad_view_state_rejected[definition1]" time="0.274" /><testcase classname="tests.test_views_and_files" name="test_bad_view_state_rejected[definition2]" time="0.214" /><testcase classname="tests.test_views_and_files" name="test_bad_advanced_view_state_rejected[advanced0]" time="0.271" /><testcase classname="tests.test_views_and_files" name="test_bad_advanced_view_state_rejected[advanced1]" time="0.281" /><testcase classname="tests.test_views_and_files" name="test_bad_advanced_view_state_rejected[advanced2]" time="0.222" /><testcase classname="tests.test_views_and_files" name="test_bad_advanced_view_state_rejected[advanced3]" time="0.281" /><testcase classname="tests.test_views_and_files" name="test_upload_download_and_tenant_boundary" time="0.455" /><testcase classname="tests.test_views_and_files" name="test_download_rejects_object_bytes_that_do_not_match_canonical_metadata" time="0.255" /><testcase classname="tests.test_views_and_files" name="test_unsafe_upload_rejected[../secret.txt-text/plain-test]" time="0.301" /><testcase classname="tests.test_views_and_files" name="test_unsafe_upload_rejected[a\\b.txt-text/plain-test]" time="0.243" /><testcase classname="tests.test_views_and_files" name="test_unsafe_upload_rejected[a.svg-image/svg+xml-&lt;svg/&gt;]" time="0.296" /><testcase classname="tests.test_views_and_files" name="test_unsafe_upload_rejected[a.png-image/png-not png]" time="0.288" /><testcase classname="tests.test_views_and_files" name="test_unsafe_upload_rejected[a.pdf-application/pdf-not pdf]" time="0.240" /><testcase classname="tests.test_views_and_files" name="test_unsafe_upload_rejected[a.txt-text/plain-\xff]" time="0.294" /><testcase classname="tests.test_views_and_files" name="test_saved_view_persists_supported_visualization" time="0.210" /><testcase classname="tests.test_views_and_files" name="test_saved_view_persists_bounded_dashboard_layout" time="0.281" /><testcase classname="tests.test_views_and_files" name="test_saved_view_rejects_unsupported_visualization" time="0.272" /><testcase classname="tests.test_views_and_files" name="test_saved_view_favorites_and_defaults_are_scoped" time="0.225" /><testcase classname="tests.test_views_and_files" name="test_record_comments_are_tenant_scoped_and_authorized" time="0.484" /><testcase classname="tests.test_views_and_files" name="test_archived_record_comments_are_read_only_for_delete" time="0.494" /><testcase classname="tests.test_views_and_files" name="test_active_comment_delete_keeps_author_admin_rule" time="0.449" /><testcase classname="tests.test_views_and_files" name="test_generic_record_files_cover_non_work_item_entities" time="0.402" /></testsuite></testsuites>