<?xml version="1.0" encoding="utf-8"?><testsuites name="pytest tests"><testsuite name="pytest" errors="0" failures="0" skipped="0" tests="103" time="34.672" timestamp="2026-09-18T15:45:39.122400-05:00" hostname="HaeBook-Pro-M3.local"><testcase classname="tests.test_analytics_semiconductor" name="test_process_measurement_spec_contract_and_equipment_link" time="0.574" /><testcase classname="tests.test_analytics_semiconductor" name="test_wafer_server_owns_yield_and_rejects_bad_coordinates" time="0.474" /><testcase classname="tests.test_analytics_semiconductor" name="test_lot_route_state_duration_recipe_and_cross_links" time="0.677" /><testcase classname="tests.test_analytics_semiconductor" name="test_server_owned_computed_duration_persists_through_update_and_revert" time="0.657" /><testcase classname="tests.test_analytics_semiconductor" name="test_semiconductor_workspace_definitions_expose_pack_projections" time="0.457" /><testcase classname="tests.test_diagram_designer" name="test_diagram_counts_and_graph_integrity_are_server_owned" time="0.801" /><testcase classname="tests.test_diagram_designer" name="test_diagram_update_and_revert_revalidate_graph_and_counts" time="0.565" /><testcase classname="tests.test_diagram_designer" name="test_diagram_rejects_unsafe_ids_coordinates_and_viewport" time="0.534" /><testcase classname="tests.test_diagram_designer" name="test_diagram_workspace_defaults_to_designer" time="0.334" /><testcase classname="tests.test_exchange" name="test_csv_roundtrip_and_formula_safety[=SUM(1,2)]" time="0.000" /><testcase classname="tests.test_exchange" name="test_csv_roundtrip_and_formula_safety[+cmd]" time="0.000" /><testcase classname="tests.test_exchange" name="test_csv_roundtrip_and_formula_safety[-42]" time="0.000" /><testcase classname="tests.test_exchange" name="test_csv_roundtrip_and_formula_safety[@danger]" time="0.000" /><testcase classname="tests.test_exchange" name="test_csv_roundtrip_and_formula_safety['leading]" time="0.000" /><testcase classname="tests.test_exchange" name="test_csv_roundtrip_and_formula_safety[plain]" time="0.000" /><testcase classname="tests.test_exchange" name="test_csv_roundtrip_and_formula_safety[\ud68c\uc0ac]" time="0.000" /><testcase classname="tests.test_exchange" name="test_csv_roundtrip_and_formula_safety[  =SUM(A1)]" time="0.000" /><testcase classname="tests.test_exchange" name="test_csv_roundtrip_and_formula_safety[line\nbreak]" time="0.000" /><testcase classname="tests.test_exchange" name="test_xlsx_roundtrip_and_api_commit" time="0.349" /><testcase classname="tests.test_exchange" name="test_json_snapshot_roundtrip_and_api_export" time="0.280" /><testcase classname="tests.test_exchange" name="test_preview_invalid_row" time="0.336" /><testcase classname="tests.test_exchange" name="test_import_review_and_idempotency" time="0.413" /><testcase classname="tests.test_exchange" name="test_invalid_columns_and_version[title,title,status,priority\nx,x,open,high\n]" time="0.000" /><testcase classname="tests.test_exchange" name="test_invalid_columns_and_version[title\na]" time="0.000" /><testcase classname="tests.test_exchange" name="test_invalid_columns_and_version[]" time="0.000" /><testcase classname="tests.test_exchange" name="test_invalid_columns_and_version[# golden-work-items/999\n]" time="0.000" /><testcase classname="tests.test_exchange" name="test_many_rows_rejected" time="0.000" /><testcase classname="tests.test_planning_engine" name="test_plan_dates_duration_baseline_and_milestones_are_server_validated" time="0.454" /><testcase classname="tests.test_planning_engine" name="test_plan_hierarchy_and_dependency_relationships_reject_cycles" time="0.517" /><testcase classname="tests.test_planning_engine" name="test_plan_task_can_belong_to_only_one_project" time="0.384" /><testcase classname="tests.test_planning_engine" name="test_plan_capacity_reports_overallocation_and_baseline_slip" time="0.599" /><testcase classname="tests.test_qualification_bootstrap" name="test_prerequisite_schema_is_separate_and_strict" time="0.001" /><testcase classname="tests.test_qualification_bootstrap" name="test_prerequisites_reject_unsafe_values[provider_sqlite_support_reference-tested]" time="0.001" /><testcase classname="tests.test_qualification_bootstrap" name="test_prerequisites_reject_unsafe_values[persistent_root-relative-root]" time="0.001" /><testcase classname="tests.test_qualification_bootstrap" name="test_prerequisites_reject_unsafe_values[identity_topology-shared_process]" time="0.000" /><testcase classname="tests.test_qualification_bootstrap" name="test_prerequisites_reject_unsafe_values[storage_kind-s3_fuse]" time="0.000" /><testcase classname="tests.test_qualification_bootstrap" name="test_prerequisites_reject_unsafe_values[all_database_clients_same_host-False]" time="0.001" /><testcase classname="tests.test_qualification_bootstrap" name="test_prerequisites_reject_unsafe_values[authorized_at-2026-09-10T00:00:00]" time="0.000" /><testcase classname="tests.test_qualification_bootstrap" name="test_qualification_validation_covers_common_safety_and_binding_errors" time="0.001" /><testcase classname="tests.test_qualification_bootstrap" name="test_qualification_scanner_required_status_is_checked_separately" time="0.001" /><testcase classname="tests.test_qualification_bootstrap" name="test_settings_validates_dns_webhook_entries_and_origin_slashes" time="0.003" /><testcase classname="tests.test_qualification_bootstrap" name="test_qualification_requires_prerequisites_and_company_identity" time="0.012" /><testcase classname="tests.test_qualification_bootstrap" name="test_qualification_startup_and_readiness_are_not_production_ready" time="0.011" /><testcase classname="tests.test_qualification_bootstrap" name="test_production_rejects_prerequisites_without_final_qualification" time="0.017" /><testcase classname="tests.test_qualification_bootstrap" name="test_production_operator_preflight_rejects_prerequisite_only" time="0.573" /><testcase classname="tests.test_qualification_bootstrap" name="test_valid_final_qualification_passes_production_preflight" time="0.007" /><testcase classname="tests.test_qualification_bootstrap" name="test_production_rejects_self_consistent_fake_source_binding" time="0.002" /><testcase classname="tests.test_qualification_bootstrap" name="test_production_rejects_release_fact_mismatch_against_repository_anchor[technical_release-verified_source_commit]" time="0.002" /><testcase classname="tests.test_qualification_bootstrap" name="test_production_rejects_release_fact_mismatch_against_repository_anchor[release_evidence-source_digest]" time="0.002" /><testcase classname="tests.test_qualification_bootstrap" name="test_production_missing_or_unreadable_repository_identity_fails_closed" time="0.002" /><testcase classname="tests.test_qualification_bootstrap" name="test_qualification_operator_flow_does_not_require_final_evidence" time="5.556" /><testcase classname="tests.test_qualification_bootstrap" name="test_qualification_state_machine_fixture_can_transition_to_final_preflight" time="0.782" /><testcase classname="tests.test_release_safety" name="test_production_scanner_required_rejects_noop_at_startup" time="0.012" /><testcase classname="tests.test_release_safety" name="test_production_uploads_disabled_is_safe_with_noop" time="0.012" /><testcase classname="tests.test_release_safety" name="test_disabled_upload_policy_is_enforced_by_shared_service" time="0.565" /><testcase classname="tests.test_release_safety" name="test_disabled_upload_policy_blocks_generic_and_legacy_routes" time="0.523" /><testcase classname="tests.test_release_safety" name="test_trusted_types_uses_only_bounded_file_policy" time="0.457" /><testcase classname="tests.test_release_safety" name="test_scanner_required_rejects_missing_or_noop_service_scanner[None]" time="0.466" /><testcase classname="tests.test_release_safety" name="test_scanner_required_rejects_missing_or_noop_service_scanner[scanner1]" time="0.421" /><testcase classname="tests.test_release_safety" name="test_deterministic_scanner_rejects_eicar_and_svg_without_residue" time="0.471" /><testcase classname="tests.test_release_safety" name="test_scanner_failure_is_safe_and_does_not_persist_object" time="0.479" /><testcase classname="tests.test_release_safety" name="test_storage_failure_after_write_is_cleaned_up_and_does_not_persist_row" time="0.534" /><testcase classname="tests.test_release_safety" name="test_attachment_storage_is_bound_to_authenticated_tenant" time="0.471" /><testcase classname="tests.test_release_safety" name="test_scanner_must_return_a_boolean_approval" time="0.452" /><testcase classname="tests.test_release_safety" name="test_shared_attachment_service_rejects_archived_record" time="0.456" /><testcase classname="tests.test_software_engineering_pack" name="test_delivery_incident_slo_and_observability_normalizers" time="0.000" /><testcase classname="tests.test_software_engineering_pack" name="test_derived_observability_and_delivery_context" time="0.000" /><testcase classname="tests.test_work_items" name="test_create_persist_and_history" time="0.354" /><testcase classname="tests.test_work_items" name="test_invalid_create_is_rejected[payload0]" time="0.584" /><testcase classname="tests.test_work_items" name="test_invalid_create_is_rejected[payload1]" time="0.675" /><testcase classname="tests.test_work_items" name="test_invalid_create_is_rejected[payload2]" time="0.851" /><testcase classname="tests.test_work_items" name="test_invalid_create_is_rejected[payload3]" time="0.465" /><testcase classname="tests.test_work_items" name="test_invalid_create_is_rejected[payload4]" time="0.307" /><testcase classname="tests.test_work_items" name="test_invalid_create_is_rejected[payload5]" time="0.343" /><testcase classname="tests.test_work_items" name="test_invalid_create_is_rejected[payload6]" time="0.375" /><testcase classname="tests.test_work_items" name="test_invalid_create_is_rejected[payload7]" time="0.297" /><testcase classname="tests.test_work_items" name="test_invalid_create_is_rejected[payload8]" time="0.394" /><testcase classname="tests.test_work_items" name="test_trim_and_unicode" time="0.315" /><testcase classname="tests.test_work_items" name="test_optimistic_conflict_preserves_new_state" time="0.383" /><testcase classname="tests.test_work_items" name="test_simultaneous_updates_allow_one_winner" time="0.495" /><testcase classname="tests.test_work_items" name="test_archive_readonly_restore" time="0.364" /><testcase classname="tests.test_work_items" name="test_revert_creates_new_revision" time="0.308" /><testcase classname="tests.test_work_items" name="test_bulk_is_atomic" time="0.381" /><testcase classname="tests.test_work_items" name="test_bulk_duplicate_target_rejected" time="0.378" /><testcase classname="tests.test_work_items" name="test_bulk_success_and_idempotent_replay" time="0.313" /><testcase classname="tests.test_work_items" name="test_create_idempotency" time="0.405" /><testcase classname="tests.test_work_items" name="test_invalid_query[params0]" time="0.253" /><testcase classname="tests.test_work_items" name="test_invalid_query[params1]" time="0.379" /><testcase classname="tests.test_work_items" name="test_invalid_query[params2]" time="0.346" /><testcase classname="tests.test_work_items" name="test_invalid_query[params3]" time="0.259" /><testcase classname="tests.test_work_items" name="test_invalid_query[params4]" time="0.513" /><testcase classname="tests.test_work_items" name="test_invalid_query[params5]" time="0.755" /><testcase classname="tests.test_work_items" name="test_invalid_query[params6]" time="0.361" /><testcase classname="tests.test_work_items" name="test_search_is_literal" time="0.434" /><testcase classname="tests.test_work_items" name="test_filter_and_pagination" time="0.310" /><testcase classname="tests.test_work_items" name="test_rich_query_state_is_server_owned" time="0.380" /><testcase classname="tests.test_work_items" name="test_rich_query_state_rejects_unsafe_or_invalid_shapes[params0]" time="0.286" /><testcase classname="tests.test_work_items" name="test_rich_query_state_rejects_unsafe_or_invalid_shapes[params1]" time="0.341" /><testcase classname="tests.test_work_items" name="test_rich_query_state_rejects_unsafe_or_invalid_shapes[params2]" time="0.315" /><testcase classname="tests.test_work_items" name="test_rich_query_state_rejects_unsafe_or_invalid_shapes[params3]" time="0.243" /><testcase classname="tests.test_work_items" name="test_all_matching_bulk_requires_fresh_server_fingerprint" time="0.318" /><testcase classname="tests.test_work_items" name="test_audit_table_is_append_only" time="0.280" /><testcase classname="tests.test_work_items" name="test_database_constraints_work_for_direct_clients" time="0.144" /></testsuite></testsuites>