<?xml version="1.0" encoding="utf-8"?><testsuites name="pytest tests"><testsuite name="pytest" errors="0" failures="0" skipped="0" tests="68" time="22.410" timestamp="2026-09-25T22:18:49.249927-05:00" hostname="HaeBook-Pro-M3.local"><testcase classname="tests.test_analytics_semiconductor" name="test_process_measurement_spec_contract_and_equipment_link" time="0.522" /><testcase classname="tests.test_analytics_semiconductor" name="test_wafer_server_owns_yield_and_rejects_bad_coordinates" time="0.513" /><testcase classname="tests.test_analytics_semiconductor" name="test_lot_route_state_duration_recipe_and_cross_links" time="0.607" /><testcase classname="tests.test_analytics_semiconductor" name="test_server_owned_computed_duration_persists_through_update_and_revert" time="0.526" /><testcase classname="tests.test_analytics_semiconductor" name="test_semiconductor_workspace_definitions_expose_pack_projections" time="0.248" /><testcase classname="tests.test_demo_qualification_fixture" name="test_disposable_demo_seed_populates_linked_workspace_families" time="0.378" /><testcase classname="tests.test_entities_relationships" name="test_entity_registry_exposes_canonical_work_items" time="0.283" /><testcase classname="tests.test_entities_relationships" name="test_entity_search_is_tenant_scoped" time="0.409" /><testcase classname="tests.test_entities_relationships" name="test_relationship_registry_exposes_project_work_contract" time="0.351" /><testcase classname="tests.test_entities_relationships" name="test_relationship_list_validates_entity_and_record" time="0.334" /><testcase classname="tests.test_entities_relationships" name="test_relationship_graph_lists_entity_edges" time="0.349" /><testcase classname="tests.test_entities_relationships" name="test_relationship_explorers_are_bounded_and_directional" time="0.332" /><testcase classname="tests.test_entities_relationships" name="test_relationship_explorer_stays_bounded_on_a_large_relationship_set" time="1.536" /><testcase classname="tests.test_integrations" name="test_typed_provider_result_is_redacted_and_idempotent" time="0.000" /><testcase classname="tests.test_integrations" name="test_retry_is_bounded_and_uses_backoff" time="0.000" /><testcase classname="tests.test_integrations" name="test_idempotency_rejects_reused_key_for_different_payload" time="0.000" /><testcase classname="tests.test_integrations" name="test_production_rejects_http_and_unknown_origin" time="0.000" /><testcase classname="tests.test_integrations" name="test_rate_limit_is_tenant_and_provider_scoped" time="0.000" /><testcase classname="tests.test_platform_services" name="test_feature_flags_are_revision_safe_and_admin_only" time="0.471" /><testcase classname="tests.test_platform_services" name="test_notification_preferences_and_private_inbox" time="0.530" /><testcase classname="tests.test_platform_services" name="test_events_are_ordered_filterable_and_tenant_scoped" time="0.395" /><testcase classname="tests.test_platform_services" name="test_durable_job_leasing_retry_and_cancel" time="0.433" /><testcase classname="tests.test_platform_services" name="test_job_heartbeat_and_fencing_reject_stale_worker" time="0.267" /><testcase classname="tests.test_platform_services" name="test_expired_job_lease_can_be_reclaimed_by_new_worker" time="0.250" /><testcase classname="tests.test_platform_services" name="test_handler_exception_retries_then_final_fails" time="0.230" /><testcase classname="tests.test_platform_services" name="test_webhook_definition_is_allowlisted_revision_safe_and_secret_ref_only" time="0.416" /><testcase classname="tests.test_platform_services" name="test_webhook_settings_reject_unsafe_hosts" time="0.001" /><testcase classname="tests.test_platform_services" name="test_revision_events_enqueue_and_deliver_allowlisted_webhook" time="0.427" /><testcase classname="tests.test_platform_services" name="test_webhook_delivery_history_records_retryable_failure" time="0.311" /><testcase classname="tests.test_platform_services" name="test_process_one_releases_database_lock_before_handler" time="0.343" /><testcase classname="tests.test_platform_services" name="test_process_one_renews_long_handler_lease" time="1.523" /><testcase classname="tests.test_platform_services" name="test_process_one_lost_fence_cannot_finalize_handler_result" time="0.197" /><testcase classname="tests.test_platform_services" name="test_member_admin_api_and_last_admin_protection" time="0.561" /><testcase classname="tests.test_rack_connectivity" name="test_parallel_equipment_connections_use_ports_as_uniqueness_boundary" time="0.446" /><testcase classname="tests.test_rack_connectivity" name="test_port_occupancy_is_case_insensitive_and_cross_directional" time="0.550" /><testcase classname="tests.test_rack_connectivity" name="test_archive_releases_port_and_restore_revalidates_occupancy" time="0.486" /><testcase classname="tests.test_rack_connectivity" name="test_connection_metadata_is_validated_and_revision_safe" time="0.446" /><testcase classname="tests.test_rack_connectivity" name="test_connection_definition_exposes_parallel_port_semantics" time="0.265" /><testcase classname="tests.test_security" name="test_viewer_cannot_write" time="0.457" /><testcase classname="tests.test_security" name="test_editor_cannot_restore" time="0.591" /><testcase classname="tests.test_security" name="test_tenant_access_is_server_enforced" time="0.595" /><testcase classname="tests.test_security" name="test_unprovisioned_user_cannot_self_register" time="0.346" /><testcase classname="tests.test_security" name="test_bad_tenant_identifiers[../registry]" time="0.456" /><testcase classname="tests.test_security" name="test_bad_tenant_identifiers[/tmp/x]" time="0.324" /><testcase classname="tests.test_security" name="test_bad_tenant_identifiers[8ADD7C36-BB93-429C-82D0-EF5E087F588D]" time="0.544" /><testcase classname="tests.test_security" name="test_bad_tenant_identifiers[1]" time="0.486" /><testcase classname="tests.test_security" name="test_bad_tenant_identifiers[]" time="0.359" /><testcase classname="tests.test_security" name="test_csrf_required" time="0.529" /><testcase classname="tests.test_security" name="test_cross_user_csrf_rejected" time="0.645" /><testcase classname="tests.test_security" name="test_cross_origin_write_rejected" time="0.371" /><testcase classname="tests.test_security" name="test_development_header_cannot_impersonate" time="0.419" /><testcase classname="tests.test_security" name="test_company_identity_only_reads_accesskey" time="0.000" /><testcase classname="tests.test_security" name="test_company_missing_identity_refuses_start" time="0.195" /><testcase classname="tests.test_security" name="test_production_defaults_fail_closed" time="0.001" /><testcase classname="tests.test_security" name="test_opaque_s3_mount_cannot_be_qualified" time="0.000" /><testcase classname="tests.test_security" name="test_qualification_template_and_placeholder_evidence_cannot_validate" time="0.000" /><testcase classname="tests.test_security" name="test_production_scanner_status_is_required_for_readiness" time="0.001" /><testcase classname="tests.test_security" name="test_shared_process_identity_cannot_be_qualified" time="0.000" /><testcase classname="tests.test_security" name="test_origin_configuration_rejects_paths" time="0.001" /><testcase classname="tests.test_security" name="test_json_only_and_body_limit" time="0.278" /><testcase classname="tests.test_security" name="test_no_sensitive_runtime_configuration" time="0.397" /><testcase classname="tests.test_security" name="test_inactive_tenant_blocked" time="0.419" /><testcase classname="tests.test_statistics_engine" name="test_descriptive_and_imr_are_deterministic" time="0.000" /><testcase classname="tests.test_statistics_engine" name="test_xbar_r_equal_groups_and_guards" time="0.000" /><testcase classname="tests.test_statistics_engine" name="test_capability_uses_within_and_overall_sigma" time="0.000" /><testcase classname="tests.test_statistics_engine" name="test_ewma_pareto_and_run_rules" time="0.000" /><testcase classname="tests.test_statistics_engine" name="test_xbar_s_attribute_charts_and_cusum_are_deterministic" time="0.000" /><testcase classname="tests.test_statistics_engine" name="test_correlation_and_regression_have_known_values_and_zero_variance_guards" time="0.000" /></testsuite></testsuites>