<?xml version="1.0" encoding="utf-8"?><testsuites name="pytest tests"><testsuite name="pytest" errors="0" failures="0" skipped="0" tests="41" time="7.065" timestamp="2026-09-09T22:29:47.841900-05:00" hostname="HaeBook-Pro-M3.local"><testcase classname="tests.test_diagram_designer" name="test_diagram_counts_and_graph_integrity_are_server_owned" time="0.511" /><testcase classname="tests.test_diagram_designer" name="test_diagram_update_and_revert_revalidate_graph_and_counts" time="0.447" /><testcase classname="tests.test_diagram_designer" name="test_diagram_rejects_unsafe_ids_coordinates_and_viewport" time="0.521" /><testcase classname="tests.test_diagram_designer" name="test_diagram_workspace_defaults_to_designer" time="0.257" /><testcase classname="tests.test_exchange" name="test_csv_roundtrip_and_formula_safety[=SUM(1,2)]" time="0.000" /><testcase classname="tests.test_exchange" name="test_csv_roundtrip_and_formula_safety[+cmd]" time="0.000" /><testcase classname="tests.test_exchange" name="test_csv_roundtrip_and_formula_safety[-42]" time="0.000" /><testcase classname="tests.test_exchange" name="test_csv_roundtrip_and_formula_safety[@danger]" time="0.000" /><testcase classname="tests.test_exchange" name="test_csv_roundtrip_and_formula_safety['leading]" time="0.000" /><testcase classname="tests.test_exchange" name="test_csv_roundtrip_and_formula_safety[plain]" time="0.000" /><testcase classname="tests.test_exchange" name="test_csv_roundtrip_and_formula_safety[\ud68c\uc0ac]" time="0.000" /><testcase classname="tests.test_exchange" name="test_csv_roundtrip_and_formula_safety[  =SUM(A1)]" time="0.000" /><testcase classname="tests.test_exchange" name="test_csv_roundtrip_and_formula_safety[line\nbreak]" time="0.000" /><testcase classname="tests.test_exchange" name="test_xlsx_roundtrip_and_api_commit" time="0.296" /><testcase classname="tests.test_exchange" name="test_json_snapshot_roundtrip_and_api_export" time="0.387" /><testcase classname="tests.test_exchange" name="test_preview_invalid_row" time="0.298" /><testcase classname="tests.test_exchange" name="test_import_review_and_idempotency" time="0.305" /><testcase classname="tests.test_exchange" name="test_invalid_columns_and_version[title,title,status,priority\nx,x,open,high\n]" time="0.000" /><testcase classname="tests.test_exchange" name="test_invalid_columns_and_version[title\na]" time="0.000" /><testcase classname="tests.test_exchange" name="test_invalid_columns_and_version[]" time="0.000" /><testcase classname="tests.test_exchange" name="test_invalid_columns_and_version[# golden-work-items/999\n]" time="0.000" /><testcase classname="tests.test_exchange" name="test_many_rows_rejected" time="0.000" /><testcase classname="tests.test_planning_engine" name="test_plan_dates_duration_baseline_and_milestones_are_server_validated" time="0.542" /><testcase classname="tests.test_planning_engine" name="test_plan_hierarchy_and_dependency_relationships_reject_cycles" time="0.491" /><testcase classname="tests.test_planning_engine" name="test_plan_task_can_belong_to_only_one_project" time="0.424" /><testcase classname="tests.test_planning_engine" name="test_plan_capacity_reports_overallocation_and_baseline_slip" time="0.568" /><testcase classname="tests.test_rack_placement" name="test_rack_placement_bounds_collision_and_revision_safe_move" time="0.426" /><testcase classname="tests.test_rack_placement" name="test_rack_optional_engineering_constraints_are_persisted_and_validated" time="0.338" /><testcase classname="tests.test_rack_placement" name="test_equipment_can_have_only_one_active_rack_placement" time="0.513" /><testcase classname="tests.test_rack_placement" name="test_archived_placement_restore_revalidates_collision" time="0.372" /><testcase classname="tests.test_rack_placement" name="test_relationship_metadata_is_bounded" time="0.331" /><testcase classname="tests.test_semiconductor_pack" name="test_wafer_summary_and_validation" time="0.000" /><testcase classname="tests.test_semiconductor_pack" name="test_lot_route_equipment_state_and_recipe_diff" time="0.000" /><testcase classname="tests.test_semiconductor_pack" name="test_derived_metrics_cover_yield_genealogy_route_reliability_and_capacity" time="0.000" /><testcase classname="tests.test_storage" name="test_storage_rejects_path_traversal[../escape.txt]" time="0.001" /><testcase classname="tests.test_storage" name="test_storage_rejects_path_traversal[/absolute.txt]" time="0.001" /><testcase classname="tests.test_storage" name="test_storage_rejects_path_traversal[tenant/../../escape.txt]" time="0.000" /><testcase classname="tests.test_storage" name="test_storage_rejects_path_traversal[bad\\name.txt]" time="0.000" /><testcase classname="tests.test_storage" name="test_local_storage_is_atomic_mode_limited_and_tenant_scoped" time="0.003" /><testcase classname="tests.test_storage" name="test_memory_storage_matches_adapter_contract" time="0.000" /><testcase classname="tests.test_storage" name="test_deterministic_attachment_scanner_rejects_active_content" time="0.000" /></testsuite></testsuites>