<?xml version="1.0" encoding="utf-8"?><testsuites name="pytest tests"><testsuite name="pytest" errors="0" failures="0" skipped="1" tests="100" time="26.558" timestamp="2026-09-20T10:20:21.119303-05:00" hostname="HaeBook-Pro-M3.local"><testcase classname="tests.test_company_qualification_contract" name="test_exact_gate_enumeration_and_statuses" time="0.002" /><testcase classname="tests.test_company_qualification_contract" name="test_missing_duplicate_unknown_and_illegal_gate_statuses_fail_closed" time="0.003" /><testcase classname="tests.test_company_qualification_contract" name="test_pass_requires_evidence_and_typed_facts" time="0.002" /><testcase classname="tests.test_company_qualification_contract" name="test_legacy_schema_cannot_certify_and_reports_migration" time="0.001" /><testcase classname="tests.test_company_qualification_contract" name="test_binding_mismatches_never_derive_readiness[project-other-project-project binding]" time="0.001" /><testcase classname="tests.test_company_qualification_contract" name="test_binding_mismatches_never_derive_readiness[profile-development-profile binding]" time="0.001" /><testcase classname="tests.test_company_qualification_contract" name="test_binding_mismatches_never_derive_readiness[candidate_version-1.0.0-rc.10-version]" time="0.001" /><testcase classname="tests.test_company_qualification_contract" name="test_binding_mismatches_never_derive_readiness[deployment_id-other-deployment-different deployment]" time="0.001" /><testcase classname="tests.test_company_qualification_contract" name="test_binding_mismatches_never_derive_readiness[persistent_root-/other/root-different persistent root]" time="0.001" /><testcase classname="tests.test_company_qualification_contract" name="test_binding_mismatches_never_derive_readiness[source_digest-3333333333333333333333333333333333333333333333333333333333333333-source-digest]" time="0.001" /><testcase classname="tests.test_company_qualification_contract" name="test_self_consistent_fake_source_identity_is_rejected_by_repository_anchor" time="0.001" /><testcase classname="tests.test_company_qualification_contract" name="test_positive_fixture_uses_repository_owned_expected_identity" time="0.000"><skipped type="pytest.skip" message="generated repository release identity is not present yet">/Users/haewonkim/.codex-fabric/worktrees/CF-1a19ce1aeda032abc39a148c/backend/tests/test_company_qualification_contract.py:211: generated repository release identity is not present yet</skipped></testcase><testcase classname="tests.test_company_qualification_contract" name="test_approval_and_production_ready_are_derived" time="0.002" /><testcase classname="tests.test_company_qualification_contract" name="test_secret_bearing_evidence_reference_is_rejected_without_echoing_secret" time="0.000" /><testcase classname="tests.test_company_qualification_contract" name="test_template_is_complete_but_not_certifying" time="0.001" /><testcase classname="tests.test_engineering_intelligence" name="test_knowledge_investigation_research_are_canonical_and_revision_safe" time="0.483" /><testcase classname="tests.test_engineering_intelligence" name="test_cross_domain_relationships_use_live_labels" time="0.397" /><testcase classname="tests.test_engineering_intelligence" name="test_risk_scores_are_server_owned_on_create_update_and_revert" time="0.435" /><testcase classname="tests.test_engineering_intelligence" name="test_risk_links_to_investigation_and_equipment" time="0.449" /><testcase classname="tests.test_engineering_intelligence" name="test_knowledge_workflow_and_bulk_risk_scoring_are_server_owned" time="0.391" /><testcase classname="tests.test_engineering_intelligence" name="test_workspace_definitions_expose_dense_custom_projections_and_readonly_scores" time="0.317" /><testcase classname="tests.test_engineering_intelligence" name="test_viewer_cannot_mutate_new_intelligence_entities" time="0.437" /><testcase classname="tests.test_global_search" name="test_global_search_returns_records_and_scoped_saved_views" time="0.518" /><testcase classname="tests.test_global_search" name="test_global_search_rejects_blank_queries" time="0.453" /><testcase classname="tests.test_planning_engine" name="test_plan_dates_duration_baseline_and_milestones_are_server_validated" time="0.602" /><testcase classname="tests.test_planning_engine" name="test_plan_hierarchy_and_dependency_relationships_reject_cycles" time="0.615" /><testcase classname="tests.test_planning_engine" name="test_plan_task_can_belong_to_only_one_project" time="0.439" /><testcase classname="tests.test_planning_engine" name="test_plan_capacity_reports_overallocation_and_baseline_slip" time="0.451" /><testcase classname="tests.test_qualification_bootstrap" name="test_prerequisite_schema_is_separate_and_strict" time="0.001" /><testcase classname="tests.test_qualification_bootstrap" name="test_prerequisites_reject_unsafe_values[provider_sqlite_support_reference-tested]" time="0.000" /><testcase classname="tests.test_qualification_bootstrap" name="test_prerequisites_reject_unsafe_values[persistent_root-relative-root]" time="0.000" /><testcase classname="tests.test_qualification_bootstrap" name="test_prerequisites_reject_unsafe_values[identity_topology-shared_process]" time="0.000" /><testcase classname="tests.test_qualification_bootstrap" name="test_prerequisites_reject_unsafe_values[storage_kind-s3_fuse]" time="0.000" /><testcase classname="tests.test_qualification_bootstrap" name="test_prerequisites_reject_unsafe_values[all_database_clients_same_host-False]" time="0.000" /><testcase classname="tests.test_qualification_bootstrap" name="test_prerequisites_reject_unsafe_values[authorized_at-2026-09-10T00:00:00]" time="0.000" /><testcase classname="tests.test_qualification_bootstrap" name="test_qualification_validation_covers_common_safety_and_binding_errors" time="0.001" /><testcase classname="tests.test_qualification_bootstrap" name="test_qualification_scanner_required_status_is_checked_separately" time="0.001" /><testcase classname="tests.test_qualification_bootstrap" name="test_settings_validates_dns_webhook_entries_and_origin_slashes" time="0.001" /><testcase classname="tests.test_qualification_bootstrap" name="test_qualification_requires_prerequisites_and_company_identity" time="0.065" /><testcase classname="tests.test_qualification_bootstrap" name="test_qualification_startup_and_readiness_are_not_production_ready" time="0.010" /><testcase classname="tests.test_qualification_bootstrap" name="test_production_rejects_prerequisites_without_final_qualification" time="0.001" /><testcase classname="tests.test_qualification_bootstrap" name="test_production_operator_preflight_rejects_prerequisite_only" time="0.465" /><testcase classname="tests.test_qualification_bootstrap" name="test_valid_final_qualification_passes_production_preflight" time="0.004" /><testcase classname="tests.test_qualification_bootstrap" name="test_production_rejects_self_consistent_fake_source_binding" time="0.002" /><testcase classname="tests.test_qualification_bootstrap" name="test_production_rejects_release_fact_mismatch_against_repository_anchor[technical_release-verified_source_commit]" time="0.002" /><testcase classname="tests.test_qualification_bootstrap" name="test_production_rejects_release_fact_mismatch_against_repository_anchor[release_evidence-source_digest]" time="0.002" /><testcase classname="tests.test_qualification_bootstrap" name="test_production_missing_or_unreadable_repository_identity_fails_closed" time="0.002" /><testcase classname="tests.test_qualification_bootstrap" name="test_qualification_operator_flow_does_not_require_final_evidence" time="4.624" /><testcase classname="tests.test_qualification_bootstrap" name="test_qualification_state_machine_fixture_can_transition_to_final_preflight" time="0.571" /><testcase classname="tests.test_release_safety" name="test_production_scanner_required_rejects_noop_at_startup" time="0.011" /><testcase classname="tests.test_release_safety" name="test_production_uploads_disabled_is_safe_with_noop" time="0.011" /><testcase classname="tests.test_release_safety" name="test_disabled_upload_policy_is_enforced_by_shared_service" time="0.376" /><testcase classname="tests.test_release_safety" name="test_disabled_upload_policy_blocks_generic_and_legacy_routes" time="0.413" /><testcase classname="tests.test_release_safety" name="test_trusted_types_uses_only_bounded_file_policy" time="0.393" /><testcase classname="tests.test_release_safety" name="test_scanner_required_rejects_missing_or_noop_service_scanner[None]" time="0.367" /><testcase classname="tests.test_release_safety" name="test_scanner_required_rejects_missing_or_noop_service_scanner[scanner1]" time="0.376" /><testcase classname="tests.test_release_safety" name="test_deterministic_scanner_rejects_eicar_and_svg_without_residue" time="0.379" /><testcase classname="tests.test_release_safety" name="test_scanner_failure_is_safe_and_does_not_persist_object" time="0.379" /><testcase classname="tests.test_release_safety" name="test_storage_failure_after_write_is_cleaned_up_and_does_not_persist_row" time="0.399" /><testcase classname="tests.test_release_safety" name="test_attachment_storage_is_bound_to_authenticated_tenant" time="0.403" /><testcase classname="tests.test_release_safety" name="test_scanner_must_return_a_boolean_approval" time="0.390" /><testcase classname="tests.test_release_safety" name="test_shared_attachment_service_rejects_archived_record" time="0.415" /><testcase classname="tests.test_software_engineering_pack" name="test_delivery_incident_slo_and_observability_normalizers" time="0.000" /><testcase classname="tests.test_software_engineering_pack" name="test_derived_observability_and_delivery_context" time="0.000" /><testcase classname="tests.test_work_items" name="test_create_persist_and_history" time="0.333" /><testcase classname="tests.test_work_items" name="test_invalid_create_is_rejected[payload0]" time="0.299" /><testcase classname="tests.test_work_items" name="test_invalid_create_is_rejected[payload1]" time="0.240" /><testcase classname="tests.test_work_items" name="test_invalid_create_is_rejected[payload2]" time="0.379" /><testcase classname="tests.test_work_items" name="test_invalid_create_is_rejected[payload3]" time="0.303" /><testcase classname="tests.test_work_items" name="test_invalid_create_is_rejected[payload4]" time="0.238" /><testcase classname="tests.test_work_items" name="test_invalid_create_is_rejected[payload5]" time="0.307" /><testcase classname="tests.test_work_items" name="test_invalid_create_is_rejected[payload6]" time="0.261" /><testcase classname="tests.test_work_items" name="test_invalid_create_is_rejected[payload7]" time="0.334" /><testcase classname="tests.test_work_items" name="test_invalid_create_is_rejected[payload8]" time="0.300" /><testcase classname="tests.test_work_items" name="test_trim_and_unicode" time="0.248" /><testcase classname="tests.test_work_items" name="test_optimistic_conflict_preserves_new_state" time="0.319" /><testcase classname="tests.test_work_items" name="test_simultaneous_updates_allow_one_winner" time="0.406" /><testcase classname="tests.test_work_items" name="test_archive_readonly_restore" time="0.314" /><testcase classname="tests.test_work_items" name="test_revert_creates_new_revision" time="0.261" /><testcase classname="tests.test_work_items" name="test_bulk_is_atomic" time="0.303" /><testcase classname="tests.test_work_items" name="test_bulk_duplicate_target_rejected" time="0.273" /><testcase classname="tests.test_work_items" name="test_bulk_success_and_idempotent_replay" time="0.309" /><testcase classname="tests.test_work_items" name="test_create_idempotency" time="0.307" /><testcase classname="tests.test_work_items" name="test_invalid_query[params0]" time="0.239" /><testcase classname="tests.test_work_items" name="test_invalid_query[params1]" time="0.287" /><testcase classname="tests.test_work_items" name="test_invalid_query[params2]" time="0.303" /><testcase classname="tests.test_work_items" name="test_invalid_query[params3]" time="0.244" /><testcase classname="tests.test_work_items" name="test_invalid_query[params4]" time="0.325" /><testcase classname="tests.test_work_items" name="test_invalid_query[params5]" time="0.238" /><testcase classname="tests.test_work_items" name="test_invalid_query[params6]" time="0.324" /><testcase classname="tests.test_work_items" name="test_search_is_literal" time="0.253" /><testcase classname="tests.test_work_items" name="test_filter_and_pagination" time="0.313" /><testcase classname="tests.test_work_items" name="test_rich_query_state_is_server_owned" time="0.315" /><testcase classname="tests.test_work_items" name="test_rich_query_state_rejects_unsafe_or_invalid_shapes[params0]" time="0.235" /><testcase classname="tests.test_work_items" name="test_rich_query_state_rejects_unsafe_or_invalid_shapes[params1]" time="0.306" /><testcase classname="tests.test_work_items" name="test_rich_query_state_rejects_unsafe_or_invalid_shapes[params2]" time="0.239" /><testcase classname="tests.test_work_items" name="test_rich_query_state_rejects_unsafe_or_invalid_shapes[params3]" time="0.275" /><testcase classname="tests.test_work_items" name="test_all_matching_bulk_requires_fresh_server_fingerprint" time="0.301" /><testcase classname="tests.test_work_items" name="test_audit_table_is_append_only" time="0.237" /><testcase classname="tests.test_work_items" name="test_database_constraints_work_for_direct_clients" time="0.205" /></testsuite></testsuites>