<?xml version="1.0" encoding="utf-8"?><testsuites name="pytest tests"><testsuite name="pytest" errors="0" failures="0" skipped="0" tests="69" time="24.119" timestamp="2026-09-09T07:40:55.169399-05:00" hostname="HaeBook-Pro-M3.local"><testcase classname="tests.test_engineering_intelligence" name="test_knowledge_investigation_research_are_canonical_and_revision_safe" time="0.510" /><testcase classname="tests.test_engineering_intelligence" name="test_cross_domain_relationships_use_live_labels" time="0.475" /><testcase classname="tests.test_engineering_intelligence" name="test_risk_scores_are_server_owned_on_create_update_and_revert" time="0.598" /><testcase classname="tests.test_engineering_intelligence" name="test_risk_links_to_investigation_and_equipment" time="0.454" /><testcase classname="tests.test_engineering_intelligence" name="test_knowledge_workflow_and_bulk_risk_scoring_are_server_owned" time="0.593" /><testcase classname="tests.test_engineering_intelligence" name="test_workspace_definitions_expose_dense_custom_projections_and_readonly_scores" time="0.274" /><testcase classname="tests.test_engineering_intelligence" name="test_viewer_cannot_mutate_new_intelligence_entities" time="0.482" /><testcase classname="tests.test_global_search" name="test_global_search_returns_records_and_scoped_saved_views" time="0.469" /><testcase classname="tests.test_global_search" name="test_global_search_rejects_blank_queries" time="0.290" /><testcase classname="tests.test_platform_services" name="test_feature_flags_are_revision_safe_and_admin_only" time="0.509" /><testcase classname="tests.test_platform_services" name="test_notification_preferences_and_private_inbox" time="0.800" /><testcase classname="tests.test_platform_services" name="test_events_are_ordered_filterable_and_tenant_scoped" time="0.438" /><testcase classname="tests.test_platform_services" name="test_durable_job_leasing_retry_and_cancel" time="0.405" /><testcase classname="tests.test_platform_services" name="test_job_heartbeat_and_fencing_reject_stale_worker" time="0.198" /><testcase classname="tests.test_platform_services" name="test_webhook_definition_is_allowlisted_revision_safe_and_secret_ref_only" time="0.525" /><testcase classname="tests.test_platform_services" name="test_webhook_settings_reject_unsafe_hosts" time="0.001" /><testcase classname="tests.test_platform_services" name="test_revision_events_enqueue_and_deliver_allowlisted_webhook" time="0.352" /><testcase classname="tests.test_platform_services" name="test_webhook_delivery_history_records_retryable_failure" time="0.445" /><testcase classname="tests.test_platform_services" name="test_process_one_releases_database_lock_before_handler" time="0.371" /><testcase classname="tests.test_platform_services" name="test_member_admin_api_and_last_admin_protection" time="0.548" /><testcase classname="tests.test_reinforcement" name="test_missing_environment_is_production_fail_closed" time="0.001" /><testcase classname="tests.test_reinforcement" name="test_unicode_csrf_is_rejected_without_exception" time="0.000" /><testcase classname="tests.test_reinforcement" name="test_api_serializes_utc" time="0.295" /><testcase classname="tests.test_reinforcement" name="test_safe_identity_observation_does_not_dump_environment" time="0.277" /><testcase classname="tests.test_reinforcement" name="test_generic_saved_filter_contract" time="0.449" /><testcase classname="tests.test_reinforcement" name="test_server_policy_file_controls_authorization" time="0.302" /><testcase classname="tests.test_reinforcement" name="test_unknown_route_uses_error_contract" time="0.561" /><testcase classname="tests.test_reinforcement" name="test_advertised_sorts_match_api" time="0.430" /><testcase classname="tests.test_reinforcement" name="test_saved_view_link_enforces_owner" time="0.386" /><testcase classname="tests.test_reinforcement" name="test_two_connections_cannot_both_accept_stale_revision" time="0.526" /><testcase classname="tests.test_reinforcement" name="test_direct_tooling_cannot_skip_production_qualification" time="0.279" /><testcase classname="tests.test_software_engineering_pack" name="test_delivery_incident_slo_and_observability_normalizers" time="0.000" /><testcase classname="tests.test_software_engineering_pack" name="test_derived_observability_and_delivery_context" time="0.000" /><testcase classname="tests.test_work_items" name="test_create_persist_and_history" time="0.337" /><testcase classname="tests.test_work_items" name="test_invalid_create_is_rejected[payload0]" time="0.286" /><testcase classname="tests.test_work_items" name="test_invalid_create_is_rejected[payload1]" time="0.299" /><testcase classname="tests.test_work_items" name="test_invalid_create_is_rejected[payload2]" time="0.427" /><testcase classname="tests.test_work_items" name="test_invalid_create_is_rejected[payload3]" time="0.314" /><testcase classname="tests.test_work_items" name="test_invalid_create_is_rejected[payload4]" time="0.276" /><testcase classname="tests.test_work_items" name="test_invalid_create_is_rejected[payload5]" time="0.372" /><testcase classname="tests.test_work_items" name="test_invalid_create_is_rejected[payload6]" time="0.290" /><testcase classname="tests.test_work_items" name="test_invalid_create_is_rejected[payload7]" time="0.283" /><testcase classname="tests.test_work_items" name="test_invalid_create_is_rejected[payload8]" time="0.367" /><testcase classname="tests.test_work_items" name="test_trim_and_unicode" time="0.285" /><testcase classname="tests.test_work_items" name="test_optimistic_conflict_preserves_new_state" time="0.309" /><testcase classname="tests.test_work_items" name="test_simultaneous_updates_allow_one_winner" time="0.418" /><testcase classname="tests.test_work_items" name="test_archive_readonly_restore" time="0.426" /><testcase classname="tests.test_work_items" name="test_revert_creates_new_revision" time="0.301" /><testcase classname="tests.test_work_items" name="test_bulk_is_atomic" time="0.296" /><testcase classname="tests.test_work_items" name="test_bulk_duplicate_target_rejected" time="0.398" /><testcase classname="tests.test_work_items" name="test_bulk_success_and_idempotent_replay" time="0.301" /><testcase classname="tests.test_work_items" name="test_create_idempotency" time="0.297" /><testcase classname="tests.test_work_items" name="test_invalid_query[params0]" time="0.376" /><testcase classname="tests.test_work_items" name="test_invalid_query[params1]" time="0.273" /><testcase classname="tests.test_work_items" name="test_invalid_query[params2]" time="0.282" /><testcase classname="tests.test_work_items" name="test_invalid_query[params3]" time="0.300" /><testcase classname="tests.test_work_items" name="test_invalid_query[params4]" time="0.420" /><testcase classname="tests.test_work_items" name="test_invalid_query[params5]" time="0.273" /><testcase classname="tests.test_work_items" name="test_invalid_query[params6]" time="0.295" /><testcase classname="tests.test_work_items" name="test_search_is_literal" time="0.411" /><testcase classname="tests.test_work_items" name="test_filter_and_pagination" time="0.368" /><testcase classname="tests.test_work_items" name="test_rich_query_state_is_server_owned" time="0.338" /><testcase classname="tests.test_work_items" name="test_rich_query_state_rejects_unsafe_or_invalid_shapes[params0]" time="0.291" /><testcase classname="tests.test_work_items" name="test_rich_query_state_rejects_unsafe_or_invalid_shapes[params1]" time="0.411" /><testcase classname="tests.test_work_items" name="test_rich_query_state_rejects_unsafe_or_invalid_shapes[params2]" time="0.283" /><testcase classname="tests.test_work_items" name="test_rich_query_state_rejects_unsafe_or_invalid_shapes[params3]" time="0.307" /><testcase classname="tests.test_work_items" name="test_all_matching_bulk_requires_fresh_server_fingerprint" time="0.467" /><testcase classname="tests.test_work_items" name="test_audit_table_is_append_only" time="0.280" /><testcase classname="tests.test_work_items" name="test_database_constraints_work_for_direct_clients" time="0.178" /></testsuite></testsuites>