<?xml version="1.0" encoding="utf-8"?><testsuites name="pytest tests"><testsuite name="pytest" errors="103" failures="0" skipped="0" tests="103" time="7.741" timestamp="2026-09-25T10:25:00.375301-05:00" hostname="HaeBook-Pro-M3.local"><testcase classname="experience-lab.tests.test_browser" name="test_uiqa_shared_lab_semantic_contrast[False-light]" time="0.339"><error message="failed on setup with &quot;playwright._impl._errors.Error: BrowserType.launch: Executable doesn't exist at /tmp/chg235-verify-home/Library/Caches/ms-playwright/chromium_headless_shell-1234/chrome-headless-shell-mac-arm64/chrome-headless-shell&#10;╔════════════════════════════════════════════════════════════╗&#10;║ Looks like Playwright was just installed or updated.       ║&#10;║ Please run the following command to download new browsers: ║&#10;║                                                            ║&#10;║     playwright install                                     ║&#10;║                                                            ║&#10;║ &lt;3 Playwright Team                                         ║&#10;╚════════════════════════════════════════════════════════════╝&quot;">@pytest.fixture(scope='session')
    def browser():
        with sync_playwright() as pw:
            executable=os.environ.get('LAB_CHROMIUM_PATH','/usr/bin/chromium')
            kwargs={'headless':True}
            if Path(executable).is_file():kwargs['executable_path']=executable
&gt;           browser=pw.chromium.launch(**kwargs)
                    ^^^^^^^^^^^^^^^^^^^^^^^^^^^^

experience-lab/tests/test_browser.py:39: 
_ _ _ _ _ _ _ _ _ _ _ _ _ _ _ _ _ _ _ _ _ _ _ _ _ _ _ _ _ _ _ _ _ _ _ _ _ _ _ _ 
/opt/anaconda3/lib/python3.11/site-packages/playwright/sync_api/_generated.py:16702: in launch
    self._sync(
/opt/anaconda3/lib/python3.11/site-packages/playwright/_impl/_browser_type.py:97: in launch
    await self._channel.send(
/opt/anaconda3/lib/python3.11/site-packages/playwright/_impl/_connection.py:76: in send
    return await self._connection.wrap_api_call(
_ _ _ _ _ _ _ _ _ _ _ _ _ _ _ _ _ _ _ _ _ _ _ _ _ _ _ _ _ _ _ _ _ _ _ _ _ _ _ _ 

self = &lt;playwright._impl._connection.Connection object at 0x102b2ac50&gt;
cb = &lt;function Channel.send.&lt;locals&gt;.&lt;lambda&gt; at 0x10302e980&gt;
is_internal = False, title = None

    async def wrap_api_call(
        self, cb: Callable[[], Any], is_internal: bool = False, title: str = None
    ) -&gt; Any:
        if self._api_zone.get():
            return await cb()
        task = asyncio.current_task(self._loop)
        parsed_st = _attach_api_call_information(
            getattr(task, "__pw_stack__", None) or _capture_stack_trace(),
            is_internal,
            title,
        )
        self._api_zone.set(parsed_st)
        try:
            return await cb()
        except Exception as error:
&gt;           raise rewrite_error(error, f"{parsed_st['apiName']}: {error}") from None
E           playwright._impl._errors.Error: BrowserType.launch: Executable doesn't exist at /tmp/chg235-verify-home/Library/Caches/ms-playwright/chromium_headless_shell-1234/chrome-headless-shell-mac-arm64/chrome-headless-shell
E           ╔════════════════════════════════════════════════════════════╗
E           ║ Looks like Playwright was just installed or updated.       ║
E           ║ Please run the following command to download new browsers: ║
E           ║                                                            ║
E           ║     playwright install                                     ║
E           ║                                                            ║
E           ║ &lt;3 Playwright Team                                         ║
E           ╚════════════════════════════════════════════════════════════╝

/opt/anaconda3/lib/python3.11/site-packages/playwright/_impl/_connection.py:632: Error</error></testcase><testcase classname="experience-lab.tests.test_browser" name="test_uiqa_shared_lab_semantic_contrast[False-dark]" time="0.000"><error message="failed on setup with &quot;playwright._impl._errors.Error: BrowserType.launch: Executable doesn't exist at /tmp/chg235-verify-home/Library/Caches/ms-playwright/chromium_headless_shell-1234/chrome-headless-shell-mac-arm64/chrome-headless-shell&#10;╔════════════════════════════════════════════════════════════╗&#10;║ Looks like Playwright was just installed or updated.       ║&#10;║ Please run the following command to download new browsers: ║&#10;║                                                            ║&#10;║     playwright install                                     ║&#10;║                                                            ║&#10;║ &lt;3 Playwright Team                                         ║&#10;╚════════════════════════════════════════════════════════════╝&quot;">@pytest.fixture(scope='session')
    def browser():
        with sync_playwright() as pw:
            executable=os.environ.get('LAB_CHROMIUM_PATH','/usr/bin/chromium')
            kwargs={'headless':True}
            if Path(executable).is_file():kwargs['executable_path']=executable
&gt;           browser=pw.chromium.launch(**kwargs)
                    ^^^^^^^^^^^^^^^^^^^^^^^^^^^^

experience-lab/tests/test_browser.py:39: 
_ _ _ _ _ _ _ _ _ _ _ _ _ _ _ _ _ _ _ _ _ _ _ _ _ _ _ _ _ _ _ _ _ _ _ _ _ _ _ _ 
/opt/anaconda3/lib/python3.11/site-packages/playwright/sync_api/_generated.py:16702: in launch
    self._sync(
/opt/anaconda3/lib/python3.11/site-packages/playwright/_impl/_browser_type.py:97: in launch
    await self._channel.send(
/opt/anaconda3/lib/python3.11/site-packages/playwright/_impl/_connection.py:76: in send
    return await self._connection.wrap_api_call(
_ _ _ _ _ _ _ _ _ _ _ _ _ _ _ _ _ _ _ _ _ _ _ _ _ _ _ _ _ _ _ _ _ _ _ _ _ _ _ _ 

self = &lt;playwright._impl._connection.Connection object at 0x102b2ac50&gt;
cb = &lt;function Channel.send.&lt;locals&gt;.&lt;lambda&gt; at 0x10302e980&gt;
is_internal = False, title = None

    async def wrap_api_call(
        self, cb: Callable[[], Any], is_internal: bool = False, title: str = None
    ) -&gt; Any:
        if self._api_zone.get():
            return await cb()
        task = asyncio.current_task(self._loop)
        parsed_st = _attach_api_call_information(
            getattr(task, "__pw_stack__", None) or _capture_stack_trace(),
            is_internal,
            title,
        )
        self._api_zone.set(parsed_st)
        try:
            return await cb()
        except Exception as error:
&gt;           raise rewrite_error(error, f"{parsed_st['apiName']}: {error}") from None
E           playwright._impl._errors.Error: BrowserType.launch: Executable doesn't exist at /tmp/chg235-verify-home/Library/Caches/ms-playwright/chromium_headless_shell-1234/chrome-headless-shell-mac-arm64/chrome-headless-shell
E           ╔════════════════════════════════════════════════════════════╗
E           ║ Looks like Playwright was just installed or updated.       ║
E           ║ Please run the following command to download new browsers: ║
E           ║                                                            ║
E           ║     playwright install                                     ║
E           ║                                                            ║
E           ║ &lt;3 Playwright Team                                         ║
E           ╚════════════════════════════════════════════════════════════╝

/opt/anaconda3/lib/python3.11/site-packages/playwright/_impl/_connection.py:632: Error</error></testcase><testcase classname="experience-lab.tests.test_browser" name="test_uiqa_shared_lab_semantic_contrast[True-light]" time="0.000"><error message="failed on setup with &quot;playwright._impl._errors.Error: BrowserType.launch: Executable doesn't exist at /tmp/chg235-verify-home/Library/Caches/ms-playwright/chromium_headless_shell-1234/chrome-headless-shell-mac-arm64/chrome-headless-shell&#10;╔════════════════════════════════════════════════════════════╗&#10;║ Looks like Playwright was just installed or updated.       ║&#10;║ Please run the following command to download new browsers: ║&#10;║                                                            ║&#10;║     playwright install                                     ║&#10;║                                                            ║&#10;║ &lt;3 Playwright Team                                         ║&#10;╚════════════════════════════════════════════════════════════╝&quot;">@pytest.fixture(scope='session')
    def browser():
        with sync_playwright() as pw:
            executable=os.environ.get('LAB_CHROMIUM_PATH','/usr/bin/chromium')
            kwargs={'headless':True}
            if Path(executable).is_file():kwargs['executable_path']=executable
&gt;           browser=pw.chromium.launch(**kwargs)
                    ^^^^^^^^^^^^^^^^^^^^^^^^^^^^

experience-lab/tests/test_browser.py:39: 
_ _ _ _ _ _ _ _ _ _ _ _ _ _ _ _ _ _ _ _ _ _ _ _ _ _ _ _ _ _ _ _ _ _ _ _ _ _ _ _ 
/opt/anaconda3/lib/python3.11/site-packages/playwright/sync_api/_generated.py:16702: in launch
    self._sync(
/opt/anaconda3/lib/python3.11/site-packages/playwright/_impl/_browser_type.py:97: in launch
    await self._channel.send(
/opt/anaconda3/lib/python3.11/site-packages/playwright/_impl/_connection.py:76: in send
    return await self._connection.wrap_api_call(
_ _ _ _ _ _ _ _ _ _ _ _ _ _ _ _ _ _ _ _ _ _ _ _ _ _ _ _ _ _ _ _ _ _ _ _ _ _ _ _ 

self = &lt;playwright._impl._connection.Connection object at 0x102b2ac50&gt;
cb = &lt;function Channel.send.&lt;locals&gt;.&lt;lambda&gt; at 0x10302e980&gt;
is_internal = False, title = None

    async def wrap_api_call(
        self, cb: Callable[[], Any], is_internal: bool = False, title: str = None
    ) -&gt; Any:
        if self._api_zone.get():
            return await cb()
        task = asyncio.current_task(self._loop)
        parsed_st = _attach_api_call_information(
            getattr(task, "__pw_stack__", None) or _capture_stack_trace(),
            is_internal,
            title,
        )
        self._api_zone.set(parsed_st)
        try:
            return await cb()
        except Exception as error:
&gt;           raise rewrite_error(error, f"{parsed_st['apiName']}: {error}") from None
E           playwright._impl._errors.Error: BrowserType.launch: Executable doesn't exist at /tmp/chg235-verify-home/Library/Caches/ms-playwright/chromium_headless_shell-1234/chrome-headless-shell-mac-arm64/chrome-headless-shell
E           ╔════════════════════════════════════════════════════════════╗
E           ║ Looks like Playwright was just installed or updated.       ║
E           ║ Please run the following command to download new browsers: ║
E           ║                                                            ║
E           ║     playwright install                                     ║
E           ║                                                            ║
E           ║ &lt;3 Playwright Team                                         ║
E           ╚════════════════════════════════════════════════════════════╝

/opt/anaconda3/lib/python3.11/site-packages/playwright/_impl/_connection.py:632: Error</error></testcase><testcase classname="experience-lab.tests.test_browser" name="test_uiqa_shared_lab_semantic_contrast[True-dark]" time="0.000"><error message="failed on setup with &quot;playwright._impl._errors.Error: BrowserType.launch: Executable doesn't exist at /tmp/chg235-verify-home/Library/Caches/ms-playwright/chromium_headless_shell-1234/chrome-headless-shell-mac-arm64/chrome-headless-shell&#10;╔════════════════════════════════════════════════════════════╗&#10;║ Looks like Playwright was just installed or updated.       ║&#10;║ Please run the following command to download new browsers: ║&#10;║                                                            ║&#10;║     playwright install                                     ║&#10;║                                                            ║&#10;║ &lt;3 Playwright Team                                         ║&#10;╚════════════════════════════════════════════════════════════╝&quot;">@pytest.fixture(scope='session')
    def browser():
        with sync_playwright() as pw:
            executable=os.environ.get('LAB_CHROMIUM_PATH','/usr/bin/chromium')
            kwargs={'headless':True}
            if Path(executable).is_file():kwargs['executable_path']=executable
&gt;           browser=pw.chromium.launch(**kwargs)
                    ^^^^^^^^^^^^^^^^^^^^^^^^^^^^

experience-lab/tests/test_browser.py:39: 
_ _ _ _ _ _ _ _ _ _ _ _ _ _ _ _ _ _ _ _ _ _ _ _ _ _ _ _ _ _ _ _ _ _ _ _ _ _ _ _ 
/opt/anaconda3/lib/python3.11/site-packages/playwright/sync_api/_generated.py:16702: in launch
    self._sync(
/opt/anaconda3/lib/python3.11/site-packages/playwright/_impl/_browser_type.py:97: in launch
    await self._channel.send(
/opt/anaconda3/lib/python3.11/site-packages/playwright/_impl/_connection.py:76: in send
    return await self._connection.wrap_api_call(
_ _ _ _ _ _ _ _ _ _ _ _ _ _ _ _ _ _ _ _ _ _ _ _ _ _ _ _ _ _ _ _ _ _ _ _ _ _ _ _ 

self = &lt;playwright._impl._connection.Connection object at 0x102b2ac50&gt;
cb = &lt;function Channel.send.&lt;locals&gt;.&lt;lambda&gt; at 0x10302e980&gt;
is_internal = False, title = None

    async def wrap_api_call(
        self, cb: Callable[[], Any], is_internal: bool = False, title: str = None
    ) -&gt; Any:
        if self._api_zone.get():
            return await cb()
        task = asyncio.current_task(self._loop)
        parsed_st = _attach_api_call_information(
            getattr(task, "__pw_stack__", None) or _capture_stack_trace(),
            is_internal,
            title,
        )
        self._api_zone.set(parsed_st)
        try:
            return await cb()
        except Exception as error:
&gt;           raise rewrite_error(error, f"{parsed_st['apiName']}: {error}") from None
E           playwright._impl._errors.Error: BrowserType.launch: Executable doesn't exist at /tmp/chg235-verify-home/Library/Caches/ms-playwright/chromium_headless_shell-1234/chrome-headless-shell-mac-arm64/chrome-headless-shell
E           ╔════════════════════════════════════════════════════════════╗
E           ║ Looks like Playwright was just installed or updated.       ║
E           ║ Please run the following command to download new browsers: ║
E           ║                                                            ║
E           ║     playwright install                                     ║
E           ║                                                            ║
E           ║ &lt;3 Playwright Team                                         ║
E           ╚════════════════════════════════════════════════════════════╝

/opt/anaconda3/lib/python3.11/site-packages/playwright/_impl/_connection.py:632: Error</error></testcase><testcase classname="experience-lab.tests.test_browser" name="test_each_registered_widget_renders[light-tables]" time="0.000"><error message="failed on setup with &quot;playwright._impl._errors.Error: BrowserType.launch: Executable doesn't exist at /tmp/chg235-verify-home/Library/Caches/ms-playwright/chromium_headless_shell-1234/chrome-headless-shell-mac-arm64/chrome-headless-shell&#10;╔════════════════════════════════════════════════════════════╗&#10;║ Looks like Playwright was just installed or updated.       ║&#10;║ Please run the following command to download new browsers: ║&#10;║                                                            ║&#10;║     playwright install                                     ║&#10;║                                                            ║&#10;║ &lt;3 Playwright Team                                         ║&#10;╚════════════════════════════════════════════════════════════╝&quot;">@pytest.fixture(scope='session')
    def browser():
        with sync_playwright() as pw:
            executable=os.environ.get('LAB_CHROMIUM_PATH','/usr/bin/chromium')
            kwargs={'headless':True}
            if Path(executable).is_file():kwargs['executable_path']=executable
&gt;           browser=pw.chromium.launch(**kwargs)
                    ^^^^^^^^^^^^^^^^^^^^^^^^^^^^

experience-lab/tests/test_browser.py:39: 
_ _ _ _ _ _ _ _ _ _ _ _ _ _ _ _ _ _ _ _ _ _ _ _ _ _ _ _ _ _ _ _ _ _ _ _ _ _ _ _ 
/opt/anaconda3/lib/python3.11/site-packages/playwright/sync_api/_generated.py:16702: in launch
    self._sync(
/opt/anaconda3/lib/python3.11/site-packages/playwright/_impl/_browser_type.py:97: in launch
    await self._channel.send(
/opt/anaconda3/lib/python3.11/site-packages/playwright/_impl/_connection.py:76: in send
    return await self._connection.wrap_api_call(
_ _ _ _ _ _ _ _ _ _ _ _ _ _ _ _ _ _ _ _ _ _ _ _ _ _ _ _ _ _ _ _ _ _ _ _ _ _ _ _ 

self = &lt;playwright._impl._connection.Connection object at 0x102b2ac50&gt;
cb = &lt;function Channel.send.&lt;locals&gt;.&lt;lambda&gt; at 0x10302e980&gt;
is_internal = False, title = None

    async def wrap_api_call(
        self, cb: Callable[[], Any], is_internal: bool = False, title: str = None
    ) -&gt; Any:
        if self._api_zone.get():
            return await cb()
        task = asyncio.current_task(self._loop)
        parsed_st = _attach_api_call_information(
            getattr(task, "__pw_stack__", None) or _capture_stack_trace(),
            is_internal,
            title,
        )
        self._api_zone.set(parsed_st)
        try:
            return await cb()
        except Exception as error:
&gt;           raise rewrite_error(error, f"{parsed_st['apiName']}: {error}") from None
E           playwright._impl._errors.Error: BrowserType.launch: Executable doesn't exist at /tmp/chg235-verify-home/Library/Caches/ms-playwright/chromium_headless_shell-1234/chrome-headless-shell-mac-arm64/chrome-headless-shell
E           ╔════════════════════════════════════════════════════════════╗
E           ║ Looks like Playwright was just installed or updated.       ║
E           ║ Please run the following command to download new browsers: ║
E           ║                                                            ║
E           ║     playwright install                                     ║
E           ║                                                            ║
E           ║ &lt;3 Playwright Team                                         ║
E           ╚════════════════════════════════════════════════════════════╝

/opt/anaconda3/lib/python3.11/site-packages/playwright/_impl/_connection.py:632: Error</error></testcase><testcase classname="experience-lab.tests.test_browser" name="test_each_registered_widget_renders[light-boards]" time="0.000"><error message="failed on setup with &quot;playwright._impl._errors.Error: BrowserType.launch: Executable doesn't exist at /tmp/chg235-verify-home/Library/Caches/ms-playwright/chromium_headless_shell-1234/chrome-headless-shell-mac-arm64/chrome-headless-shell&#10;╔════════════════════════════════════════════════════════════╗&#10;║ Looks like Playwright was just installed or updated.       ║&#10;║ Please run the following command to download new browsers: ║&#10;║                                                            ║&#10;║     playwright install                                     ║&#10;║                                                            ║&#10;║ &lt;3 Playwright Team                                         ║&#10;╚════════════════════════════════════════════════════════════╝&quot;">@pytest.fixture(scope='session')
    def browser():
        with sync_playwright() as pw:
            executable=os.environ.get('LAB_CHROMIUM_PATH','/usr/bin/chromium')
            kwargs={'headless':True}
            if Path(executable).is_file():kwargs['executable_path']=executable
&gt;           browser=pw.chromium.launch(**kwargs)
                    ^^^^^^^^^^^^^^^^^^^^^^^^^^^^

experience-lab/tests/test_browser.py:39: 
_ _ _ _ _ _ _ _ _ _ _ _ _ _ _ _ _ _ _ _ _ _ _ _ _ _ _ _ _ _ _ _ _ _ _ _ _ _ _ _ 
/opt/anaconda3/lib/python3.11/site-packages/playwright/sync_api/_generated.py:16702: in launch
    self._sync(
/opt/anaconda3/lib/python3.11/site-packages/playwright/_impl/_browser_type.py:97: in launch
    await self._channel.send(
/opt/anaconda3/lib/python3.11/site-packages/playwright/_impl/_connection.py:76: in send
    return await self._connection.wrap_api_call(
_ _ _ _ _ _ _ _ _ _ _ _ _ _ _ _ _ _ _ _ _ _ _ _ _ _ _ _ _ _ _ _ _ _ _ _ _ _ _ _ 

self = &lt;playwright._impl._connection.Connection object at 0x102b2ac50&gt;
cb = &lt;function Channel.send.&lt;locals&gt;.&lt;lambda&gt; at 0x10302e980&gt;
is_internal = False, title = None

    async def wrap_api_call(
        self, cb: Callable[[], Any], is_internal: bool = False, title: str = None
    ) -&gt; Any:
        if self._api_zone.get():
            return await cb()
        task = asyncio.current_task(self._loop)
        parsed_st = _attach_api_call_information(
            getattr(task, "__pw_stack__", None) or _capture_stack_trace(),
            is_internal,
            title,
        )
        self._api_zone.set(parsed_st)
        try:
            return await cb()
        except Exception as error:
&gt;           raise rewrite_error(error, f"{parsed_st['apiName']}: {error}") from None
E           playwright._impl._errors.Error: BrowserType.launch: Executable doesn't exist at /tmp/chg235-verify-home/Library/Caches/ms-playwright/chromium_headless_shell-1234/chrome-headless-shell-mac-arm64/chrome-headless-shell
E           ╔════════════════════════════════════════════════════════════╗
E           ║ Looks like Playwright was just installed or updated.       ║
E           ║ Please run the following command to download new browsers: ║
E           ║                                                            ║
E           ║     playwright install                                     ║
E           ║                                                            ║
E           ║ &lt;3 Playwright Team                                         ║
E           ╚════════════════════════════════════════════════════════════╝

/opt/anaconda3/lib/python3.11/site-packages/playwright/_impl/_connection.py:632: Error</error></testcase><testcase classname="experience-lab.tests.test_browser" name="test_each_registered_widget_renders[light-gantt]" time="0.000"><error message="failed on setup with &quot;playwright._impl._errors.Error: BrowserType.launch: Executable doesn't exist at /tmp/chg235-verify-home/Library/Caches/ms-playwright/chromium_headless_shell-1234/chrome-headless-shell-mac-arm64/chrome-headless-shell&#10;╔════════════════════════════════════════════════════════════╗&#10;║ Looks like Playwright was just installed or updated.       ║&#10;║ Please run the following command to download new browsers: ║&#10;║                                                            ║&#10;║     playwright install                                     ║&#10;║                                                            ║&#10;║ &lt;3 Playwright Team                                         ║&#10;╚════════════════════════════════════════════════════════════╝&quot;">@pytest.fixture(scope='session')
    def browser():
        with sync_playwright() as pw:
            executable=os.environ.get('LAB_CHROMIUM_PATH','/usr/bin/chromium')
            kwargs={'headless':True}
            if Path(executable).is_file():kwargs['executable_path']=executable
&gt;           browser=pw.chromium.launch(**kwargs)
                    ^^^^^^^^^^^^^^^^^^^^^^^^^^^^

experience-lab/tests/test_browser.py:39: 
_ _ _ _ _ _ _ _ _ _ _ _ _ _ _ _ _ _ _ _ _ _ _ _ _ _ _ _ _ _ _ _ _ _ _ _ _ _ _ _ 
/opt/anaconda3/lib/python3.11/site-packages/playwright/sync_api/_generated.py:16702: in launch
    self._sync(
/opt/anaconda3/lib/python3.11/site-packages/playwright/_impl/_browser_type.py:97: in launch
    await self._channel.send(
/opt/anaconda3/lib/python3.11/site-packages/playwright/_impl/_connection.py:76: in send
    return await self._connection.wrap_api_call(
_ _ _ _ _ _ _ _ _ _ _ _ _ _ _ _ _ _ _ _ _ _ _ _ _ _ _ _ _ _ _ _ _ _ _ _ _ _ _ _ 

self = &lt;playwright._impl._connection.Connection object at 0x102b2ac50&gt;
cb = &lt;function Channel.send.&lt;locals&gt;.&lt;lambda&gt; at 0x10302e980&gt;
is_internal = False, title = None

    async def wrap_api_call(
        self, cb: Callable[[], Any], is_internal: bool = False, title: str = None
    ) -&gt; Any:
        if self._api_zone.get():
            return await cb()
        task = asyncio.current_task(self._loop)
        parsed_st = _attach_api_call_information(
            getattr(task, "__pw_stack__", None) or _capture_stack_trace(),
            is_internal,
            title,
        )
        self._api_zone.set(parsed_st)
        try:
            return await cb()
        except Exception as error:
&gt;           raise rewrite_error(error, f"{parsed_st['apiName']}: {error}") from None
E           playwright._impl._errors.Error: BrowserType.launch: Executable doesn't exist at /tmp/chg235-verify-home/Library/Caches/ms-playwright/chromium_headless_shell-1234/chrome-headless-shell-mac-arm64/chrome-headless-shell
E           ╔════════════════════════════════════════════════════════════╗
E           ║ Looks like Playwright was just installed or updated.       ║
E           ║ Please run the following command to download new browsers: ║
E           ║                                                            ║
E           ║     playwright install                                     ║
E           ║                                                            ║
E           ║ &lt;3 Playwright Team                                         ║
E           ╚════════════════════════════════════════════════════════════╝

/opt/anaconda3/lib/python3.11/site-packages/playwright/_impl/_connection.py:632: Error</error></testcase><testcase classname="experience-lab.tests.test_browser" name="test_each_registered_widget_renders[light-calendar]" time="0.000"><error message="failed on setup with &quot;playwright._impl._errors.Error: BrowserType.launch: Executable doesn't exist at /tmp/chg235-verify-home/Library/Caches/ms-playwright/chromium_headless_shell-1234/chrome-headless-shell-mac-arm64/chrome-headless-shell&#10;╔════════════════════════════════════════════════════════════╗&#10;║ Looks like Playwright was just installed or updated.       ║&#10;║ Please run the following command to download new browsers: ║&#10;║                                                            ║&#10;║     playwright install                                     ║&#10;║                                                            ║&#10;║ &lt;3 Playwright Team                                         ║&#10;╚════════════════════════════════════════════════════════════╝&quot;">@pytest.fixture(scope='session')
    def browser():
        with sync_playwright() as pw:
            executable=os.environ.get('LAB_CHROMIUM_PATH','/usr/bin/chromium')
            kwargs={'headless':True}
            if Path(executable).is_file():kwargs['executable_path']=executable
&gt;           browser=pw.chromium.launch(**kwargs)
                    ^^^^^^^^^^^^^^^^^^^^^^^^^^^^

experience-lab/tests/test_browser.py:39: 
_ _ _ _ _ _ _ _ _ _ _ _ _ _ _ _ _ _ _ _ _ _ _ _ _ _ _ _ _ _ _ _ _ _ _ _ _ _ _ _ 
/opt/anaconda3/lib/python3.11/site-packages/playwright/sync_api/_generated.py:16702: in launch
    self._sync(
/opt/anaconda3/lib/python3.11/site-packages/playwright/_impl/_browser_type.py:97: in launch
    await self._channel.send(
/opt/anaconda3/lib/python3.11/site-packages/playwright/_impl/_connection.py:76: in send
    return await self._connection.wrap_api_call(
_ _ _ _ _ _ _ _ _ _ _ _ _ _ _ _ _ _ _ _ _ _ _ _ _ _ _ _ _ _ _ _ _ _ _ _ _ _ _ _ 

self = &lt;playwright._impl._connection.Connection object at 0x102b2ac50&gt;
cb = &lt;function Channel.send.&lt;locals&gt;.&lt;lambda&gt; at 0x10302e980&gt;
is_internal = False, title = None

    async def wrap_api_call(
        self, cb: Callable[[], Any], is_internal: bool = False, title: str = None
    ) -&gt; Any:
        if self._api_zone.get():
            return await cb()
        task = asyncio.current_task(self._loop)
        parsed_st = _attach_api_call_information(
            getattr(task, "__pw_stack__", None) or _capture_stack_trace(),
            is_internal,
            title,
        )
        self._api_zone.set(parsed_st)
        try:
            return await cb()
        except Exception as error:
&gt;           raise rewrite_error(error, f"{parsed_st['apiName']}: {error}") from None
E           playwright._impl._errors.Error: BrowserType.launch: Executable doesn't exist at /tmp/chg235-verify-home/Library/Caches/ms-playwright/chromium_headless_shell-1234/chrome-headless-shell-mac-arm64/chrome-headless-shell
E           ╔════════════════════════════════════════════════════════════╗
E           ║ Looks like Playwright was just installed or updated.       ║
E           ║ Please run the following command to download new browsers: ║
E           ║                                                            ║
E           ║     playwright install                                     ║
E           ║                                                            ║
E           ║ &lt;3 Playwright Team                                         ║
E           ╚════════════════════════════════════════════════════════════╝

/opt/anaconda3/lib/python3.11/site-packages/playwright/_impl/_connection.py:632: Error</error></testcase><testcase classname="experience-lab.tests.test_browser" name="test_each_registered_widget_renders[light-timeline]" time="0.000"><error message="failed on setup with &quot;playwright._impl._errors.Error: BrowserType.launch: Executable doesn't exist at /tmp/chg235-verify-home/Library/Caches/ms-playwright/chromium_headless_shell-1234/chrome-headless-shell-mac-arm64/chrome-headless-shell&#10;╔════════════════════════════════════════════════════════════╗&#10;║ Looks like Playwright was just installed or updated.       ║&#10;║ Please run the following command to download new browsers: ║&#10;║                                                            ║&#10;║     playwright install                                     ║&#10;║                                                            ║&#10;║ &lt;3 Playwright Team                                         ║&#10;╚════════════════════════════════════════════════════════════╝&quot;">@pytest.fixture(scope='session')
    def browser():
        with sync_playwright() as pw:
            executable=os.environ.get('LAB_CHROMIUM_PATH','/usr/bin/chromium')
            kwargs={'headless':True}
            if Path(executable).is_file():kwargs['executable_path']=executable
&gt;           browser=pw.chromium.launch(**kwargs)
                    ^^^^^^^^^^^^^^^^^^^^^^^^^^^^

experience-lab/tests/test_browser.py:39: 
_ _ _ _ _ _ _ _ _ _ _ _ _ _ _ _ _ _ _ _ _ _ _ _ _ _ _ _ _ _ _ _ _ _ _ _ _ _ _ _ 
/opt/anaconda3/lib/python3.11/site-packages/playwright/sync_api/_generated.py:16702: in launch
    self._sync(
/opt/anaconda3/lib/python3.11/site-packages/playwright/_impl/_browser_type.py:97: in launch
    await self._channel.send(
/opt/anaconda3/lib/python3.11/site-packages/playwright/_impl/_connection.py:76: in send
    return await self._connection.wrap_api_call(
_ _ _ _ _ _ _ _ _ _ _ _ _ _ _ _ _ _ _ _ _ _ _ _ _ _ _ _ _ _ _ _ _ _ _ _ _ _ _ _ 

self = &lt;playwright._impl._connection.Connection object at 0x102b2ac50&gt;
cb = &lt;function Channel.send.&lt;locals&gt;.&lt;lambda&gt; at 0x10302e980&gt;
is_internal = False, title = None

    async def wrap_api_call(
        self, cb: Callable[[], Any], is_internal: bool = False, title: str = None
    ) -&gt; Any:
        if self._api_zone.get():
            return await cb()
        task = asyncio.current_task(self._loop)
        parsed_st = _attach_api_call_information(
            getattr(task, "__pw_stack__", None) or _capture_stack_trace(),
            is_internal,
            title,
        )
        self._api_zone.set(parsed_st)
        try:
            return await cb()
        except Exception as error:
&gt;           raise rewrite_error(error, f"{parsed_st['apiName']}: {error}") from None
E           playwright._impl._errors.Error: BrowserType.launch: Executable doesn't exist at /tmp/chg235-verify-home/Library/Caches/ms-playwright/chromium_headless_shell-1234/chrome-headless-shell-mac-arm64/chrome-headless-shell
E           ╔════════════════════════════════════════════════════════════╗
E           ║ Looks like Playwright was just installed or updated.       ║
E           ║ Please run the following command to download new browsers: ║
E           ║                                                            ║
E           ║     playwright install                                     ║
E           ║                                                            ║
E           ║ &lt;3 Playwright Team                                         ║
E           ╚════════════════════════════════════════════════════════════╝

/opt/anaconda3/lib/python3.11/site-packages/playwright/_impl/_connection.py:632: Error</error></testcase><testcase classname="experience-lab.tests.test_browser" name="test_each_registered_widget_renders[light-rack]" time="0.000"><error message="failed on setup with &quot;playwright._impl._errors.Error: BrowserType.launch: Executable doesn't exist at /tmp/chg235-verify-home/Library/Caches/ms-playwright/chromium_headless_shell-1234/chrome-headless-shell-mac-arm64/chrome-headless-shell&#10;╔════════════════════════════════════════════════════════════╗&#10;║ Looks like Playwright was just installed or updated.       ║&#10;║ Please run the following command to download new browsers: ║&#10;║                                                            ║&#10;║     playwright install                                     ║&#10;║                                                            ║&#10;║ &lt;3 Playwright Team                                         ║&#10;╚════════════════════════════════════════════════════════════╝&quot;">@pytest.fixture(scope='session')
    def browser():
        with sync_playwright() as pw:
            executable=os.environ.get('LAB_CHROMIUM_PATH','/usr/bin/chromium')
            kwargs={'headless':True}
            if Path(executable).is_file():kwargs['executable_path']=executable
&gt;           browser=pw.chromium.launch(**kwargs)
                    ^^^^^^^^^^^^^^^^^^^^^^^^^^^^

experience-lab/tests/test_browser.py:39: 
_ _ _ _ _ _ _ _ _ _ _ _ _ _ _ _ _ _ _ _ _ _ _ _ _ _ _ _ _ _ _ _ _ _ _ _ _ _ _ _ 
/opt/anaconda3/lib/python3.11/site-packages/playwright/sync_api/_generated.py:16702: in launch
    self._sync(
/opt/anaconda3/lib/python3.11/site-packages/playwright/_impl/_browser_type.py:97: in launch
    await self._channel.send(
/opt/anaconda3/lib/python3.11/site-packages/playwright/_impl/_connection.py:76: in send
    return await self._connection.wrap_api_call(
_ _ _ _ _ _ _ _ _ _ _ _ _ _ _ _ _ _ _ _ _ _ _ _ _ _ _ _ _ _ _ _ _ _ _ _ _ _ _ _ 

self = &lt;playwright._impl._connection.Connection object at 0x102b2ac50&gt;
cb = &lt;function Channel.send.&lt;locals&gt;.&lt;lambda&gt; at 0x10302e980&gt;
is_internal = False, title = None

    async def wrap_api_call(
        self, cb: Callable[[], Any], is_internal: bool = False, title: str = None
    ) -&gt; Any:
        if self._api_zone.get():
            return await cb()
        task = asyncio.current_task(self._loop)
        parsed_st = _attach_api_call_information(
            getattr(task, "__pw_stack__", None) or _capture_stack_trace(),
            is_internal,
            title,
        )
        self._api_zone.set(parsed_st)
        try:
            return await cb()
        except Exception as error:
&gt;           raise rewrite_error(error, f"{parsed_st['apiName']}: {error}") from None
E           playwright._impl._errors.Error: BrowserType.launch: Executable doesn't exist at /tmp/chg235-verify-home/Library/Caches/ms-playwright/chromium_headless_shell-1234/chrome-headless-shell-mac-arm64/chrome-headless-shell
E           ╔════════════════════════════════════════════════════════════╗
E           ║ Looks like Playwright was just installed or updated.       ║
E           ║ Please run the following command to download new browsers: ║
E           ║                                                            ║
E           ║     playwright install                                     ║
E           ║                                                            ║
E           ║ &lt;3 Playwright Team                                         ║
E           ╚════════════════════════════════════════════════════════════╝

/opt/anaconda3/lib/python3.11/site-packages/playwright/_impl/_connection.py:632: Error</error></testcase><testcase classname="experience-lab.tests.test_browser" name="test_each_registered_widget_renders[light-wafer]" time="0.000"><error message="failed on setup with &quot;playwright._impl._errors.Error: BrowserType.launch: Executable doesn't exist at /tmp/chg235-verify-home/Library/Caches/ms-playwright/chromium_headless_shell-1234/chrome-headless-shell-mac-arm64/chrome-headless-shell&#10;╔════════════════════════════════════════════════════════════╗&#10;║ Looks like Playwright was just installed or updated.       ║&#10;║ Please run the following command to download new browsers: ║&#10;║                                                            ║&#10;║     playwright install                                     ║&#10;║                                                            ║&#10;║ &lt;3 Playwright Team                                         ║&#10;╚════════════════════════════════════════════════════════════╝&quot;">@pytest.fixture(scope='session')
    def browser():
        with sync_playwright() as pw:
            executable=os.environ.get('LAB_CHROMIUM_PATH','/usr/bin/chromium')
            kwargs={'headless':True}
            if Path(executable).is_file():kwargs['executable_path']=executable
&gt;           browser=pw.chromium.launch(**kwargs)
                    ^^^^^^^^^^^^^^^^^^^^^^^^^^^^

experience-lab/tests/test_browser.py:39: 
_ _ _ _ _ _ _ _ _ _ _ _ _ _ _ _ _ _ _ _ _ _ _ _ _ _ _ _ _ _ _ _ _ _ _ _ _ _ _ _ 
/opt/anaconda3/lib/python3.11/site-packages/playwright/sync_api/_generated.py:16702: in launch
    self._sync(
/opt/anaconda3/lib/python3.11/site-packages/playwright/_impl/_browser_type.py:97: in launch
    await self._channel.send(
/opt/anaconda3/lib/python3.11/site-packages/playwright/_impl/_connection.py:76: in send
    return await self._connection.wrap_api_call(
_ _ _ _ _ _ _ _ _ _ _ _ _ _ _ _ _ _ _ _ _ _ _ _ _ _ _ _ _ _ _ _ _ _ _ _ _ _ _ _ 

self = &lt;playwright._impl._connection.Connection object at 0x102b2ac50&gt;
cb = &lt;function Channel.send.&lt;locals&gt;.&lt;lambda&gt; at 0x10302e980&gt;
is_internal = False, title = None

    async def wrap_api_call(
        self, cb: Callable[[], Any], is_internal: bool = False, title: str = None
    ) -&gt; Any:
        if self._api_zone.get():
            return await cb()
        task = asyncio.current_task(self._loop)
        parsed_st = _attach_api_call_information(
            getattr(task, "__pw_stack__", None) or _capture_stack_trace(),
            is_internal,
            title,
        )
        self._api_zone.set(parsed_st)
        try:
            return await cb()
        except Exception as error:
&gt;           raise rewrite_error(error, f"{parsed_st['apiName']}: {error}") from None
E           playwright._impl._errors.Error: BrowserType.launch: Executable doesn't exist at /tmp/chg235-verify-home/Library/Caches/ms-playwright/chromium_headless_shell-1234/chrome-headless-shell-mac-arm64/chrome-headless-shell
E           ╔════════════════════════════════════════════════════════════╗
E           ║ Looks like Playwright was just installed or updated.       ║
E           ║ Please run the following command to download new browsers: ║
E           ║                                                            ║
E           ║     playwright install                                     ║
E           ║                                                            ║
E           ║ &lt;3 Playwright Team                                         ║
E           ╚════════════════════════════════════════════════════════════╝

/opt/anaconda3/lib/python3.11/site-packages/playwright/_impl/_connection.py:632: Error</error></testcase><testcase classname="experience-lab.tests.test_browser" name="test_each_registered_widget_renders[light-process]" time="0.000"><error message="failed on setup with &quot;playwright._impl._errors.Error: BrowserType.launch: Executable doesn't exist at /tmp/chg235-verify-home/Library/Caches/ms-playwright/chromium_headless_shell-1234/chrome-headless-shell-mac-arm64/chrome-headless-shell&#10;╔════════════════════════════════════════════════════════════╗&#10;║ Looks like Playwright was just installed or updated.       ║&#10;║ Please run the following command to download new browsers: ║&#10;║                                                            ║&#10;║     playwright install                                     ║&#10;║                                                            ║&#10;║ &lt;3 Playwright Team                                         ║&#10;╚════════════════════════════════════════════════════════════╝&quot;">@pytest.fixture(scope='session')
    def browser():
        with sync_playwright() as pw:
            executable=os.environ.get('LAB_CHROMIUM_PATH','/usr/bin/chromium')
            kwargs={'headless':True}
            if Path(executable).is_file():kwargs['executable_path']=executable
&gt;           browser=pw.chromium.launch(**kwargs)
                    ^^^^^^^^^^^^^^^^^^^^^^^^^^^^

experience-lab/tests/test_browser.py:39: 
_ _ _ _ _ _ _ _ _ _ _ _ _ _ _ _ _ _ _ _ _ _ _ _ _ _ _ _ _ _ _ _ _ _ _ _ _ _ _ _ 
/opt/anaconda3/lib/python3.11/site-packages/playwright/sync_api/_generated.py:16702: in launch
    self._sync(
/opt/anaconda3/lib/python3.11/site-packages/playwright/_impl/_browser_type.py:97: in launch
    await self._channel.send(
/opt/anaconda3/lib/python3.11/site-packages/playwright/_impl/_connection.py:76: in send
    return await self._connection.wrap_api_call(
_ _ _ _ _ _ _ _ _ _ _ _ _ _ _ _ _ _ _ _ _ _ _ _ _ _ _ _ _ _ _ _ _ _ _ _ _ _ _ _ 

self = &lt;playwright._impl._connection.Connection object at 0x102b2ac50&gt;
cb = &lt;function Channel.send.&lt;locals&gt;.&lt;lambda&gt; at 0x10302e980&gt;
is_internal = False, title = None

    async def wrap_api_call(
        self, cb: Callable[[], Any], is_internal: bool = False, title: str = None
    ) -&gt; Any:
        if self._api_zone.get():
            return await cb()
        task = asyncio.current_task(self._loop)
        parsed_st = _attach_api_call_information(
            getattr(task, "__pw_stack__", None) or _capture_stack_trace(),
            is_internal,
            title,
        )
        self._api_zone.set(parsed_st)
        try:
            return await cb()
        except Exception as error:
&gt;           raise rewrite_error(error, f"{parsed_st['apiName']}: {error}") from None
E           playwright._impl._errors.Error: BrowserType.launch: Executable doesn't exist at /tmp/chg235-verify-home/Library/Caches/ms-playwright/chromium_headless_shell-1234/chrome-headless-shell-mac-arm64/chrome-headless-shell
E           ╔════════════════════════════════════════════════════════════╗
E           ║ Looks like Playwright was just installed or updated.       ║
E           ║ Please run the following command to download new browsers: ║
E           ║                                                            ║
E           ║     playwright install                                     ║
E           ║                                                            ║
E           ║ &lt;3 Playwright Team                                         ║
E           ╚════════════════════════════════════════════════════════════╝

/opt/anaconda3/lib/python3.11/site-packages/playwright/_impl/_connection.py:632: Error</error></testcase><testcase classname="experience-lab.tests.test_browser" name="test_each_registered_widget_renders[light-charts]" time="0.000"><error message="failed on setup with &quot;playwright._impl._errors.Error: BrowserType.launch: Executable doesn't exist at /tmp/chg235-verify-home/Library/Caches/ms-playwright/chromium_headless_shell-1234/chrome-headless-shell-mac-arm64/chrome-headless-shell&#10;╔════════════════════════════════════════════════════════════╗&#10;║ Looks like Playwright was just installed or updated.       ║&#10;║ Please run the following command to download new browsers: ║&#10;║                                                            ║&#10;║     playwright install                                     ║&#10;║                                                            ║&#10;║ &lt;3 Playwright Team                                         ║&#10;╚════════════════════════════════════════════════════════════╝&quot;">@pytest.fixture(scope='session')
    def browser():
        with sync_playwright() as pw:
            executable=os.environ.get('LAB_CHROMIUM_PATH','/usr/bin/chromium')
            kwargs={'headless':True}
            if Path(executable).is_file():kwargs['executable_path']=executable
&gt;           browser=pw.chromium.launch(**kwargs)
                    ^^^^^^^^^^^^^^^^^^^^^^^^^^^^

experience-lab/tests/test_browser.py:39: 
_ _ _ _ _ _ _ _ _ _ _ _ _ _ _ _ _ _ _ _ _ _ _ _ _ _ _ _ _ _ _ _ _ _ _ _ _ _ _ _ 
/opt/anaconda3/lib/python3.11/site-packages/playwright/sync_api/_generated.py:16702: in launch
    self._sync(
/opt/anaconda3/lib/python3.11/site-packages/playwright/_impl/_browser_type.py:97: in launch
    await self._channel.send(
/opt/anaconda3/lib/python3.11/site-packages/playwright/_impl/_connection.py:76: in send
    return await self._connection.wrap_api_call(
_ _ _ _ _ _ _ _ _ _ _ _ _ _ _ _ _ _ _ _ _ _ _ _ _ _ _ _ _ _ _ _ _ _ _ _ _ _ _ _ 

self = &lt;playwright._impl._connection.Connection object at 0x102b2ac50&gt;
cb = &lt;function Channel.send.&lt;locals&gt;.&lt;lambda&gt; at 0x10302e980&gt;
is_internal = False, title = None

    async def wrap_api_call(
        self, cb: Callable[[], Any], is_internal: bool = False, title: str = None
    ) -&gt; Any:
        if self._api_zone.get():
            return await cb()
        task = asyncio.current_task(self._loop)
        parsed_st = _attach_api_call_information(
            getattr(task, "__pw_stack__", None) or _capture_stack_trace(),
            is_internal,
            title,
        )
        self._api_zone.set(parsed_st)
        try:
            return await cb()
        except Exception as error:
&gt;           raise rewrite_error(error, f"{parsed_st['apiName']}: {error}") from None
E           playwright._impl._errors.Error: BrowserType.launch: Executable doesn't exist at /tmp/chg235-verify-home/Library/Caches/ms-playwright/chromium_headless_shell-1234/chrome-headless-shell-mac-arm64/chrome-headless-shell
E           ╔════════════════════════════════════════════════════════════╗
E           ║ Looks like Playwright was just installed or updated.       ║
E           ║ Please run the following command to download new browsers: ║
E           ║                                                            ║
E           ║     playwright install                                     ║
E           ║                                                            ║
E           ║ &lt;3 Playwright Team                                         ║
E           ╚════════════════════════════════════════════════════════════╝

/opt/anaconda3/lib/python3.11/site-packages/playwright/_impl/_connection.py:632: Error</error></testcase><testcase classname="experience-lab.tests.test_browser" name="test_each_registered_widget_renders[light-topology]" time="0.000"><error message="failed on setup with &quot;playwright._impl._errors.Error: BrowserType.launch: Executable doesn't exist at /tmp/chg235-verify-home/Library/Caches/ms-playwright/chromium_headless_shell-1234/chrome-headless-shell-mac-arm64/chrome-headless-shell&#10;╔════════════════════════════════════════════════════════════╗&#10;║ Looks like Playwright was just installed or updated.       ║&#10;║ Please run the following command to download new browsers: ║&#10;║                                                            ║&#10;║     playwright install                                     ║&#10;║                                                            ║&#10;║ &lt;3 Playwright Team                                         ║&#10;╚════════════════════════════════════════════════════════════╝&quot;">@pytest.fixture(scope='session')
    def browser():
        with sync_playwright() as pw:
            executable=os.environ.get('LAB_CHROMIUM_PATH','/usr/bin/chromium')
            kwargs={'headless':True}
            if Path(executable).is_file():kwargs['executable_path']=executable
&gt;           browser=pw.chromium.launch(**kwargs)
                    ^^^^^^^^^^^^^^^^^^^^^^^^^^^^

experience-lab/tests/test_browser.py:39: 
_ _ _ _ _ _ _ _ _ _ _ _ _ _ _ _ _ _ _ _ _ _ _ _ _ _ _ _ _ _ _ _ _ _ _ _ _ _ _ _ 
/opt/anaconda3/lib/python3.11/site-packages/playwright/sync_api/_generated.py:16702: in launch
    self._sync(
/opt/anaconda3/lib/python3.11/site-packages/playwright/_impl/_browser_type.py:97: in launch
    await self._channel.send(
/opt/anaconda3/lib/python3.11/site-packages/playwright/_impl/_connection.py:76: in send
    return await self._connection.wrap_api_call(
_ _ _ _ _ _ _ _ _ _ _ _ _ _ _ _ _ _ _ _ _ _ _ _ _ _ _ _ _ _ _ _ _ _ _ _ _ _ _ _ 

self = &lt;playwright._impl._connection.Connection object at 0x102b2ac50&gt;
cb = &lt;function Channel.send.&lt;locals&gt;.&lt;lambda&gt; at 0x10302e980&gt;
is_internal = False, title = None

    async def wrap_api_call(
        self, cb: Callable[[], Any], is_internal: bool = False, title: str = None
    ) -&gt; Any:
        if self._api_zone.get():
            return await cb()
        task = asyncio.current_task(self._loop)
        parsed_st = _attach_api_call_information(
            getattr(task, "__pw_stack__", None) or _capture_stack_trace(),
            is_internal,
            title,
        )
        self._api_zone.set(parsed_st)
        try:
            return await cb()
        except Exception as error:
&gt;           raise rewrite_error(error, f"{parsed_st['apiName']}: {error}") from None
E           playwright._impl._errors.Error: BrowserType.launch: Executable doesn't exist at /tmp/chg235-verify-home/Library/Caches/ms-playwright/chromium_headless_shell-1234/chrome-headless-shell-mac-arm64/chrome-headless-shell
E           ╔════════════════════════════════════════════════════════════╗
E           ║ Looks like Playwright was just installed or updated.       ║
E           ║ Please run the following command to download new browsers: ║
E           ║                                                            ║
E           ║     playwright install                                     ║
E           ║                                                            ║
E           ║ &lt;3 Playwright Team                                         ║
E           ╚════════════════════════════════════════════════════════════╝

/opt/anaconda3/lib/python3.11/site-packages/playwright/_impl/_connection.py:632: Error</error></testcase><testcase classname="experience-lab.tests.test_browser" name="test_each_registered_widget_renders[light-traces]" time="0.000"><error message="failed on setup with &quot;playwright._impl._errors.Error: BrowserType.launch: Executable doesn't exist at /tmp/chg235-verify-home/Library/Caches/ms-playwright/chromium_headless_shell-1234/chrome-headless-shell-mac-arm64/chrome-headless-shell&#10;╔════════════════════════════════════════════════════════════╗&#10;║ Looks like Playwright was just installed or updated.       ║&#10;║ Please run the following command to download new browsers: ║&#10;║                                                            ║&#10;║     playwright install                                     ║&#10;║                                                            ║&#10;║ &lt;3 Playwright Team                                         ║&#10;╚════════════════════════════════════════════════════════════╝&quot;">@pytest.fixture(scope='session')
    def browser():
        with sync_playwright() as pw:
            executable=os.environ.get('LAB_CHROMIUM_PATH','/usr/bin/chromium')
            kwargs={'headless':True}
            if Path(executable).is_file():kwargs['executable_path']=executable
&gt;           browser=pw.chromium.launch(**kwargs)
                    ^^^^^^^^^^^^^^^^^^^^^^^^^^^^

experience-lab/tests/test_browser.py:39: 
_ _ _ _ _ _ _ _ _ _ _ _ _ _ _ _ _ _ _ _ _ _ _ _ _ _ _ _ _ _ _ _ _ _ _ _ _ _ _ _ 
/opt/anaconda3/lib/python3.11/site-packages/playwright/sync_api/_generated.py:16702: in launch
    self._sync(
/opt/anaconda3/lib/python3.11/site-packages/playwright/_impl/_browser_type.py:97: in launch
    await self._channel.send(
/opt/anaconda3/lib/python3.11/site-packages/playwright/_impl/_connection.py:76: in send
    return await self._connection.wrap_api_call(
_ _ _ _ _ _ _ _ _ _ _ _ _ _ _ _ _ _ _ _ _ _ _ _ _ _ _ _ _ _ _ _ _ _ _ _ _ _ _ _ 

self = &lt;playwright._impl._connection.Connection object at 0x102b2ac50&gt;
cb = &lt;function Channel.send.&lt;locals&gt;.&lt;lambda&gt; at 0x10302e980&gt;
is_internal = False, title = None

    async def wrap_api_call(
        self, cb: Callable[[], Any], is_internal: bool = False, title: str = None
    ) -&gt; Any:
        if self._api_zone.get():
            return await cb()
        task = asyncio.current_task(self._loop)
        parsed_st = _attach_api_call_information(
            getattr(task, "__pw_stack__", None) or _capture_stack_trace(),
            is_internal,
            title,
        )
        self._api_zone.set(parsed_st)
        try:
            return await cb()
        except Exception as error:
&gt;           raise rewrite_error(error, f"{parsed_st['apiName']}: {error}") from None
E           playwright._impl._errors.Error: BrowserType.launch: Executable doesn't exist at /tmp/chg235-verify-home/Library/Caches/ms-playwright/chromium_headless_shell-1234/chrome-headless-shell-mac-arm64/chrome-headless-shell
E           ╔════════════════════════════════════════════════════════════╗
E           ║ Looks like Playwright was just installed or updated.       ║
E           ║ Please run the following command to download new browsers: ║
E           ║                                                            ║
E           ║     playwright install                                     ║
E           ║                                                            ║
E           ║ &lt;3 Playwright Team                                         ║
E           ╚════════════════════════════════════════════════════════════╝

/opt/anaconda3/lib/python3.11/site-packages/playwright/_impl/_connection.py:632: Error</error></testcase><testcase classname="experience-lab.tests.test_browser" name="test_each_registered_widget_renders[light-logs]" time="0.000"><error message="failed on setup with &quot;playwright._impl._errors.Error: BrowserType.launch: Executable doesn't exist at /tmp/chg235-verify-home/Library/Caches/ms-playwright/chromium_headless_shell-1234/chrome-headless-shell-mac-arm64/chrome-headless-shell&#10;╔════════════════════════════════════════════════════════════╗&#10;║ Looks like Playwright was just installed or updated.       ║&#10;║ Please run the following command to download new browsers: ║&#10;║                                                            ║&#10;║     playwright install                                     ║&#10;║                                                            ║&#10;║ &lt;3 Playwright Team                                         ║&#10;╚════════════════════════════════════════════════════════════╝&quot;">@pytest.fixture(scope='session')
    def browser():
        with sync_playwright() as pw:
            executable=os.environ.get('LAB_CHROMIUM_PATH','/usr/bin/chromium')
            kwargs={'headless':True}
            if Path(executable).is_file():kwargs['executable_path']=executable
&gt;           browser=pw.chromium.launch(**kwargs)
                    ^^^^^^^^^^^^^^^^^^^^^^^^^^^^

experience-lab/tests/test_browser.py:39: 
_ _ _ _ _ _ _ _ _ _ _ _ _ _ _ _ _ _ _ _ _ _ _ _ _ _ _ _ _ _ _ _ _ _ _ _ _ _ _ _ 
/opt/anaconda3/lib/python3.11/site-packages/playwright/sync_api/_generated.py:16702: in launch
    self._sync(
/opt/anaconda3/lib/python3.11/site-packages/playwright/_impl/_browser_type.py:97: in launch
    await self._channel.send(
/opt/anaconda3/lib/python3.11/site-packages/playwright/_impl/_connection.py:76: in send
    return await self._connection.wrap_api_call(
_ _ _ _ _ _ _ _ _ _ _ _ _ _ _ _ _ _ _ _ _ _ _ _ _ _ _ _ _ _ _ _ _ _ _ _ _ _ _ _ 

self = &lt;playwright._impl._connection.Connection object at 0x102b2ac50&gt;
cb = &lt;function Channel.send.&lt;locals&gt;.&lt;lambda&gt; at 0x10302e980&gt;
is_internal = False, title = None

    async def wrap_api_call(
        self, cb: Callable[[], Any], is_internal: bool = False, title: str = None
    ) -&gt; Any:
        if self._api_zone.get():
            return await cb()
        task = asyncio.current_task(self._loop)
        parsed_st = _attach_api_call_information(
            getattr(task, "__pw_stack__", None) or _capture_stack_trace(),
            is_internal,
            title,
        )
        self._api_zone.set(parsed_st)
        try:
            return await cb()
        except Exception as error:
&gt;           raise rewrite_error(error, f"{parsed_st['apiName']}: {error}") from None
E           playwright._impl._errors.Error: BrowserType.launch: Executable doesn't exist at /tmp/chg235-verify-home/Library/Caches/ms-playwright/chromium_headless_shell-1234/chrome-headless-shell-mac-arm64/chrome-headless-shell
E           ╔════════════════════════════════════════════════════════════╗
E           ║ Looks like Playwright was just installed or updated.       ║
E           ║ Please run the following command to download new browsers: ║
E           ║                                                            ║
E           ║     playwright install                                     ║
E           ║                                                            ║
E           ║ &lt;3 Playwright Team                                         ║
E           ╚════════════════════════════════════════════════════════════╝

/opt/anaconda3/lib/python3.11/site-packages/playwright/_impl/_connection.py:632: Error</error></testcase><testcase classname="experience-lab.tests.test_browser" name="test_each_registered_widget_renders[light-diff]" time="0.000"><error message="failed on setup with &quot;playwright._impl._errors.Error: BrowserType.launch: Executable doesn't exist at /tmp/chg235-verify-home/Library/Caches/ms-playwright/chromium_headless_shell-1234/chrome-headless-shell-mac-arm64/chrome-headless-shell&#10;╔════════════════════════════════════════════════════════════╗&#10;║ Looks like Playwright was just installed or updated.       ║&#10;║ Please run the following command to download new browsers: ║&#10;║                                                            ║&#10;║     playwright install                                     ║&#10;║                                                            ║&#10;║ &lt;3 Playwright Team                                         ║&#10;╚════════════════════════════════════════════════════════════╝&quot;">@pytest.fixture(scope='session')
    def browser():
        with sync_playwright() as pw:
            executable=os.environ.get('LAB_CHROMIUM_PATH','/usr/bin/chromium')
            kwargs={'headless':True}
            if Path(executable).is_file():kwargs['executable_path']=executable
&gt;           browser=pw.chromium.launch(**kwargs)
                    ^^^^^^^^^^^^^^^^^^^^^^^^^^^^

experience-lab/tests/test_browser.py:39: 
_ _ _ _ _ _ _ _ _ _ _ _ _ _ _ _ _ _ _ _ _ _ _ _ _ _ _ _ _ _ _ _ _ _ _ _ _ _ _ _ 
/opt/anaconda3/lib/python3.11/site-packages/playwright/sync_api/_generated.py:16702: in launch
    self._sync(
/opt/anaconda3/lib/python3.11/site-packages/playwright/_impl/_browser_type.py:97: in launch
    await self._channel.send(
/opt/anaconda3/lib/python3.11/site-packages/playwright/_impl/_connection.py:76: in send
    return await self._connection.wrap_api_call(
_ _ _ _ _ _ _ _ _ _ _ _ _ _ _ _ _ _ _ _ _ _ _ _ _ _ _ _ _ _ _ _ _ _ _ _ _ _ _ _ 

self = &lt;playwright._impl._connection.Connection object at 0x102b2ac50&gt;
cb = &lt;function Channel.send.&lt;locals&gt;.&lt;lambda&gt; at 0x10302e980&gt;
is_internal = False, title = None

    async def wrap_api_call(
        self, cb: Callable[[], Any], is_internal: bool = False, title: str = None
    ) -&gt; Any:
        if self._api_zone.get():
            return await cb()
        task = asyncio.current_task(self._loop)
        parsed_st = _attach_api_call_information(
            getattr(task, "__pw_stack__", None) or _capture_stack_trace(),
            is_internal,
            title,
        )
        self._api_zone.set(parsed_st)
        try:
            return await cb()
        except Exception as error:
&gt;           raise rewrite_error(error, f"{parsed_st['apiName']}: {error}") from None
E           playwright._impl._errors.Error: BrowserType.launch: Executable doesn't exist at /tmp/chg235-verify-home/Library/Caches/ms-playwright/chromium_headless_shell-1234/chrome-headless-shell-mac-arm64/chrome-headless-shell
E           ╔════════════════════════════════════════════════════════════╗
E           ║ Looks like Playwright was just installed or updated.       ║
E           ║ Please run the following command to download new browsers: ║
E           ║                                                            ║
E           ║     playwright install                                     ║
E           ║                                                            ║
E           ║ &lt;3 Playwright Team                                         ║
E           ╚════════════════════════════════════════════════════════════╝

/opt/anaconda3/lib/python3.11/site-packages/playwright/_impl/_connection.py:632: Error</error></testcase><testcase classname="experience-lab.tests.test_browser" name="test_each_registered_widget_renders[light-forms]" time="0.000"><error message="failed on setup with &quot;playwright._impl._errors.Error: BrowserType.launch: Executable doesn't exist at /tmp/chg235-verify-home/Library/Caches/ms-playwright/chromium_headless_shell-1234/chrome-headless-shell-mac-arm64/chrome-headless-shell&#10;╔════════════════════════════════════════════════════════════╗&#10;║ Looks like Playwright was just installed or updated.       ║&#10;║ Please run the following command to download new browsers: ║&#10;║                                                            ║&#10;║     playwright install                                     ║&#10;║                                                            ║&#10;║ &lt;3 Playwright Team                                         ║&#10;╚════════════════════════════════════════════════════════════╝&quot;">@pytest.fixture(scope='session')
    def browser():
        with sync_playwright() as pw:
            executable=os.environ.get('LAB_CHROMIUM_PATH','/usr/bin/chromium')
            kwargs={'headless':True}
            if Path(executable).is_file():kwargs['executable_path']=executable
&gt;           browser=pw.chromium.launch(**kwargs)
                    ^^^^^^^^^^^^^^^^^^^^^^^^^^^^

experience-lab/tests/test_browser.py:39: 
_ _ _ _ _ _ _ _ _ _ _ _ _ _ _ _ _ _ _ _ _ _ _ _ _ _ _ _ _ _ _ _ _ _ _ _ _ _ _ _ 
/opt/anaconda3/lib/python3.11/site-packages/playwright/sync_api/_generated.py:16702: in launch
    self._sync(
/opt/anaconda3/lib/python3.11/site-packages/playwright/_impl/_browser_type.py:97: in launch
    await self._channel.send(
/opt/anaconda3/lib/python3.11/site-packages/playwright/_impl/_connection.py:76: in send
    return await self._connection.wrap_api_call(
_ _ _ _ _ _ _ _ _ _ _ _ _ _ _ _ _ _ _ _ _ _ _ _ _ _ _ _ _ _ _ _ _ _ _ _ _ _ _ _ 

self = &lt;playwright._impl._connection.Connection object at 0x102b2ac50&gt;
cb = &lt;function Channel.send.&lt;locals&gt;.&lt;lambda&gt; at 0x10302e980&gt;
is_internal = False, title = None

    async def wrap_api_call(
        self, cb: Callable[[], Any], is_internal: bool = False, title: str = None
    ) -&gt; Any:
        if self._api_zone.get():
            return await cb()
        task = asyncio.current_task(self._loop)
        parsed_st = _attach_api_call_information(
            getattr(task, "__pw_stack__", None) or _capture_stack_trace(),
            is_internal,
            title,
        )
        self._api_zone.set(parsed_st)
        try:
            return await cb()
        except Exception as error:
&gt;           raise rewrite_error(error, f"{parsed_st['apiName']}: {error}") from None
E           playwright._impl._errors.Error: BrowserType.launch: Executable doesn't exist at /tmp/chg235-verify-home/Library/Caches/ms-playwright/chromium_headless_shell-1234/chrome-headless-shell-mac-arm64/chrome-headless-shell
E           ╔════════════════════════════════════════════════════════════╗
E           ║ Looks like Playwright was just installed or updated.       ║
E           ║ Please run the following command to download new browsers: ║
E           ║                                                            ║
E           ║     playwright install                                     ║
E           ║                                                            ║
E           ║ &lt;3 Playwright Team                                         ║
E           ╚════════════════════════════════════════════════════════════╝

/opt/anaconda3/lib/python3.11/site-packages/playwright/_impl/_connection.py:632: Error</error></testcase><testcase classname="experience-lab.tests.test_browser" name="test_each_registered_widget_renders[light-windows]" time="0.000"><error message="failed on setup with &quot;playwright._impl._errors.Error: BrowserType.launch: Executable doesn't exist at /tmp/chg235-verify-home/Library/Caches/ms-playwright/chromium_headless_shell-1234/chrome-headless-shell-mac-arm64/chrome-headless-shell&#10;╔════════════════════════════════════════════════════════════╗&#10;║ Looks like Playwright was just installed or updated.       ║&#10;║ Please run the following command to download new browsers: ║&#10;║                                                            ║&#10;║     playwright install                                     ║&#10;║                                                            ║&#10;║ &lt;3 Playwright Team                                         ║&#10;╚════════════════════════════════════════════════════════════╝&quot;">@pytest.fixture(scope='session')
    def browser():
        with sync_playwright() as pw:
            executable=os.environ.get('LAB_CHROMIUM_PATH','/usr/bin/chromium')
            kwargs={'headless':True}
            if Path(executable).is_file():kwargs['executable_path']=executable
&gt;           browser=pw.chromium.launch(**kwargs)
                    ^^^^^^^^^^^^^^^^^^^^^^^^^^^^

experience-lab/tests/test_browser.py:39: 
_ _ _ _ _ _ _ _ _ _ _ _ _ _ _ _ _ _ _ _ _ _ _ _ _ _ _ _ _ _ _ _ _ _ _ _ _ _ _ _ 
/opt/anaconda3/lib/python3.11/site-packages/playwright/sync_api/_generated.py:16702: in launch
    self._sync(
/opt/anaconda3/lib/python3.11/site-packages/playwright/_impl/_browser_type.py:97: in launch
    await self._channel.send(
/opt/anaconda3/lib/python3.11/site-packages/playwright/_impl/_connection.py:76: in send
    return await self._connection.wrap_api_call(
_ _ _ _ _ _ _ _ _ _ _ _ _ _ _ _ _ _ _ _ _ _ _ _ _ _ _ _ _ _ _ _ _ _ _ _ _ _ _ _ 

self = &lt;playwright._impl._connection.Connection object at 0x102b2ac50&gt;
cb = &lt;function Channel.send.&lt;locals&gt;.&lt;lambda&gt; at 0x10302e980&gt;
is_internal = False, title = None

    async def wrap_api_call(
        self, cb: Callable[[], Any], is_internal: bool = False, title: str = None
    ) -&gt; Any:
        if self._api_zone.get():
            return await cb()
        task = asyncio.current_task(self._loop)
        parsed_st = _attach_api_call_information(
            getattr(task, "__pw_stack__", None) or _capture_stack_trace(),
            is_internal,
            title,
        )
        self._api_zone.set(parsed_st)
        try:
            return await cb()
        except Exception as error:
&gt;           raise rewrite_error(error, f"{parsed_st['apiName']}: {error}") from None
E           playwright._impl._errors.Error: BrowserType.launch: Executable doesn't exist at /tmp/chg235-verify-home/Library/Caches/ms-playwright/chromium_headless_shell-1234/chrome-headless-shell-mac-arm64/chrome-headless-shell
E           ╔════════════════════════════════════════════════════════════╗
E           ║ Looks like Playwright was just installed or updated.       ║
E           ║ Please run the following command to download new browsers: ║
E           ║                                                            ║
E           ║     playwright install                                     ║
E           ║                                                            ║
E           ║ &lt;3 Playwright Team                                         ║
E           ╚════════════════════════════════════════════════════════════╝

/opt/anaconda3/lib/python3.11/site-packages/playwright/_impl/_connection.py:632: Error</error></testcase><testcase classname="experience-lab.tests.test_browser" name="test_each_registered_widget_renders[light-json]" time="0.000"><error message="failed on setup with &quot;playwright._impl._errors.Error: BrowserType.launch: Executable doesn't exist at /tmp/chg235-verify-home/Library/Caches/ms-playwright/chromium_headless_shell-1234/chrome-headless-shell-mac-arm64/chrome-headless-shell&#10;╔════════════════════════════════════════════════════════════╗&#10;║ Looks like Playwright was just installed or updated.       ║&#10;║ Please run the following command to download new browsers: ║&#10;║                                                            ║&#10;║     playwright install                                     ║&#10;║                                                            ║&#10;║ &lt;3 Playwright Team                                         ║&#10;╚════════════════════════════════════════════════════════════╝&quot;">@pytest.fixture(scope='session')
    def browser():
        with sync_playwright() as pw:
            executable=os.environ.get('LAB_CHROMIUM_PATH','/usr/bin/chromium')
            kwargs={'headless':True}
            if Path(executable).is_file():kwargs['executable_path']=executable
&gt;           browser=pw.chromium.launch(**kwargs)
                    ^^^^^^^^^^^^^^^^^^^^^^^^^^^^

experience-lab/tests/test_browser.py:39: 
_ _ _ _ _ _ _ _ _ _ _ _ _ _ _ _ _ _ _ _ _ _ _ _ _ _ _ _ _ _ _ _ _ _ _ _ _ _ _ _ 
/opt/anaconda3/lib/python3.11/site-packages/playwright/sync_api/_generated.py:16702: in launch
    self._sync(
/opt/anaconda3/lib/python3.11/site-packages/playwright/_impl/_browser_type.py:97: in launch
    await self._channel.send(
/opt/anaconda3/lib/python3.11/site-packages/playwright/_impl/_connection.py:76: in send
    return await self._connection.wrap_api_call(
_ _ _ _ _ _ _ _ _ _ _ _ _ _ _ _ _ _ _ _ _ _ _ _ _ _ _ _ _ _ _ _ _ _ _ _ _ _ _ _ 

self = &lt;playwright._impl._connection.Connection object at 0x102b2ac50&gt;
cb = &lt;function Channel.send.&lt;locals&gt;.&lt;lambda&gt; at 0x10302e980&gt;
is_internal = False, title = None

    async def wrap_api_call(
        self, cb: Callable[[], Any], is_internal: bool = False, title: str = None
    ) -&gt; Any:
        if self._api_zone.get():
            return await cb()
        task = asyncio.current_task(self._loop)
        parsed_st = _attach_api_call_information(
            getattr(task, "__pw_stack__", None) or _capture_stack_trace(),
            is_internal,
            title,
        )
        self._api_zone.set(parsed_st)
        try:
            return await cb()
        except Exception as error:
&gt;           raise rewrite_error(error, f"{parsed_st['apiName']}: {error}") from None
E           playwright._impl._errors.Error: BrowserType.launch: Executable doesn't exist at /tmp/chg235-verify-home/Library/Caches/ms-playwright/chromium_headless_shell-1234/chrome-headless-shell-mac-arm64/chrome-headless-shell
E           ╔════════════════════════════════════════════════════════════╗
E           ║ Looks like Playwright was just installed or updated.       ║
E           ║ Please run the following command to download new browsers: ║
E           ║                                                            ║
E           ║     playwright install                                     ║
E           ║                                                            ║
E           ║ &lt;3 Playwright Team                                         ║
E           ╚════════════════════════════════════════════════════════════╝

/opt/anaconda3/lib/python3.11/site-packages/playwright/_impl/_connection.py:632: Error</error></testcase><testcase classname="experience-lab.tests.test_browser" name="test_each_registered_widget_renders[light-carrier]" time="0.000"><error message="failed on setup with &quot;playwright._impl._errors.Error: BrowserType.launch: Executable doesn't exist at /tmp/chg235-verify-home/Library/Caches/ms-playwright/chromium_headless_shell-1234/chrome-headless-shell-mac-arm64/chrome-headless-shell&#10;╔════════════════════════════════════════════════════════════╗&#10;║ Looks like Playwright was just installed or updated.       ║&#10;║ Please run the following command to download new browsers: ║&#10;║                                                            ║&#10;║     playwright install                                     ║&#10;║                                                            ║&#10;║ &lt;3 Playwright Team                                         ║&#10;╚════════════════════════════════════════════════════════════╝&quot;">@pytest.fixture(scope='session')
    def browser():
        with sync_playwright() as pw:
            executable=os.environ.get('LAB_CHROMIUM_PATH','/usr/bin/chromium')
            kwargs={'headless':True}
            if Path(executable).is_file():kwargs['executable_path']=executable
&gt;           browser=pw.chromium.launch(**kwargs)
                    ^^^^^^^^^^^^^^^^^^^^^^^^^^^^

experience-lab/tests/test_browser.py:39: 
_ _ _ _ _ _ _ _ _ _ _ _ _ _ _ _ _ _ _ _ _ _ _ _ _ _ _ _ _ _ _ _ _ _ _ _ _ _ _ _ 
/opt/anaconda3/lib/python3.11/site-packages/playwright/sync_api/_generated.py:16702: in launch
    self._sync(
/opt/anaconda3/lib/python3.11/site-packages/playwright/_impl/_browser_type.py:97: in launch
    await self._channel.send(
/opt/anaconda3/lib/python3.11/site-packages/playwright/_impl/_connection.py:76: in send
    return await self._connection.wrap_api_call(
_ _ _ _ _ _ _ _ _ _ _ _ _ _ _ _ _ _ _ _ _ _ _ _ _ _ _ _ _ _ _ _ _ _ _ _ _ _ _ _ 

self = &lt;playwright._impl._connection.Connection object at 0x102b2ac50&gt;
cb = &lt;function Channel.send.&lt;locals&gt;.&lt;lambda&gt; at 0x10302e980&gt;
is_internal = False, title = None

    async def wrap_api_call(
        self, cb: Callable[[], Any], is_internal: bool = False, title: str = None
    ) -&gt; Any:
        if self._api_zone.get():
            return await cb()
        task = asyncio.current_task(self._loop)
        parsed_st = _attach_api_call_information(
            getattr(task, "__pw_stack__", None) or _capture_stack_trace(),
            is_internal,
            title,
        )
        self._api_zone.set(parsed_st)
        try:
            return await cb()
        except Exception as error:
&gt;           raise rewrite_error(error, f"{parsed_st['apiName']}: {error}") from None
E           playwright._impl._errors.Error: BrowserType.launch: Executable doesn't exist at /tmp/chg235-verify-home/Library/Caches/ms-playwright/chromium_headless_shell-1234/chrome-headless-shell-mac-arm64/chrome-headless-shell
E           ╔════════════════════════════════════════════════════════════╗
E           ║ Looks like Playwright was just installed or updated.       ║
E           ║ Please run the following command to download new browsers: ║
E           ║                                                            ║
E           ║     playwright install                                     ║
E           ║                                                            ║
E           ║ &lt;3 Playwright Team                                         ║
E           ╚════════════════════════════════════════════════════════════╝

/opt/anaconda3/lib/python3.11/site-packages/playwright/_impl/_connection.py:632: Error</error></testcase><testcase classname="experience-lab.tests.test_browser" name="test_each_registered_widget_renders[light-traveler]" time="0.000"><error message="failed on setup with &quot;playwright._impl._errors.Error: BrowserType.launch: Executable doesn't exist at /tmp/chg235-verify-home/Library/Caches/ms-playwright/chromium_headless_shell-1234/chrome-headless-shell-mac-arm64/chrome-headless-shell&#10;╔════════════════════════════════════════════════════════════╗&#10;║ Looks like Playwright was just installed or updated.       ║&#10;║ Please run the following command to download new browsers: ║&#10;║                                                            ║&#10;║     playwright install                                     ║&#10;║                                                            ║&#10;║ &lt;3 Playwright Team                                         ║&#10;╚════════════════════════════════════════════════════════════╝&quot;">@pytest.fixture(scope='session')
    def browser():
        with sync_playwright() as pw:
            executable=os.environ.get('LAB_CHROMIUM_PATH','/usr/bin/chromium')
            kwargs={'headless':True}
            if Path(executable).is_file():kwargs['executable_path']=executable
&gt;           browser=pw.chromium.launch(**kwargs)
                    ^^^^^^^^^^^^^^^^^^^^^^^^^^^^

experience-lab/tests/test_browser.py:39: 
_ _ _ _ _ _ _ _ _ _ _ _ _ _ _ _ _ _ _ _ _ _ _ _ _ _ _ _ _ _ _ _ _ _ _ _ _ _ _ _ 
/opt/anaconda3/lib/python3.11/site-packages/playwright/sync_api/_generated.py:16702: in launch
    self._sync(
/opt/anaconda3/lib/python3.11/site-packages/playwright/_impl/_browser_type.py:97: in launch
    await self._channel.send(
/opt/anaconda3/lib/python3.11/site-packages/playwright/_impl/_connection.py:76: in send
    return await self._connection.wrap_api_call(
_ _ _ _ _ _ _ _ _ _ _ _ _ _ _ _ _ _ _ _ _ _ _ _ _ _ _ _ _ _ _ _ _ _ _ _ _ _ _ _ 

self = &lt;playwright._impl._connection.Connection object at 0x102b2ac50&gt;
cb = &lt;function Channel.send.&lt;locals&gt;.&lt;lambda&gt; at 0x10302e980&gt;
is_internal = False, title = None

    async def wrap_api_call(
        self, cb: Callable[[], Any], is_internal: bool = False, title: str = None
    ) -&gt; Any:
        if self._api_zone.get():
            return await cb()
        task = asyncio.current_task(self._loop)
        parsed_st = _attach_api_call_information(
            getattr(task, "__pw_stack__", None) or _capture_stack_trace(),
            is_internal,
            title,
        )
        self._api_zone.set(parsed_st)
        try:
            return await cb()
        except Exception as error:
&gt;           raise rewrite_error(error, f"{parsed_st['apiName']}: {error}") from None
E           playwright._impl._errors.Error: BrowserType.launch: Executable doesn't exist at /tmp/chg235-verify-home/Library/Caches/ms-playwright/chromium_headless_shell-1234/chrome-headless-shell-mac-arm64/chrome-headless-shell
E           ╔════════════════════════════════════════════════════════════╗
E           ║ Looks like Playwright was just installed or updated.       ║
E           ║ Please run the following command to download new browsers: ║
E           ║                                                            ║
[...]

self = &lt;playwright._impl._connection.Connection object at 0x102b2ac50&gt;
cb = &lt;function Channel.send.&lt;locals&gt;.&lt;lambda&gt; at 0x10302e980&gt;
is_internal = False, title = None

    async def wrap_api_call(
        self, cb: Callable[[], Any], is_internal: bool = False, title: str = None
    ) -&gt; Any:
        if self._api_zone.get():
            return await cb()
        task = asyncio.current_task(self._loop)
        parsed_st = _attach_api_call_information(
            getattr(task, "__pw_stack__", None) or _capture_stack_trace(),
            is_internal,
            title,
        )
        self._api_zone.set(parsed_st)
        try:
            return await cb()
        except Exception as error:
&gt;           raise rewrite_error(error, f"{parsed_st['apiName']}: {error}") from None
E           playwright._impl._errors.Error: BrowserType.launch: Executable doesn't exist at /tmp/chg235-verify-home/Library/Caches/ms-playwright/chromium_headless_shell-1234/chrome-headless-shell-mac-arm64/chrome-headless-shell
E           ╔════════════════════════════════════════════════════════════╗
E           ║ Looks like Playwright was just installed or updated.       ║
E           ║ Please run the following command to download new browsers: ║
E           ║                                                            ║
E           ║     playwright install                                     ║
E           ║                                                            ║
E           ║ &lt;3 Playwright Team                                         ║
E           ╚════════════════════════════════════════════════════════════╝

/opt/anaconda3/lib/python3.11/site-packages/playwright/_impl/_connection.py:632: Error</error></testcase><testcase classname="experience-lab.tests.test_browser" name="test_visual_evidence[dark-themes]" time="0.000"><error message="failed on setup with &quot;playwright._impl._errors.Error: BrowserType.launch: Executable doesn't exist at /tmp/chg235-verify-home/Library/Caches/ms-playwright/chromium_headless_shell-1234/chrome-headless-shell-mac-arm64/chrome-headless-shell&#10;╔════════════════════════════════════════════════════════════╗&#10;║ Looks like Playwright was just installed or updated.       ║&#10;║ Please run the following command to download new browsers: ║&#10;║                                                            ║&#10;║     playwright install                                     ║&#10;║                                                            ║&#10;║ &lt;3 Playwright Team                                         ║&#10;╚════════════════════════════════════════════════════════════╝&quot;">@pytest.fixture(scope='session')
    def browser():
        with sync_playwright() as pw:
            executable=os.environ.get('LAB_CHROMIUM_PATH','/usr/bin/chromium')
            kwargs={'headless':True}
            if Path(executable).is_file():kwargs['executable_path']=executable
&gt;           browser=pw.chromium.launch(**kwargs)
                    ^^^^^^^^^^^^^^^^^^^^^^^^^^^^

experience-lab/tests/test_browser.py:39: 
_ _ _ _ _ _ _ _ _ _ _ _ _ _ _ _ _ _ _ _ _ _ _ _ _ _ _ _ _ _ _ _ _ _ _ _ _ _ _ _ 
/opt/anaconda3/lib/python3.11/site-packages/playwright/sync_api/_generated.py:16702: in launch
    self._sync(
/opt/anaconda3/lib/python3.11/site-packages/playwright/_impl/_browser_type.py:97: in launch
    await self._channel.send(
/opt/anaconda3/lib/python3.11/site-packages/playwright/_impl/_connection.py:76: in send
    return await self._connection.wrap_api_call(
_ _ _ _ _ _ _ _ _ _ _ _ _ _ _ _ _ _ _ _ _ _ _ _ _ _ _ _ _ _ _ _ _ _ _ _ _ _ _ _ 

self = &lt;playwright._impl._connection.Connection object at 0x102b2ac50&gt;
cb = &lt;function Channel.send.&lt;locals&gt;.&lt;lambda&gt; at 0x10302e980&gt;
is_internal = False, title = None

    async def wrap_api_call(
        self, cb: Callable[[], Any], is_internal: bool = False, title: str = None
    ) -&gt; Any:
        if self._api_zone.get():
            return await cb()
        task = asyncio.current_task(self._loop)
        parsed_st = _attach_api_call_information(
            getattr(task, "__pw_stack__", None) or _capture_stack_trace(),
            is_internal,
            title,
        )
        self._api_zone.set(parsed_st)
        try:
            return await cb()
        except Exception as error:
&gt;           raise rewrite_error(error, f"{parsed_st['apiName']}: {error}") from None
E           playwright._impl._errors.Error: BrowserType.launch: Executable doesn't exist at /tmp/chg235-verify-home/Library/Caches/ms-playwright/chromium_headless_shell-1234/chrome-headless-shell-mac-arm64/chrome-headless-shell
E           ╔════════════════════════════════════════════════════════════╗
E           ║ Looks like Playwright was just installed or updated.       ║
E           ║ Please run the following command to download new browsers: ║
E           ║                                                            ║
E           ║     playwright install                                     ║
E           ║                                                            ║
E           ║ &lt;3 Playwright Team                                         ║
E           ╚════════════════════════════════════════════════════════════╝

/opt/anaconda3/lib/python3.11/site-packages/playwright/_impl/_connection.py:632: Error</error></testcase><testcase classname="experience-lab.tests.test_browser" name="test_custom_presentation_without_kernel_changes" time="0.000"><error message="failed on setup with &quot;playwright._impl._errors.Error: BrowserType.launch: Executable doesn't exist at /tmp/chg235-verify-home/Library/Caches/ms-playwright/chromium_headless_shell-1234/chrome-headless-shell-mac-arm64/chrome-headless-shell&#10;╔════════════════════════════════════════════════════════════╗&#10;║ Looks like Playwright was just installed or updated.       ║&#10;║ Please run the following command to download new browsers: ║&#10;║                                                            ║&#10;║     playwright install                                     ║&#10;║                                                            ║&#10;║ &lt;3 Playwright Team                                         ║&#10;╚════════════════════════════════════════════════════════════╝&quot;">@pytest.fixture(scope='session')
    def browser():
        with sync_playwright() as pw:
            executable=os.environ.get('LAB_CHROMIUM_PATH','/usr/bin/chromium')
            kwargs={'headless':True}
            if Path(executable).is_file():kwargs['executable_path']=executable
&gt;           browser=pw.chromium.launch(**kwargs)
                    ^^^^^^^^^^^^^^^^^^^^^^^^^^^^

experience-lab/tests/test_browser.py:39: 
_ _ _ _ _ _ _ _ _ _ _ _ _ _ _ _ _ _ _ _ _ _ _ _ _ _ _ _ _ _ _ _ _ _ _ _ _ _ _ _ 
/opt/anaconda3/lib/python3.11/site-packages/playwright/sync_api/_generated.py:16702: in launch
    self._sync(
/opt/anaconda3/lib/python3.11/site-packages/playwright/_impl/_browser_type.py:97: in launch
    await self._channel.send(
/opt/anaconda3/lib/python3.11/site-packages/playwright/_impl/_connection.py:76: in send
    return await self._connection.wrap_api_call(
_ _ _ _ _ _ _ _ _ _ _ _ _ _ _ _ _ _ _ _ _ _ _ _ _ _ _ _ _ _ _ _ _ _ _ _ _ _ _ _ 

self = &lt;playwright._impl._connection.Connection object at 0x102b2ac50&gt;
cb = &lt;function Channel.send.&lt;locals&gt;.&lt;lambda&gt; at 0x10302e980&gt;
is_internal = False, title = None

    async def wrap_api_call(
        self, cb: Callable[[], Any], is_internal: bool = False, title: str = None
    ) -&gt; Any:
        if self._api_zone.get():
            return await cb()
        task = asyncio.current_task(self._loop)
        parsed_st = _attach_api_call_information(
            getattr(task, "__pw_stack__", None) or _capture_stack_trace(),
            is_internal,
            title,
        )
        self._api_zone.set(parsed_st)
        try:
            return await cb()
        except Exception as error:
&gt;           raise rewrite_error(error, f"{parsed_st['apiName']}: {error}") from None
E           playwright._impl._errors.Error: BrowserType.launch: Executable doesn't exist at /tmp/chg235-verify-home/Library/Caches/ms-playwright/chromium_headless_shell-1234/chrome-headless-shell-mac-arm64/chrome-headless-shell
E           ╔════════════════════════════════════════════════════════════╗
E           ║ Looks like Playwright was just installed or updated.       ║
E           ║ Please run the following command to download new browsers: ║
E           ║                                                            ║
E           ║     playwright install                                     ║
E           ║                                                            ║
E           ║ &lt;3 Playwright Team                                         ║
E           ╚════════════════════════════════════════════════════════════╝

/opt/anaconda3/lib/python3.11/site-packages/playwright/_impl/_connection.py:632: Error</error></testcase><testcase classname="experience-lab.tests.test_browser" name="test_two_topologies_do_not_duplicate_svg_ids" time="0.000"><error message="failed on setup with &quot;playwright._impl._errors.Error: BrowserType.launch: Executable doesn't exist at /tmp/chg235-verify-home/Library/Caches/ms-playwright/chromium_headless_shell-1234/chrome-headless-shell-mac-arm64/chrome-headless-shell&#10;╔════════════════════════════════════════════════════════════╗&#10;║ Looks like Playwright was just installed or updated.       ║&#10;║ Please run the following command to download new browsers: ║&#10;║                                                            ║&#10;║     playwright install                                     ║&#10;║                                                            ║&#10;║ &lt;3 Playwright Team                                         ║&#10;╚════════════════════════════════════════════════════════════╝&quot;">@pytest.fixture(scope='session')
    def browser():
        with sync_playwright() as pw:
            executable=os.environ.get('LAB_CHROMIUM_PATH','/usr/bin/chromium')
            kwargs={'headless':True}
            if Path(executable).is_file():kwargs['executable_path']=executable
&gt;           browser=pw.chromium.launch(**kwargs)
                    ^^^^^^^^^^^^^^^^^^^^^^^^^^^^

experience-lab/tests/test_browser.py:39: 
_ _ _ _ _ _ _ _ _ _ _ _ _ _ _ _ _ _ _ _ _ _ _ _ _ _ _ _ _ _ _ _ _ _ _ _ _ _ _ _ 
/opt/anaconda3/lib/python3.11/site-packages/playwright/sync_api/_generated.py:16702: in launch
    self._sync(
/opt/anaconda3/lib/python3.11/site-packages/playwright/_impl/_browser_type.py:97: in launch
    await self._channel.send(
/opt/anaconda3/lib/python3.11/site-packages/playwright/_impl/_connection.py:76: in send
    return await self._connection.wrap_api_call(
_ _ _ _ _ _ _ _ _ _ _ _ _ _ _ _ _ _ _ _ _ _ _ _ _ _ _ _ _ _ _ _ _ _ _ _ _ _ _ _ 

self = &lt;playwright._impl._connection.Connection object at 0x102b2ac50&gt;
cb = &lt;function Channel.send.&lt;locals&gt;.&lt;lambda&gt; at 0x10302e980&gt;
is_internal = False, title = None

    async def wrap_api_call(
        self, cb: Callable[[], Any], is_internal: bool = False, title: str = None
    ) -&gt; Any:
        if self._api_zone.get():
            return await cb()
        task = asyncio.current_task(self._loop)
        parsed_st = _attach_api_call_information(
            getattr(task, "__pw_stack__", None) or _capture_stack_trace(),
            is_internal,
            title,
        )
        self._api_zone.set(parsed_st)
        try:
            return await cb()
        except Exception as error:
&gt;           raise rewrite_error(error, f"{parsed_st['apiName']}: {error}") from None
E           playwright._impl._errors.Error: BrowserType.launch: Executable doesn't exist at /tmp/chg235-verify-home/Library/Caches/ms-playwright/chromium_headless_shell-1234/chrome-headless-shell-mac-arm64/chrome-headless-shell
E           ╔════════════════════════════════════════════════════════════╗
E           ║ Looks like Playwright was just installed or updated.       ║
E           ║ Please run the following command to download new browsers: ║
E           ║                                                            ║
E           ║     playwright install                                     ║
E           ║                                                            ║
E           ║ &lt;3 Playwright Team                                         ║
E           ╚════════════════════════════════════════════════════════════╝

/opt/anaconda3/lib/python3.11/site-packages/playwright/_impl/_connection.py:632: Error</error></testcase><testcase classname="experience-lab.tests.test_browser" name="test_wafer_labels_match_screen_coordinate_orientation" time="0.000"><error message="failed on setup with &quot;playwright._impl._errors.Error: BrowserType.launch: Executable doesn't exist at /tmp/chg235-verify-home/Library/Caches/ms-playwright/chromium_headless_shell-1234/chrome-headless-shell-mac-arm64/chrome-headless-shell&#10;╔════════════════════════════════════════════════════════════╗&#10;║ Looks like Playwright was just installed or updated.       ║&#10;║ Please run the following command to download new browsers: ║&#10;║                                                            ║&#10;║     playwright install                                     ║&#10;║                                                            ║&#10;║ &lt;3 Playwright Team                                         ║&#10;╚════════════════════════════════════════════════════════════╝&quot;">@pytest.fixture(scope='session')
    def browser():
        with sync_playwright() as pw:
            executable=os.environ.get('LAB_CHROMIUM_PATH','/usr/bin/chromium')
            kwargs={'headless':True}
            if Path(executable).is_file():kwargs['executable_path']=executable
&gt;           browser=pw.chromium.launch(**kwargs)
                    ^^^^^^^^^^^^^^^^^^^^^^^^^^^^

experience-lab/tests/test_browser.py:39: 
_ _ _ _ _ _ _ _ _ _ _ _ _ _ _ _ _ _ _ _ _ _ _ _ _ _ _ _ _ _ _ _ _ _ _ _ _ _ _ _ 
/opt/anaconda3/lib/python3.11/site-packages/playwright/sync_api/_generated.py:16702: in launch
    self._sync(
/opt/anaconda3/lib/python3.11/site-packages/playwright/_impl/_browser_type.py:97: in launch
    await self._channel.send(
/opt/anaconda3/lib/python3.11/site-packages/playwright/_impl/_connection.py:76: in send
    return await self._connection.wrap_api_call(
_ _ _ _ _ _ _ _ _ _ _ _ _ _ _ _ _ _ _ _ _ _ _ _ _ _ _ _ _ _ _ _ _ _ _ _ _ _ _ _ 

self = &lt;playwright._impl._connection.Connection object at 0x102b2ac50&gt;
cb = &lt;function Channel.send.&lt;locals&gt;.&lt;lambda&gt; at 0x10302e980&gt;
is_internal = False, title = None

    async def wrap_api_call(
        self, cb: Callable[[], Any], is_internal: bool = False, title: str = None
    ) -&gt; Any:
        if self._api_zone.get():
            return await cb()
        task = asyncio.current_task(self._loop)
        parsed_st = _attach_api_call_information(
            getattr(task, "__pw_stack__", None) or _capture_stack_trace(),
            is_internal,
            title,
        )
        self._api_zone.set(parsed_st)
        try:
            return await cb()
        except Exception as error:
&gt;           raise rewrite_error(error, f"{parsed_st['apiName']}: {error}") from None
E           playwright._impl._errors.Error: BrowserType.launch: Executable doesn't exist at /tmp/chg235-verify-home/Library/Caches/ms-playwright/chromium_headless_shell-1234/chrome-headless-shell-mac-arm64/chrome-headless-shell
E           ╔════════════════════════════════════════════════════════════╗
E           ║ Looks like Playwright was just installed or updated.       ║
E           ║ Please run the following command to download new browsers: ║
E           ║                                                            ║
E           ║     playwright install                                     ║
E           ║                                                            ║
E           ║ &lt;3 Playwright Team                                         ║
E           ╚════════════════════════════════════════════════════════════╝

/opt/anaconda3/lib/python3.11/site-packages/playwright/_impl/_connection.py:632: Error</error></testcase><testcase classname="experience-lab.tests.test_browser" name="test_trace_status_uses_external_model_instead_of_success_constant" time="0.365"><error message="failed on setup with &quot;playwright._impl._errors.Error: BrowserType.launch: Executable doesn't exist at /tmp/chg235-verify-home/Library/Caches/ms-playwright/chromium_headless_shell-1234/chrome-headless-shell-mac-arm64/chrome-headless-shell&#10;╔════════════════════════════════════════════════════════════╗&#10;║ Looks like Playwright was just installed or updated.       ║&#10;║ Please run the following command to download new browsers: ║&#10;║                                                            ║&#10;║     playwright install                                     ║&#10;║                                                            ║&#10;║ &lt;3 Playwright Team                                         ║&#10;╚════════════════════════════════════════════════════════════╝&quot;">@pytest.fixture(scope='session')
    def browser():
        with sync_playwright() as pw:
            executable=os.environ.get('LAB_CHROMIUM_PATH','/usr/bin/chromium')
            kwargs={'headless':True}
            if Path(executable).is_file():kwargs['executable_path']=executable
&gt;           browser=pw.chromium.launch(**kwargs)
                    ^^^^^^^^^^^^^^^^^^^^^^^^^^^^

experience-lab/tests/test_browser.py:39: 
_ _ _ _ _ _ _ _ _ _ _ _ _ _ _ _ _ _ _ _ _ _ _ _ _ _ _ _ _ _ _ _ _ _ _ _ _ _ _ _ 
/opt/anaconda3/lib/python3.11/site-packages/playwright/sync_api/_generated.py:16702: in launch
    self._sync(
/opt/anaconda3/lib/python3.11/site-packages/playwright/_impl/_browser_type.py:97: in launch
    await self._channel.send(
/opt/anaconda3/lib/python3.11/site-packages/playwright/_impl/_connection.py:76: in send
    return await self._connection.wrap_api_call(
_ _ _ _ _ _ _ _ _ _ _ _ _ _ _ _ _ _ _ _ _ _ _ _ _ _ _ _ _ _ _ _ _ _ _ _ _ _ _ _ 

self = &lt;playwright._impl._connection.Connection object at 0x102b2ac50&gt;
cb = &lt;function Channel.send.&lt;locals&gt;.&lt;lambda&gt; at 0x10302e980&gt;
is_internal = False, title = None

    async def wrap_api_call(
        self, cb: Callable[[], Any], is_internal: bool = False, title: str = None
    ) -&gt; Any:
        if self._api_zone.get():
            return await cb()
        task = asyncio.current_task(self._loop)
        parsed_st = _attach_api_call_information(
            getattr(task, "__pw_stack__", None) or _capture_stack_trace(),
            is_internal,
            title,
        )
        self._api_zone.set(parsed_st)
        try:
            return await cb()
        except Exception as error:
&gt;           raise rewrite_error(error, f"{parsed_st['apiName']}: {error}") from None
E           playwright._impl._errors.Error: BrowserType.launch: Executable doesn't exist at /tmp/chg235-verify-home/Library/Caches/ms-playwright/chromium_headless_shell-1234/chrome-headless-shell-mac-arm64/chrome-headless-shell
E           ╔════════════════════════════════════════════════════════════╗
E           ║ Looks like Playwright was just installed or updated.       ║
E           ║ Please run the following command to download new browsers: ║
E           ║                                                            ║
E           ║     playwright install                                     ║
E           ║                                                            ║
E           ║ &lt;3 Playwright Team                                         ║
E           ╚════════════════════════════════════════════════════════════╝

/opt/anaconda3/lib/python3.11/site-packages/playwright/_impl/_connection.py:632: Error</error></testcase></testsuite></testsuites>