<?xml version="1.0" encoding="utf-8"?><testsuites name="pytest tests"><testsuite name="pytest" errors="0" failures="0" skipped="0" tests="99" time="121.023" timestamp="2026-09-07T05:19:31.808793+00:00" hostname="localhost"><testcase classname="experience-lab.tests.test_browser" name="test_each_registered_widget_renders[light-tables]" time="3.584" /><testcase classname="experience-lab.tests.test_browser" name="test_each_registered_widget_renders[light-boards]" time="0.929" /><testcase classname="experience-lab.tests.test_browser" name="test_each_registered_widget_renders[light-gantt]" time="0.974" /><testcase classname="experience-lab.tests.test_browser" name="test_each_registered_widget_renders[light-calendar]" time="1.151" /><testcase classname="experience-lab.tests.test_browser" name="test_each_registered_widget_renders[light-timeline]" time="0.939" /><testcase classname="experience-lab.tests.test_browser" name="test_each_registered_widget_renders[light-rack]" time="0.951" /><testcase classname="experience-lab.tests.test_browser" name="test_each_registered_widget_renders[light-wafer]" time="0.898" /><testcase classname="experience-lab.tests.test_browser" name="test_each_registered_widget_renders[light-process]" time="0.864" /><testcase classname="experience-lab.tests.test_browser" name="test_each_registered_widget_renders[light-charts]" time="0.968" /><testcase classname="experience-lab.tests.test_browser" name="test_each_registered_widget_renders[light-topology]" time="0.902" /><testcase classname="experience-lab.tests.test_browser" name="test_each_registered_widget_renders[light-traces]" time="0.911" /><testcase classname="experience-lab.tests.test_browser" name="test_each_registered_widget_renders[light-logs]" time="0.982" /><testcase classname="experience-lab.tests.test_browser" name="test_each_registered_widget_renders[light-diff]" time="0.983" /><testcase classname="experience-lab.tests.test_browser" name="test_each_registered_widget_renders[light-forms]" time="0.932" /><testcase classname="experience-lab.tests.test_browser" name="test_each_registered_widget_renders[light-windows]" time="0.939" /><testcase classname="experience-lab.tests.test_browser" name="test_each_registered_widget_renders[light-json]" time="0.841" /><testcase classname="experience-lab.tests.test_browser" name="test_each_registered_widget_renders[light-carrier]" time="0.870" /><testcase classname="experience-lab.tests.test_browser" name="test_each_registered_widget_renders[light-traveler]" time="0.893" /><testcase classname="experience-lab.tests.test_browser" name="test_each_registered_widget_renders[light-floorplan]" time="0.912" /><testcase classname="experience-lab.tests.test_browser" name="test_each_registered_widget_renders[light-permissions]" time="0.900" /><testcase classname="experience-lab.tests.test_browser" name="test_each_registered_widget_renders[light-split]" time="0.881" /><testcase classname="experience-lab.tests.test_browser" name="test_each_registered_widget_renders[light-pipeline]" time="0.845" /><testcase classname="experience-lab.tests.test_browser" name="test_each_registered_widget_renders[light-notifications]" time="0.960" /><testcase classname="experience-lab.tests.test_browser" name="test_each_registered_widget_renders[dark-tables]" time="1.058" /><testcase classname="experience-lab.tests.test_browser" name="test_each_registered_widget_renders[dark-boards]" time="1.082" /><testcase classname="experience-lab.tests.test_browser" name="test_each_registered_widget_renders[dark-gantt]" time="1.135" /><testcase classname="experience-lab.tests.test_browser" name="test_each_registered_widget_renders[dark-calendar]" time="1.106" /><testcase classname="experience-lab.tests.test_browser" name="test_each_registered_widget_renders[dark-timeline]" time="1.249" /><testcase classname="experience-lab.tests.test_browser" name="test_each_registered_widget_renders[dark-rack]" time="1.297" /><testcase classname="experience-lab.tests.test_browser" name="test_each_registered_widget_renders[dark-wafer]" time="1.265" /><testcase classname="experience-lab.tests.test_browser" name="test_each_registered_widget_renders[dark-process]" time="1.079" /><testcase classname="experience-lab.tests.test_browser" name="test_each_registered_widget_renders[dark-charts]" time="1.190" /><testcase classname="experience-lab.tests.test_browser" name="test_each_registered_widget_renders[dark-topology]" time="1.063" /><testcase classname="experience-lab.tests.test_browser" name="test_each_registered_widget_renders[dark-traces]" time="1.022" /><testcase classname="experience-lab.tests.test_browser" name="test_each_registered_widget_renders[dark-logs]" time="1.071" /><testcase classname="experience-lab.tests.test_browser" name="test_each_registered_widget_renders[dark-diff]" time="0.984" /><testcase classname="experience-lab.tests.test_browser" name="test_each_registered_widget_renders[dark-forms]" time="1.146" /><testcase classname="experience-lab.tests.test_browser" name="test_each_registered_widget_renders[dark-windows]" time="1.140" /><testcase classname="experience-lab.tests.test_browser" name="test_each_registered_widget_renders[dark-json]" time="1.131" /><testcase classname="experience-lab.tests.test_browser" name="test_each_registered_widget_renders[dark-carrier]" time="1.261" /><testcase classname="experience-lab.tests.test_browser" name="test_each_registered_widget_renders[dark-traveler]" time="1.158" /><testcase classname="experience-lab.tests.test_browser" name="test_each_registered_widget_renders[dark-floorplan]" time="1.360" /><testcase classname="experience-lab.tests.test_browser" name="test_each_registered_widget_renders[dark-permissions]" time="1.236" /><testcase classname="experience-lab.tests.test_browser" name="test_each_registered_widget_renders[dark-split]" time="1.513" /><testcase classname="experience-lab.tests.test_browser" name="test_each_registered_widget_renders[dark-pipeline]" time="1.107" /><testcase classname="experience-lab.tests.test_browser" name="test_each_registered_widget_renders[dark-notifications]" time="1.185" /><testcase classname="experience-lab.tests.test_browser" name="test_shared_loading_empty_error_contract[tables]" time="1.548" /><testcase classname="experience-lab.tests.test_browser" name="test_shared_loading_empty_error_contract[gantt]" time="1.417" /><testcase classname="experience-lab.tests.test_browser" name="test_shared_loading_empty_error_contract[rack]" time="1.316" /><testcase classname="experience-lab.tests.test_browser" name="test_shared_loading_empty_error_contract[wafer]" time="1.187" /><testcase classname="experience-lab.tests.test_browser" name="test_shared_loading_empty_error_contract[windows]" time="1.143" /><testcase classname="experience-lab.tests.test_browser" name="test_shared_loading_empty_error_contract[carrier]" time="1.488" /><testcase classname="experience-lab.tests.test_browser" name="test_shared_loading_empty_error_contract[process]" time="1.722" /><testcase classname="experience-lab.tests.test_browser" name="test_table_search_filter_sort_selection_archive" time="1.760" /><testcase classname="experience-lab.tests.test_browser" name="test_table_page_scopes_bulk_selection" time="1.185" /><testcase classname="experience-lab.tests.test_browser" name="test_table_external_text_is_escaped" time="1.024" /><testcase classname="experience-lab.tests.test_browser" name="test_board_keyboard_equivalent_and_readonly" time="1.051" /><testcase classname="experience-lab.tests.test_browser" name="test_gantt_rejects_overlap_and_applies_safe_dates" time="1.284" /><testcase classname="experience-lab.tests.test_browser" name="test_rack_rejects_collision_and_moves" time="1.171" /><testcase classname="experience-lab.tests.test_browser" name="test_wafer_filter_keyboard_and_details" time="1.548" /><testcase classname="experience-lab.tests.test_browser" name="test_calendar_add_and_month_boundary" time="1.130" /><testcase classname="experience-lab.tests.test_browser" name="test_windows_dirty_escape_focus_and_wizard_draft" time="5.809" /><testcase classname="experience-lab.tests.test_browser" name="test_all_window_types_close_and_trap_focus" time="5.525" /><testcase classname="experience-lab.tests.test_browser" name="test_theme_switch_preserves_unsaved_input" time="0.941" /><testcase classname="experience-lab.tests.test_browser" name="test_carrier_reassignment_retains_uniqueness" time="0.972" /><testcase classname="experience-lab.tests.test_browser" name="test_traveler_rejects_skipping_and_completes_step" time="1.017" /><testcase classname="experience-lab.tests.test_browser" name="test_notifications_and_permission_readonly" time="1.187" /><testcase classname="experience-lab.tests.test_browser" name="test_split_keyboard_resize" time="0.875" /><testcase classname="experience-lab.tests.test_browser" name="test_json_validates_without_execution" time="0.997" /><testcase classname="experience-lab.tests.test_browser" name="test_command_palette_and_tab_keyboard" time="1.930" /><testcase classname="experience-lab.tests.test_browser" name="test_mobile_page_has_no_document_overflow[overview]" time="1.039" /><testcase classname="experience-lab.tests.test_browser" name="test_mobile_page_has_no_document_overflow[tables]" time="1.021" /><testcase classname="experience-lab.tests.test_browser" name="test_mobile_page_has_no_document_overflow[windows]" time="0.792" /><testcase classname="experience-lab.tests.test_browser" name="test_mobile_page_has_no_document_overflow[wafer]" time="0.910" /><testcase classname="experience-lab.tests.test_browser" name="test_mobile_page_has_no_document_overflow[rack]" time="0.854" /><testcase classname="experience-lab.tests.test_browser" name="test_mobile_page_has_no_document_overflow[gantt]" time="0.878" /><testcase classname="experience-lab.tests.test_browser" name="test_mobile_page_has_no_document_overflow[carrier]" time="0.816" /><testcase classname="experience-lab.tests.test_browser" name="test_mobile_page_has_no_document_overflow[floorplan]" time="0.976" /><testcase classname="experience-lab.tests.test_browser" name="test_mobile_page_has_no_document_overflow[themes]" time="0.950" /><testcase classname="experience-lab.tests.test_browser" name="test_visual_evidence[light-overview]" time="1.164" /><testcase classname="experience-lab.tests.test_browser" name="test_visual_evidence[light-gantt]" time="1.011" /><testcase classname="experience-lab.tests.test_browser" name="test_visual_evidence[light-rack]" time="1.079" /><testcase classname="experience-lab.tests.test_browser" name="test_visual_evidence[light-wafer]" time="1.134" /><testcase classname="experience-lab.tests.test_browser" name="test_visual_evidence[light-windows]" time="0.977" /><testcase classname="experience-lab.tests.test_browser" name="test_visual_evidence[light-carrier]" time="1.149" /><testcase classname="experience-lab.tests.test_browser" name="test_visual_evidence[light-floorplan]" time="1.203" /><testcase classname="experience-lab.tests.test_browser" name="test_visual_evidence[light-themes]" time="1.137" /><testcase classname="experience-lab.tests.test_browser" name="test_visual_evidence[dark-overview]" time="1.224" /><testcase classname="experience-lab.tests.test_browser" name="test_visual_evidence[dark-gantt]" time="1.103" /><testcase classname="experience-lab.tests.test_browser" name="test_visual_evidence[dark-rack]" time="1.169" /><testcase classname="experience-lab.tests.test_browser" name="test_visual_evidence[dark-wafer]" time="1.116" /><testcase classname="experience-lab.tests.test_browser" name="test_visual_evidence[dark-windows]" time="1.091" /><testcase classname="experience-lab.tests.test_browser" name="test_visual_evidence[dark-carrier]" time="1.153" /><testcase classname="experience-lab.tests.test_browser" name="test_visual_evidence[dark-floorplan]" time="1.117" /><testcase classname="experience-lab.tests.test_browser" name="test_visual_evidence[dark-themes]" time="1.144" /><testcase classname="experience-lab.tests.test_browser" name="test_custom_presentation_without_kernel_changes" time="1.482" /><testcase classname="experience-lab.tests.test_browser" name="test_two_topologies_do_not_duplicate_svg_ids" time="1.021" /><testcase classname="experience-lab.tests.test_browser" name="test_wafer_labels_match_screen_coordinate_orientation" time="0.985" /><testcase classname="experience-lab.tests.test_browser" name="test_trace_status_uses_external_model_instead_of_success_constant" time="1.036" /></testsuite></testsuites>